#
# A fatal error has been detected by the Java Runtime Environment:
#
#  EXCEPTION_ACCESS_VIOLATION (0xc0000005) at pc=0x00007ffdc4c864da, pid=13612, tid=0x0000000000002b64
#
# JRE version: Java(TM) SE Runtime Environment (8.0_341-b10) (build 1.8.0_341-b10)
# Java VM: Java HotSpot(TM) 64-Bit Server VM (25.341-b10 mixed mode windows-amd64 compressed oops)
# Problematic frame:
# C  [ig11icd64.dll+0x5a64da]
#
# Failed to write core dump. Minidumps are not enabled by default on client versions of Windows
#
# If you would like to submit a bug report, please visit:
#   http://bugreport.java.com/bugreport/crash.jsp
#

---------------  T H R E A D  ---------------

Current thread (0x0000015960f4c800):  VMThread [stack: 0x0000002900500000,0x0000002900600000] [id=11108]

siginfo: ExceptionCode=0xc0000005, reading address 0x00000000000355f8

Registers:
RAX=0x00000159654e5ca8, RBX=0x00000159654e5b60, RCX=0x0000000000000000, RDX=0x0000015964f7e5d0
RSP=0x00000029005fe320, RBP=0x000001596541f140, RSI=0x00000159654e6128, RDI=0x0000015966a80b40
R8 =0x0000000000000014, R9 =0x0000000000000000, R10=0x0000000000000000, R11=0x0000000000000246
R12=0x0000000000000000, R13=0x0000000000000000, R14=0x0000000000000000, R15=0x00007ffdc5690500
RIP=0x00007ffdc4c864da, EFLAGS=0x0000000000010202

Top of Stack: (sp=0x00000029005fe320)
0x00000029005fe320:   0000015967558240 00000029005fe480
0x00000029005fe330:   00000029005fe368 0000005400000000
0x00000029005fe340:   00007ffdc5690580 0000000000000000
0x00000029005fe350:   00000159658ca350 0000000000000070
0x00000029005fe360:   0000000000000000 00007ffdc4c66f8a
0x00000029005fe370:   0000015967558240 0000015966a80b40
0x00000029005fe380:   00000029005fe470 0000000000000035
0x00000029005fe390:   00000029000011bc 0000000300000000
0x00000029005fe3a0:   0000000000000000 0000000300000002
0x00000029005fe3b0:   0000015900000002 00000001f46857d4
0x00000029005fe3c0:   000000297f45b000 00000000720307b9
0x00000029005fe3d0:   00000029005fe610 0000000000000000
0x00000029005fe3e0:   0000000000000000 00000029005fe6a0
0x00000029005fe3f0:   00000029005fe500 00007ffe2b26c3c8
0x00000029005fe400:   00000029005fe5c0 00000029005fe800
0x00000029005fe410:   0000000000000000 00000029005fe450 

Instructions: (pc=0x00007ffdc4c864da)
0x00007ffdc4c864ba:   0f 48 8d 04 c0 48 8d 40 20 48 8d 04 c3 48 85 c0
0x00007ffdc4c864ca:   74 0c 48 8b 48 08 eb 08 48 83 c0 08 eb ef 33 c9
0x00007ffdc4c864da:   49 3b 8e f8 55 03 00 76 51 48 8b 87 80 02 00 00
0x00007ffdc4c864ea:   48 89 06 48 89 9f 80 02 00 00 ff 87 88 02 00 00 


Register to memory mapping:

RAX=0x00000159654e5ca8 is an unknown value
RBX=0x00000159654e5b60 is an unknown value
RCX=0x0000000000000000 is an unknown value
RDX=0x0000015964f7e5d0 is an unknown value
RSP=0x00000029005fe320 is an unknown value
RBP=0x000001596541f140 is an unknown value
RSI=0x00000159654e6128 is an unknown value
RDI=0x0000015966a80b40 is an unknown value
R8 =0x0000000000000014 is an unknown value
R9 =0x0000000000000000 is an unknown value
R10=0x0000000000000000 is an unknown value
R11=0x0000000000000246 is an unknown value
R12=0x0000000000000000 is an unknown value
R13=0x0000000000000000 is an unknown value
R14=0x0000000000000000 is an unknown value
R15=0x00007ffdc5690500 is an unknown value


Stack: [0x0000002900500000,0x0000002900600000],  sp=0x00000029005fe320,  free space=1016k
Native frames: (J=compiled Java code, j=interpreted, Vv=VM code, C=native code)
C  [ig11icd64.dll+0x5a64da]
C  [ig11icd64.dll+0x586f8a]
C  [ig11icd64.dll+0x680e21]
C  [ig11icd64.dll+0x5e59fa]
C  [ig11icd64.dll+0x67d782]
C  [ig11icd64.dll+0x67d91d]
C  [ig11icd64.dll+0x582569]
C  [ig11icd64.dll+0x5823e9]
C  [ig11icd64.dll+0x5374db]
C  [ntdll.dll+0x19a1d]
C  [ntdll.dll+0x5db91]
C  [ntdll.dll+0x5da2d]
C  [KERNEL32.DLL+0x1e0ab]
C  [ucrtbase.dll+0x205bc]
C  [ucrtbase.dll+0x2045f]
V  [jvm.dll+0x20af55]
V  [jvm.dll+0x245df6]
V  [jvm.dll+0x246357]
V  [jvm.dll+0x244aa5]
V  [jvm.dll+0x24523c]
V  [jvm.dll+0x24554c]
V  [jvm.dll+0x292d2c]
C  [ucrtbase.dll+0x21bb2]
C  [KERNEL32.DLL+0x17034]
C  [ntdll.dll+0x52651]

VM_Operation (0x000000297f9fe550): Exit, mode: safepoint, requested by thread 0x000001593be4b000


---------------  P R O C E S S  ---------------

Java Threads: ( => current thread )
  0x000001597e3b1000 JavaThread "AWT-Shutdown" [_thread_blocked, id=5396, stack(0x0000002902900000,0x0000002902a00000)]
  0x000001597e3a8800 JavaThread "File IO Thread" [_thread_blocked, id=7688, stack(0x0000002902000000,0x0000002902100000)]
  0x000001597e3a7000 JavaThread "pool-4-thread-1" [_thread_blocked, id=12416, stack(0x0000002901500000,0x0000002901600000)]
  0x00000159674e2000 JavaThread "I18n-download-info-Thread" [_thread_blocked, id=10964, stack(0x0000002901f00000,0x0000002902000000)]
  0x00000159674e3800 JavaThread "Culling Thread" daemon [_thread_blocked, id=13168, stack(0x0000002901400000,0x0000002901500000)]
  0x0000015962087800 JavaThread "LWJGL Timer" daemon [_thread_blocked, id=11860, stack(0x0000002901e00000,0x0000002901f00000)]
  0x0000015962087000 JavaThread "Thread-7" [_thread_blocked, id=7896, stack(0x0000002901d00000,0x0000002901e00000)]
  0x0000015962089000 JavaThread "Java2D Disposer" daemon [_thread_blocked, id=7928, stack(0x0000002901900000,0x0000002901a00000)]
  0x0000015962084000 JavaThread "Timer hack thread" daemon [_thread_blocked, id=11664, stack(0x0000002901800000,0x0000002901900000)]
  0x0000015962086000 JavaThread "Snooper Timer" daemon [_thread_blocked, id=3440, stack(0x0000002901700000,0x0000002901800000)]
  0x0000015962083000 JavaThread "Thread-4" daemon [_thread_in_native, id=2756, stack(0x0000002901300000,0x0000002901400000)]
  0x0000015962189000 JavaThread "Thread-3" daemon [_thread_in_native, id=5212, stack(0x0000002901200000,0x0000002901300000)]
  0x0000015962109000 JavaThread "Thread-2" daemon [_thread_blocked, id=8204, stack(0x0000002901100000,0x0000002901200000)]
  0x0000015964391000 JavaThread "Thread-1" [_thread_blocked, id=1572, stack(0x0000002901000000,0x0000002901100000)]
  0x0000015961348000 JavaThread "Service Thread" daemon [_thread_blocked, id=14096, stack(0x0000002900e00000,0x0000002900f00000)]
  0x00000159612d8000 JavaThread "C1 CompilerThread2" daemon [_thread_blocked, id=9260, stack(0x0000002900d00000,0x0000002900e00000)]
  0x000001596137f800 JavaThread "C2 CompilerThread1" daemon [_thread_blocked, id=7960, stack(0x0000002900c00000,0x0000002900d00000)]
  0x0000015961259800 JavaThread "C2 CompilerThread0" daemon [_thread_blocked, id=13600, stack(0x0000002900b00000,0x0000002900c00000)]
  0x0000015960fdf000 JavaThread "Attach Listener" daemon [_thread_blocked, id=1844, stack(0x0000002900a00000,0x0000002900b00000)]
  0x0000015960fdc000 JavaThread "Signal Dispatcher" daemon [_thread_blocked, id=10992, stack(0x0000002900900000,0x0000002900a00000)]
  0x0000015960fdb800 JavaThread "Surrogate Locker Thread (Concurrent GC)" daemon [_thread_blocked, id=5148, stack(0x0000002900800000,0x0000002900900000)]
  0x0000015960f9a000 JavaThread "Finalizer" daemon [_thread_blocked, id=3860, stack(0x0000002900700000,0x0000002900800000)]
  0x0000015960f91800 JavaThread "Reference Handler" daemon [_thread_blocked, id=6604, stack(0x0000002900600000,0x0000002900700000)]
  0x000001593be4b000 JavaThread "Client thread" [_thread_blocked, id=11488, stack(0x000000297f900000,0x000000297fa00000)]

Other Threads:
=>0x0000015960f4c800 VMThread [stack: 0x0000002900500000,0x0000002900600000] [id=11108]

VM state:at safepoint (shutting down)

VM Mutex/Monitor currently owned by a thread:  ([mutex/lock_event])
[0x000001593be48500] Threads_lock - owner thread: 0x0000015960f4c800

heap address: 0x0000000618000000, size: 6784 MB, Compressed Oops mode: Zero based, Oop shift amount: 3
Narrow klass base: 0x0000000000000000, Narrow klass shift: 3
Compressed class space size: 1073741824 Address: 0x00000007c0000000

Heap:
 garbage-first heap   total 6897664K, used 1275326K [0x0000000618000000, 0x0000000619000d28, 0x00000007c0000000)
  region size 16384K, 5 young (81920K), 1 survivors (16384K)
 Metaspace       used 208409K, capacity 213215K, committed 213380K, reserved 1224704K
  class space    used 36216K, capacity 37698K, committed 37764K, reserved 1048576K

Heap Regions: (E=young(eden), S=young(survivor), O=old, HS=humongous(starts), HC=humongous(continues), CS=collection set, F=free, TS=gc time stamp, PTAMS=previous top-at-mark-start, NTAMS=next top-at-mark-start)
AC   0  O    TS     0 PTAMS 0x0000000619000000 NTAMS 0x0000000619000000 space 16384K, 100% used [0x0000000618000000, 0x0000000619000000)
AC   0  O    TS     0 PTAMS 0x000000061a000000 NTAMS 0x000000061a000000 space 16384K, 100% used [0x0000000619000000, 0x000000061a000000)
AC   0  O    TS     0 PTAMS 0x000000061b000000 NTAMS 0x000000061b000000 space 16384K, 100% used [0x000000061a000000, 0x000000061b000000)
AC   0  O    TS     0 PTAMS 0x000000061c000000 NTAMS 0x000000061c000000 space 16384K, 100% used [0x000000061b000000, 0x000000061c000000)
AC   0  O    TS     0 PTAMS 0x000000061d000000 NTAMS 0x000000061d000000 space 16384K, 100% used [0x000000061c000000, 0x000000061d000000)
AC   0  O    TS     0 PTAMS 0x000000061e000000 NTAMS 0x000000061e000000 space 16384K, 100% used [0x000000061d000000, 0x000000061e000000)
AC   0  O    TS     7 PTAMS 0x000000061e000000 NTAMS 0x000000061e000000 space 16384K, 100% used [0x000000061e000000, 0x000000061f000000)
AC   0  O    TS     5 PTAMS 0x000000061f000000 NTAMS 0x000000061f000000 space 16384K, 100% used [0x000000061f000000, 0x0000000620000000)
AC   0  O    TS     0 PTAMS 0x0000000621000000 NTAMS 0x0000000621000000 space 16384K, 100% used [0x0000000620000000, 0x0000000621000000)
AC   0  O    TS     0 PTAMS 0x0000000622000000 NTAMS 0x0000000622000000 space 16384K, 100% used [0x0000000621000000, 0x0000000622000000)
AC   0  O    TS     0 PTAMS 0x0000000623000000 NTAMS 0x0000000623000000 space 16384K, 100% used [0x0000000622000000, 0x0000000623000000)
AC   0  O    TS     0 PTAMS 0x0000000624000000 NTAMS 0x0000000624000000 space 16384K, 100% used [0x0000000623000000, 0x0000000624000000)
AC   0  O    TS     5 PTAMS 0x0000000624000000 NTAMS 0x0000000624000000 space 16384K, 100% used [0x0000000624000000, 0x0000000625000000)
AC   0  O    TS     0 PTAMS 0x0000000626000000 NTAMS 0x0000000626000000 space 16384K, 100% used [0x0000000625000000, 0x0000000626000000)
AC   0  O    TS     0 PTAMS 0x0000000627000000 NTAMS 0x0000000627000000 space 16384K, 100% used [0x0000000626000000, 0x0000000627000000)
AC   0  O    TS     0 PTAMS 0x0000000628000000 NTAMS 0x0000000628000000 space 16384K, 100% used [0x0000000627000000, 0x0000000628000000)
AC   0  O    TS     0 PTAMS 0x0000000629000000 NTAMS 0x0000000629000000 space 16384K, 100% used [0x0000000628000000, 0x0000000629000000)
AC   0  O    TS     0 PTAMS 0x000000062a000000 NTAMS 0x000000062a000000 space 16384K, 100% used [0x0000000629000000, 0x000000062a000000)
AC   0  O    TS     0 PTAMS 0x000000062b000000 NTAMS 0x000000062b000000 space 16384K, 100% used [0x000000062a000000, 0x000000062b000000)
AC   0  O    TS     0 PTAMS 0x000000062c000000 NTAMS 0x000000062c000000 space 16384K, 100% used [0x000000062b000000, 0x000000062c000000)
AC   0  O    TS     0 PTAMS 0x000000062d000000 NTAMS 0x000000062d000000 space 16384K, 100% used [0x000000062c000000, 0x000000062d000000)
AC   0  O    TS     0 PTAMS 0x000000062e000000 NTAMS 0x000000062e000000 space 16384K, 100% used [0x000000062d000000, 0x000000062e000000)
AC   0  O    TS     0 PTAMS 0x000000062f000000 NTAMS 0x000000062f000000 space 16384K, 100% used [0x000000062e000000, 0x000000062f000000)
AC   0  O    TS     0 PTAMS 0x0000000630000000 NTAMS 0x0000000630000000 space 16384K, 100% used [0x000000062f000000, 0x0000000630000000)
AC   0  O    TS    11 PTAMS 0x0000000630000000 NTAMS 0x0000000630000000 space 16384K, 100% used [0x0000000630000000, 0x0000000631000000)
AC   0  O    TS     0 PTAMS 0x0000000632000000 NTAMS 0x0000000632000000 space 16384K, 100% used [0x0000000631000000, 0x0000000632000000)
AC   0  O    TS     0 PTAMS 0x0000000633000000 NTAMS 0x0000000633000000 space 16384K, 100% used [0x0000000632000000, 0x0000000633000000)
AC   0  O    TS     0 PTAMS 0x0000000634000000 NTAMS 0x0000000634000000 space 16384K, 100% used [0x0000000633000000, 0x0000000634000000)
AC   0  O    TS     0 PTAMS 0x0000000635000000 NTAMS 0x0000000635000000 space 16384K, 100% used [0x0000000634000000, 0x0000000635000000)
AC   0  O    TS     0 PTAMS 0x0000000636000000 NTAMS 0x0000000636000000 space 16384K, 100% used [0x0000000635000000, 0x0000000636000000)
AC   0  O    TS    39 PTAMS 0x0000000636000000 NTAMS 0x0000000636000000 space 16384K, 100% used [0x0000000636000000, 0x0000000637000000)
AC   0  O    TS     0 PTAMS 0x0000000638000000 NTAMS 0x0000000638000000 space 16384K, 100% used [0x0000000637000000, 0x0000000638000000)
AC   0  O    TS     0 PTAMS 0x0000000639000000 NTAMS 0x0000000639000000 space 16384K, 100% used [0x0000000638000000, 0x0000000639000000)
AC   0  O    TS     0 PTAMS 0x000000063a000000 NTAMS 0x000000063a000000 space 16384K, 100% used [0x0000000639000000, 0x000000063a000000)
AC   0  O    TS     0 PTAMS 0x000000063b000000 NTAMS 0x000000063b000000 space 16384K, 100% used [0x000000063a000000, 0x000000063b000000)
AC   0  O    TS     0 PTAMS 0x000000063c000000 NTAMS 0x000000063c000000 space 16384K, 100% used [0x000000063b000000, 0x000000063c000000)
AC   0  O    TS     0 PTAMS 0x000000063d000000 NTAMS 0x000000063d000000 space 16384K, 100% used [0x000000063c000000, 0x000000063d000000)
AC   0  O    TS     0 PTAMS 0x000000063e000000 NTAMS 0x000000063e000000 space 16384K, 100% used [0x000000063d000000, 0x000000063e000000)
AC   0  O    TS    51 PTAMS 0x000000063e000000 NTAMS 0x000000063e000000 space 16384K, 100% used [0x000000063e000000, 0x000000063f000000)
AC   0  O    TS    53 PTAMS 0x000000063f000000 NTAMS 0x000000063f000000 space 16384K,   6% used [0x000000063f000000, 0x0000000640000000)
AC   0  F    TS     0 PTAMS 0x0000000640000000 NTAMS 0x0000000640000000 space 16384K,   0% used [0x0000000640000000, 0x0000000641000000)
AC   0  O    TS     0 PTAMS 0x0000000642000000 NTAMS 0x0000000642000000 space 16384K, 100% used [0x0000000641000000, 0x0000000642000000)
AC   0  F    TS     0 PTAMS 0x0000000642000000 NTAMS 0x0000000642000000 space 16384K,   0% used [0x0000000642000000, 0x0000000643000000)
AC   0  O    TS     0 PTAMS 0x0000000644000000 NTAMS 0x0000000644000000 space 16384K, 100% used [0x0000000643000000, 0x0000000644000000)
AC   0  O    TS     0 PTAMS 0x0000000645000000 NTAMS 0x0000000645000000 space 16384K, 100% used [0x0000000644000000, 0x0000000645000000)
AC   0  F    TS     0 PTAMS 0x0000000645000000 NTAMS 0x0000000645000000 space 16384K,   0% used [0x0000000645000000, 0x0000000646000000)
AC   0  O    TS     0 PTAMS 0x0000000647000000 NTAMS 0x0000000647000000 space 16384K, 100% used [0x0000000646000000, 0x0000000647000000)
AC   0  O    TS     5 PTAMS 0x0000000647000000 NTAMS 0x0000000647000000 space 16384K, 100% used [0x0000000647000000, 0x0000000648000000)
AC   0  O    TS     7 PTAMS 0x0000000648000000 NTAMS 0x0000000648000000 space 16384K, 100% used [0x0000000648000000, 0x0000000649000000)
AC   0  F    TS     0 PTAMS 0x0000000649000000 NTAMS 0x0000000649000000 space 16384K,   0% used [0x0000000649000000, 0x000000064a000000)
AC   0  F    TS     0 PTAMS 0x000000064a000000 NTAMS 0x000000064a000000 space 16384K,   0% used [0x000000064a000000, 0x000000064b000000)
AC   0  O    TS     3 PTAMS 0x000000064b000000 NTAMS 0x000000064b000000 space 16384K, 100% used [0x000000064b000000, 0x000000064c000000)
AC   0  F    TS     0 PTAMS 0x000000064c000000 NTAMS 0x000000064c000000 space 16384K,   0% used [0x000000064c000000, 0x000000064d000000)
AC   0  F    TS     0 PTAMS 0x000000064d000000 NTAMS 0x000000064d000000 space 16384K,   0% used [0x000000064d000000, 0x000000064e000000)
AC   0  F    TS     0 PTAMS 0x000000064e000000 NTAMS 0x000000064e000000 space 16384K,   0% used [0x000000064e000000, 0x000000064f000000)
AC   0  F    TS     0 PTAMS 0x000000064f000000 NTAMS 0x000000064f000000 space 16384K,   0% used [0x000000064f000000, 0x0000000650000000)
AC   0  F    TS     0 PTAMS 0x0000000650000000 NTAMS 0x0000000650000000 space 16384K,   0% used [0x0000000650000000, 0x0000000651000000)
AC   0  O    TS     0 PTAMS 0x0000000652000000 NTAMS 0x0000000652000000 space 16384K, 100% used [0x0000000651000000, 0x0000000652000000)
AC   0  O    TS     0 PTAMS 0x0000000653000000 NTAMS 0x0000000653000000 space 16384K, 100% used [0x0000000652000000, 0x0000000653000000)
AC   0  F    TS     0 PTAMS 0x0000000653000000 NTAMS 0x0000000653000000 space 16384K,   0% used [0x0000000653000000, 0x0000000654000000)
AC   0  F    TS     0 PTAMS 0x0000000654000000 NTAMS 0x0000000654000000 space 16384K,   0% used [0x0000000654000000, 0x0000000655000000)
AC   0  F    TS     0 PTAMS 0x0000000655000000 NTAMS 0x0000000655000000 space 16384K,   0% used [0x0000000655000000, 0x0000000656000000)
AC   0  F    TS     0 PTAMS 0x0000000656000000 NTAMS 0x0000000656000000 space 16384K,   0% used [0x0000000656000000, 0x0000000657000000)
AC   0  F    TS     0 PTAMS 0x0000000657000000 NTAMS 0x0000000657000000 space 16384K,   0% used [0x0000000657000000, 0x0000000658000000)
AC   0  F    TS     0 PTAMS 0x0000000658000000 NTAMS 0x0000000658000000 space 16384K,   0% used [0x0000000658000000, 0x0000000659000000)
AC   0  F    TS     0 PTAMS 0x0000000659000000 NTAMS 0x0000000659000000 space 16384K,   0% used [0x0000000659000000, 0x000000065a000000)
AC   0  F    TS     0 PTAMS 0x000000065a000000 NTAMS 0x000000065a000000 space 16384K,   0% used [0x000000065a000000, 0x000000065b000000)
AC   0  F    TS     0 PTAMS 0x000000065b000000 NTAMS 0x000000065b000000 space 16384K,   0% used [0x000000065b000000, 0x000000065c000000)
AC   0  F    TS     0 PTAMS 0x000000065c000000 NTAMS 0x000000065c000000 space 16384K,   0% used [0x000000065c000000, 0x000000065d000000)
AC   0  F    TS     0 PTAMS 0x000000065d000000 NTAMS 0x000000065d000000 space 16384K,   0% used [0x000000065d000000, 0x000000065e000000)
AC   0  F    TS     0 PTAMS 0x000000065e000000 NTAMS 0x000000065e000000 space 16384K,   0% used [0x000000065e000000, 0x000000065f000000)
AC   0  F    TS     0 PTAMS 0x000000065f000000 NTAMS 0x000000065f000000 space 16384K,   0% used [0x000000065f000000, 0x0000000660000000)
AC   0  F    TS     0 PTAMS 0x0000000660000000 NTAMS 0x0000000660000000 space 16384K,   0% used [0x0000000660000000, 0x0000000661000000)
AC   0  F    TS     0 PTAMS 0x0000000661000000 NTAMS 0x0000000661000000 space 16384K,   0% used [0x0000000661000000, 0x0000000662000000)
AC   0  F    TS     0 PTAMS 0x0000000662000000 NTAMS 0x0000000662000000 space 16384K,   0% used [0x0000000662000000, 0x0000000663000000)
AC   0  F    TS     0 PTAMS 0x0000000663000000 NTAMS 0x0000000663000000 space 16384K,   0% used [0x0000000663000000, 0x0000000664000000)
AC   0  F    TS     0 PTAMS 0x0000000664000000 NTAMS 0x0000000664000000 space 16384K,   0% used [0x0000000664000000, 0x0000000665000000)
AC   0  F    TS     0 PTAMS 0x0000000665000000 NTAMS 0x0000000665000000 space 16384K,   0% used [0x0000000665000000, 0x0000000666000000)
AC   0  F    TS     0 PTAMS 0x0000000666000000 NTAMS 0x0000000666000000 space 16384K,   0% used [0x0000000666000000, 0x0000000667000000)
AC   0  F    TS     0 PTAMS 0x0000000667000000 NTAMS 0x0000000667000000 space 16384K,   0% used [0x0000000667000000, 0x0000000668000000)
AC   0  F    TS     0 PTAMS 0x0000000668000000 NTAMS 0x0000000668000000 space 16384K,   0% used [0x0000000668000000, 0x0000000669000000)
AC   0  O    TS     0 PTAMS 0x000000066a000000 NTAMS 0x000000066a000000 space 16384K, 100% used [0x0000000669000000, 0x000000066a000000)
AC   0  F    TS     0 PTAMS 0x000000066a000000 NTAMS 0x000000066a000000 space 16384K,   0% used [0x000000066a000000, 0x000000066b000000)
AC   0  O    TS     0 PTAMS 0x000000066c000000 NTAMS 0x000000066c000000 space 16384K, 100% used [0x000000066b000000, 0x000000066c000000)
AC   0  F    TS     0 PTAMS 0x000000066c000000 NTAMS 0x000000066c000000 space 16384K,   0% used [0x000000066c000000, 0x000000066d000000)
AC   0  O    TS     5 PTAMS 0x000000066d000000 NTAMS 0x000000066d000000 space 16384K, 100% used [0x000000066d000000, 0x000000066e000000)
AC   0  F    TS     0 PTAMS 0x000000066e000000 NTAMS 0x000000066e000000 space 16384K,   0% used [0x000000066e000000, 0x000000066f000000)
AC   0  F    TS     0 PTAMS 0x000000066f000000 NTAMS 0x000000066f000000 space 16384K,   0% used [0x000000066f000000, 0x0000000670000000)
AC   0  F    TS     0 PTAMS 0x0000000670000000 NTAMS 0x0000000670000000 space 16384K,   0% used [0x0000000670000000, 0x0000000671000000)
AC   0  F    TS     0 PTAMS 0x0000000671000000 NTAMS 0x0000000671000000 space 16384K,   0% used [0x0000000671000000, 0x0000000672000000)
AC   0  O    TS     0 PTAMS 0x0000000673000000 NTAMS 0x0000000673000000 space 16384K, 100% used [0x0000000672000000, 0x0000000673000000)
AC   0  F    TS     0 PTAMS 0x0000000673000000 NTAMS 0x0000000673000000 space 16384K,   0% used [0x0000000673000000, 0x0000000674000000)
AC   0  O    TS     0 PTAMS 0x0000000675000000 NTAMS 0x0000000675000000 space 16384K, 100% used [0x0000000674000000, 0x0000000675000000)
AC   0  O    TS     0 PTAMS 0x0000000676000000 NTAMS 0x0000000676000000 space 16384K, 100% used [0x0000000675000000, 0x0000000676000000)
AC   0  O    TS     0 PTAMS 0x0000000677000000 NTAMS 0x0000000677000000 space 16384K, 100% used [0x0000000676000000, 0x0000000677000000)
AC   0  F    TS     0 PTAMS 0x0000000677000000 NTAMS 0x0000000677000000 space 16384K,   0% used [0x0000000677000000, 0x0000000678000000)
AC   0  O    TS     0 PTAMS 0x0000000679000000 NTAMS 0x0000000679000000 space 16384K, 100% used [0x0000000678000000, 0x0000000679000000)
AC   0  O    TS     0 PTAMS 0x000000067a000000 NTAMS 0x000000067a000000 space 16384K, 100% used [0x0000000679000000, 0x000000067a000000)
AC   0  F    TS     0 PTAMS 0x000000067a000000 NTAMS 0x000000067a000000 space 16384K,   0% used [0x000000067a000000, 0x000000067b000000)
AC   0  O    TS     0 PTAMS 0x000000067c000000 NTAMS 0x000000067c000000 space 16384K, 100% used [0x000000067b000000, 0x000000067c000000)
AC   0  O    TS     0 PTAMS 0x000000067d000000 NTAMS 0x000000067d000000 space 16384K, 100% used [0x000000067c000000, 0x000000067d000000)
AC   0  F    TS     0 PTAMS 0x000000067d000000 NTAMS 0x000000067d000000 space 16384K,   0% used [0x000000067d000000, 0x000000067e000000)
AC   0  O    TS     0 PTAMS 0x000000067f000000 NTAMS 0x000000067f000000 space 16384K, 100% used [0x000000067e000000, 0x000000067f000000)
AC   0  O    TS     0 PTAMS 0x0000000680000000 NTAMS 0x0000000680000000 space 16384K, 100% used [0x000000067f000000, 0x0000000680000000)
AC   0  O    TS     0 PTAMS 0x0000000681000000 NTAMS 0x0000000681000000 space 16384K, 100% used [0x0000000680000000, 0x0000000681000000)
AC   0  O    TS     0 PTAMS 0x0000000682000000 NTAMS 0x0000000682000000 space 16384K, 100% used [0x0000000681000000, 0x0000000682000000)
AC   0  O    TS     0 PTAMS 0x0000000683000000 NTAMS 0x0000000683000000 space 16384K, 100% used [0x0000000682000000, 0x0000000683000000)
AC   0  O    TS     0 PTAMS 0x0000000684000000 NTAMS 0x0000000684000000 space 16384K, 100% used [0x0000000683000000, 0x0000000684000000)
AC   0  O    TS     0 PTAMS 0x0000000685000000 NTAMS 0x0000000685000000 space 16384K, 100% used [0x0000000684000000, 0x0000000685000000)
AC   0  O    TS     0 PTAMS 0x0000000686000000 NTAMS 0x0000000686000000 space 16384K, 100% used [0x0000000685000000, 0x0000000686000000)
AC   0  O    TS     0 PTAMS 0x0000000687000000 NTAMS 0x0000000687000000 space 16384K, 100% used [0x0000000686000000, 0x0000000687000000)
AC   0  F    TS     0 PTAMS 0x0000000687000000 NTAMS 0x0000000687000000 space 16384K,   0% used [0x0000000687000000, 0x0000000688000000)
AC   0  F    TS     0 PTAMS 0x0000000688000000 NTAMS 0x0000000688000000 space 16384K,   0% used [0x0000000688000000, 0x0000000689000000)
AC   0  F    TS     0 PTAMS 0x0000000689000000 NTAMS 0x0000000689000000 space 16384K,   0% used [0x0000000689000000, 0x000000068a000000)
AC   0  F    TS     0 PTAMS 0x000000068a000000 NTAMS 0x000000068a000000 space 16384K,   0% used [0x000000068a000000, 0x000000068b000000)
AC   0  F    TS     0 PTAMS 0x000000068b000000 NTAMS 0x000000068b000000 space 16384K,   0% used [0x000000068b000000, 0x000000068c000000)
AC   0  O    TS     0 PTAMS 0x000000068d000000 NTAMS 0x000000068d000000 space 16384K, 100% used [0x000000068c000000, 0x000000068d000000)
AC   0  O    TS     0 PTAMS 0x000000068e000000 NTAMS 0x000000068e000000 space 16384K, 100% used [0x000000068d000000, 0x000000068e000000)
AC   0  O    TS     0 PTAMS 0x000000068f000000 NTAMS 0x000000068f000000 space 16384K, 100% used [0x000000068e000000, 0x000000068f000000)
AC   0  O    TS     0 PTAMS 0x0000000690000000 NTAMS 0x0000000690000000 space 16384K, 100% used [0x000000068f000000, 0x0000000690000000)
AC   0  O    TS     0 PTAMS 0x0000000691000000 NTAMS 0x0000000691000000 space 16384K, 100% used [0x0000000690000000, 0x0000000691000000)
AC   0  O    TS     1 PTAMS 0x00000006918c5600 NTAMS 0x00000006918c5600 space 16384K, 100% used [0x0000000691000000, 0x0000000692000000)
AC   0  F    TS     0 PTAMS 0x0000000692000000 NTAMS 0x0000000692000000 space 16384K,   0% used [0x0000000692000000, 0x0000000693000000)
AC   0  F    TS     0 PTAMS 0x0000000693000000 NTAMS 0x0000000693000000 space 16384K,   0% used [0x0000000693000000, 0x0000000694000000)
AC   0  F    TS     0 PTAMS 0x0000000694000000 NTAMS 0x0000000694000000 space 16384K,   0% used [0x0000000694000000, 0x0000000695000000)
AC   0  F    TS     0 PTAMS 0x0000000695000000 NTAMS 0x0000000695000000 space 16384K,   0% used [0x0000000695000000, 0x0000000696000000)
AC   0  F    TS     0 PTAMS 0x0000000696000000 NTAMS 0x0000000696000000 space 16384K,   0% used [0x0000000696000000, 0x0000000697000000)
AC   0  F    TS     0 PTAMS 0x0000000697000000 NTAMS 0x0000000697000000 space 16384K,   0% used [0x0000000697000000, 0x0000000698000000)
AC   0  F    TS     0 PTAMS 0x0000000698000000 NTAMS 0x0000000698000000 space 16384K,   0% used [0x0000000698000000, 0x0000000699000000)
AC   0  F    TS     0 PTAMS 0x0000000699000000 NTAMS 0x0000000699000000 space 16384K,   0% used [0x0000000699000000, 0x000000069a000000)
AC   0  F    TS     0 PTAMS 0x000000069a000000 NTAMS 0x000000069a000000 space 16384K,   0% used [0x000000069a000000, 0x000000069b000000)
AC   0  F    TS     0 PTAMS 0x000000069b000000 NTAMS 0x000000069b000000 space 16384K,   0% used [0x000000069b000000, 0x000000069c000000)
AC   0  F    TS     0 PTAMS 0x000000069c000000 NTAMS 0x000000069c000000 space 16384K,   0% used [0x000000069c000000, 0x000000069d000000)
AC   0  F    TS     0 PTAMS 0x000000069d000000 NTAMS 0x000000069d000000 space 16384K,   0% used [0x000000069d000000, 0x000000069e000000)
AC   0  F    TS     0 PTAMS 0x000000069e000000 NTAMS 0x000000069e000000 space 16384K,   0% used [0x000000069e000000, 0x000000069f000000)
AC   0  F    TS     0 PTAMS 0x000000069f000000 NTAMS 0x000000069f000000 space 16384K,   0% used [0x000000069f000000, 0x00000006a0000000)
AC   0  F    TS     0 PTAMS 0x00000006a0000000 NTAMS 0x00000006a0000000 space 16384K,   0% used [0x00000006a0000000, 0x00000006a1000000)
AC   0  F    TS     0 PTAMS 0x00000006a1000000 NTAMS 0x00000006a1000000 space 16384K,   0% used [0x00000006a1000000, 0x00000006a2000000)
AC   0  F    TS     0 PTAMS 0x00000006a2000000 NTAMS 0x00000006a2000000 space 16384K,   0% used [0x00000006a2000000, 0x00000006a3000000)
AC   0  F    TS     0 PTAMS 0x00000006a3000000 NTAMS 0x00000006a3000000 space 16384K,   0% used [0x00000006a3000000, 0x00000006a4000000)
AC   0  F    TS     0 PTAMS 0x00000006a4000000 NTAMS 0x00000006a4000000 space 16384K,   0% used [0x00000006a4000000, 0x00000006a5000000)
AC   0  F    TS     0 PTAMS 0x00000006a5000000 NTAMS 0x00000006a5000000 space 16384K,   0% used [0x00000006a5000000, 0x00000006a6000000)
AC   0  F    TS     0 PTAMS 0x00000006a6000000 NTAMS 0x00000006a6000000 space 16384K,   0% used [0x00000006a6000000, 0x00000006a7000000)
AC   0  F    TS     0 PTAMS 0x00000006a7000000 NTAMS 0x00000006a7000000 space 16384K,   0% used [0x00000006a7000000, 0x00000006a8000000)
AC   0  F    TS     0 PTAMS 0x00000006a8000000 NTAMS 0x00000006a8000000 space 16384K,   0% used [0x00000006a8000000, 0x00000006a9000000)
AC   0  F    TS     0 PTAMS 0x00000006a9000000 NTAMS 0x00000006a9000000 space 16384K,   0% used [0x00000006a9000000, 0x00000006aa000000)
AC   0  F    TS     0 PTAMS 0x00000006aa000000 NTAMS 0x00000006aa000000 space 16384K,   0% used [0x00000006aa000000, 0x00000006ab000000)
AC   0  F    TS     0 PTAMS 0x00000006ab000000 NTAMS 0x00000006ab000000 space 16384K,   0% used [0x00000006ab000000, 0x00000006ac000000)
AC   0  F    TS     0 PTAMS 0x00000006ac000000 NTAMS 0x00000006ac000000 space 16384K,   0% used [0x00000006ac000000, 0x00000006ad000000)
AC   0  F    TS     0 PTAMS 0x00000006ad000000 NTAMS 0x00000006ad000000 space 16384K,   0% used [0x00000006ad000000, 0x00000006ae000000)
AC   0  F    TS     0 PTAMS 0x00000006ae000000 NTAMS 0x00000006ae000000 space 16384K,   0% used [0x00000006ae000000, 0x00000006af000000)
AC   0  F    TS     0 PTAMS 0x00000006af000000 NTAMS 0x00000006af000000 space 16384K,   0% used [0x00000006af000000, 0x00000006b0000000)
AC   0  F    TS     0 PTAMS 0x00000006b0000000 NTAMS 0x00000006b0000000 space 16384K,   0% used [0x00000006b0000000, 0x00000006b1000000)
AC   0  F    TS     0 PTAMS 0x00000006b1000000 NTAMS 0x00000006b1000000 space 16384K,   0% used [0x00000006b1000000, 0x00000006b2000000)
AC   0  F    TS     0 PTAMS 0x00000006b2000000 NTAMS 0x00000006b2000000 space 16384K,   0% used [0x00000006b2000000, 0x00000006b3000000)
AC   0  F    TS     0 PTAMS 0x00000006b3000000 NTAMS 0x00000006b3000000 space 16384K,   0% used [0x00000006b3000000, 0x00000006b4000000)
AC   0  F    TS     0 PTAMS 0x00000006b4000000 NTAMS 0x00000006b4000000 space 16384K,   0% used [0x00000006b4000000, 0x00000006b5000000)
AC   0  F    TS     0 PTAMS 0x00000006b5000000 NTAMS 0x00000006b5000000 space 16384K,   0% used [0x00000006b5000000, 0x00000006b6000000)
AC   0  F    TS     0 PTAMS 0x00000006b6000000 NTAMS 0x00000006b6000000 space 16384K,   0% used [0x00000006b6000000, 0x00000006b7000000)
AC   0  F    TS     0 PTAMS 0x00000006b7000000 NTAMS 0x00000006b7000000 space 16384K,   0% used [0x00000006b7000000, 0x00000006b8000000)
AC   0  F    TS     0 PTAMS 0x00000006b8000000 NTAMS 0x00000006b8000000 space 16384K,   0% used [0x00000006b8000000, 0x00000006b9000000)
AC   0  F    TS     0 PTAMS 0x00000006b9000000 NTAMS 0x00000006b9000000 space 16384K,   0% used [0x00000006b9000000, 0x00000006ba000000)
AC   0  F    TS     0 PTAMS 0x00000006ba000000 NTAMS 0x00000006ba000000 space 16384K,   0% used [0x00000006ba000000, 0x00000006bb000000)
AC   0  F    TS     0 PTAMS 0x00000006bb000000 NTAMS 0x00000006bb000000 space 16384K,   0% used [0x00000006bb000000, 0x00000006bc000000)
AC   0  F    TS     0 PTAMS 0x00000006bc000000 NTAMS 0x00000006bc000000 space 16384K,   0% used [0x00000006bc000000, 0x00000006bd000000)
AC   0  F    TS     0 PTAMS 0x00000006bd000000 NTAMS 0x00000006bd000000 space 16384K,   0% used [0x00000006bd000000, 0x00000006be000000)
AC   0  F    TS     0 PTAMS 0x00000006be000000 NTAMS 0x00000006be000000 space 16384K,   0% used [0x00000006be000000, 0x00000006bf000000)
AC   0  F    TS     0 PTAMS 0x00000006bf000000 NTAMS 0x00000006bf000000 space 16384K,   0% used [0x00000006bf000000, 0x00000006c0000000)
AC   0  F    TS     0 PTAMS 0x00000006c0000000 NTAMS 0x00000006c0000000 space 16384K,   0% used [0x00000006c0000000, 0x00000006c1000000)
AC   0  F    TS     0 PTAMS 0x00000006c1000000 NTAMS 0x00000006c1000000 space 16384K,   0% used [0x00000006c1000000, 0x00000006c2000000)
AC   0  F    TS     0 PTAMS 0x00000006c2000000 NTAMS 0x00000006c2000000 space 16384K,   0% used [0x00000006c2000000, 0x00000006c3000000)
AC   0  F    TS     0 PTAMS 0x00000006c3000000 NTAMS 0x00000006c3000000 space 16384K,   0% used [0x00000006c3000000, 0x00000006c4000000)
AC   0  F    TS     0 PTAMS 0x00000006c4000000 NTAMS 0x00000006c4000000 space 16384K,   0% used [0x00000006c4000000, 0x00000006c5000000)
AC   0  F    TS     0 PTAMS 0x00000006c5000000 NTAMS 0x00000006c5000000 space 16384K,   0% used [0x00000006c5000000, 0x00000006c6000000)
AC   0  F    TS     0 PTAMS 0x00000006c6000000 NTAMS 0x00000006c6000000 space 16384K,   0% used [0x00000006c6000000, 0x00000006c7000000)
AC   0  F    TS     0 PTAMS 0x00000006c7000000 NTAMS 0x00000006c7000000 space 16384K,   0% used [0x00000006c7000000, 0x00000006c8000000)
AC   0  F    TS     0 PTAMS 0x00000006c8000000 NTAMS 0x00000006c8000000 space 16384K,   0% used [0x00000006c8000000, 0x00000006c9000000)
AC   0  F    TS     0 PTAMS 0x00000006c9000000 NTAMS 0x00000006c9000000 space 16384K,   0% used [0x00000006c9000000, 0x00000006ca000000)
AC   0  F    TS     0 PTAMS 0x00000006ca000000 NTAMS 0x00000006ca000000 space 16384K,   0% used [0x00000006ca000000, 0x00000006cb000000)
AC   0  F    TS     0 PTAMS 0x00000006cb000000 NTAMS 0x00000006cb000000 space 16384K,   0% used [0x00000006cb000000, 0x00000006cc000000)
AC   0  F    TS     0 PTAMS 0x00000006cc000000 NTAMS 0x00000006cc000000 space 16384K,   0% used [0x00000006cc000000, 0x00000006cd000000)
AC   0  F    TS     0 PTAMS 0x00000006cd000000 NTAMS 0x00000006cd000000 space 16384K,   0% used [0x00000006cd000000, 0x00000006ce000000)
AC   0  F    TS     0 PTAMS 0x00000006ce000000 NTAMS 0x00000006ce000000 space 16384K,   0% used [0x00000006ce000000, 0x00000006cf000000)
AC   0  F    TS     0 PTAMS 0x00000006cf000000 NTAMS 0x00000006cf000000 space 16384K,   0% used [0x00000006cf000000, 0x00000006d0000000)
AC   0  F    TS     0 PTAMS 0x00000006d0000000 NTAMS 0x00000006d0000000 space 16384K,   0% used [0x00000006d0000000, 0x00000006d1000000)
AC   0  F    TS     0 PTAMS 0x00000006d1000000 NTAMS 0x00000006d1000000 space 16384K,   0% used [0x00000006d1000000, 0x00000006d2000000)
AC   0  F    TS     0 PTAMS 0x00000006d2000000 NTAMS 0x00000006d2000000 space 16384K,   0% used [0x00000006d2000000, 0x00000006d3000000)
AC   0  F    TS     0 PTAMS 0x00000006d3000000 NTAMS 0x00000006d3000000 space 16384K,   0% used [0x00000006d3000000, 0x00000006d4000000)
AC   0  F    TS     0 PTAMS 0x00000006d4000000 NTAMS 0x00000006d4000000 space 16384K,   0% used [0x00000006d4000000, 0x00000006d5000000)
AC   0  F    TS     0 PTAMS 0x00000006d5000000 NTAMS 0x00000006d5000000 space 16384K,   0% used [0x00000006d5000000, 0x00000006d6000000)
AC   0  F    TS     0 PTAMS 0x00000006d6000000 NTAMS 0x00000006d6000000 space 16384K,   0% used [0x00000006d6000000, 0x00000006d7000000)
AC   0  F    TS     0 PTAMS 0x00000006d7000000 NTAMS 0x00000006d7000000 space 16384K,   0% used [0x00000006d7000000, 0x00000006d8000000)
AC   0  F    TS     0 PTAMS 0x00000006d8000000 NTAMS 0x00000006d8000000 space 16384K,   0% used [0x00000006d8000000, 0x00000006d9000000)
AC   0  F    TS     0 PTAMS 0x00000006d9000000 NTAMS 0x00000006d9000000 space 16384K,   0% used [0x00000006d9000000, 0x00000006da000000)
AC   0  F    TS     0 PTAMS 0x00000006da000000 NTAMS 0x00000006da000000 space 16384K,   0% used [0x00000006da000000, 0x00000006db000000)
AC   0  F    TS     0 PTAMS 0x00000006db000000 NTAMS 0x00000006db000000 space 16384K,   0% used [0x00000006db000000, 0x00000006dc000000)
AC   0  F    TS     0 PTAMS 0x00000006dc000000 NTAMS 0x00000006dc000000 space 16384K,   0% used [0x00000006dc000000, 0x00000006dd000000)
AC   0  F    TS     0 PTAMS 0x00000006dd000000 NTAMS 0x00000006dd000000 space 16384K,   0% used [0x00000006dd000000, 0x00000006de000000)
AC   0  F    TS     0 PTAMS 0x00000006de000000 NTAMS 0x00000006de000000 space 16384K,   0% used [0x00000006de000000, 0x00000006df000000)
AC   0  F    TS     0 PTAMS 0x00000006df000000 NTAMS 0x00000006df000000 space 16384K,   0% used [0x00000006df000000, 0x00000006e0000000)
AC   0  F    TS     0 PTAMS 0x00000006e0000000 NTAMS 0x00000006e0000000 space 16384K,   0% used [0x00000006e0000000, 0x00000006e1000000)
AC   0  F    TS     0 PTAMS 0x00000006e1000000 NTAMS 0x00000006e1000000 space 16384K,   0% used [0x00000006e1000000, 0x00000006e2000000)
AC   0  F    TS     0 PTAMS 0x00000006e2000000 NTAMS 0x00000006e2000000 space 16384K,   0% used [0x00000006e2000000, 0x00000006e3000000)
AC   0  F    TS     0 PTAMS 0x00000006e3000000 NTAMS 0x00000006e3000000 space 16384K,   0% used [0x00000006e3000000, 0x00000006e4000000)
AC   0  F    TS     0 PTAMS 0x00000006e4000000 NTAMS 0x00000006e4000000 space 16384K,   0% used [0x00000006e4000000, 0x00000006e5000000)
AC   0  F    TS     0 PTAMS 0x00000006e5000000 NTAMS 0x00000006e5000000 space 16384K,   0% used [0x00000006e5000000, 0x00000006e6000000)
AC   0  F    TS     0 PTAMS 0x00000006e6000000 NTAMS 0x00000006e6000000 space 16384K,   0% used [0x00000006e6000000, 0x00000006e7000000)
AC   0  F    TS     0 PTAMS 0x00000006e7000000 NTAMS 0x00000006e7000000 space 16384K,   0% used [0x00000006e7000000, 0x00000006e8000000)
AC   0  F    TS     0 PTAMS 0x00000006e8000000 NTAMS 0x00000006e8000000 space 16384K,   0% used [0x00000006e8000000, 0x00000006e9000000)
AC   0  F    TS     0 PTAMS 0x00000006e9000000 NTAMS 0x00000006e9000000 space 16384K,   0% used [0x00000006e9000000, 0x00000006ea000000)
AC   0  F    TS     0 PTAMS 0x00000006ea000000 NTAMS 0x00000006ea000000 space 16384K,   0% used [0x00000006ea000000, 0x00000006eb000000)
AC   0  F    TS     0 PTAMS 0x00000006eb000000 NTAMS 0x00000006eb000000 space 16384K,   0% used [0x00000006eb000000, 0x00000006ec000000)
AC   0  F    TS     0 PTAMS 0x00000006ec000000 NTAMS 0x00000006ec000000 space 16384K,   0% used [0x00000006ec000000, 0x00000006ed000000)
AC   0  F    TS     0 PTAMS 0x00000006ed000000 NTAMS 0x00000006ed000000 space 16384K,   0% used [0x00000006ed000000, 0x00000006ee000000)
AC   0  F    TS     0 PTAMS 0x00000006ee000000 NTAMS 0x00000006ee000000 space 16384K,   0% used [0x00000006ee000000, 0x00000006ef000000)
AC   0  F    TS     0 PTAMS 0x00000006ef000000 NTAMS 0x00000006ef000000 space 16384K,   0% used [0x00000006ef000000, 0x00000006f0000000)
AC   0  F    TS     0 PTAMS 0x00000006f0000000 NTAMS 0x00000006f0000000 space 16384K,   0% used [0x00000006f0000000, 0x00000006f1000000)
AC   0  F    TS     0 PTAMS 0x00000006f1000000 NTAMS 0x00000006f1000000 space 16384K,   0% used [0x00000006f1000000, 0x00000006f2000000)
AC   0  F    TS     0 PTAMS 0x00000006f2000000 NTAMS 0x00000006f2000000 space 16384K,   0% used [0x00000006f2000000, 0x00000006f3000000)
AC   0  F    TS     0 PTAMS 0x00000006f3000000 NTAMS 0x00000006f3000000 space 16384K,   0% used [0x00000006f3000000, 0x00000006f4000000)
AC   0  F    TS     0 PTAMS 0x00000006f4000000 NTAMS 0x00000006f4000000 space 16384K,   0% used [0x00000006f4000000, 0x00000006f5000000)
AC   0  F    TS     0 PTAMS 0x00000006f5000000 NTAMS 0x00000006f5000000 space 16384K,   0% used [0x00000006f5000000, 0x00000006f6000000)
AC   0  F    TS     0 PTAMS 0x00000006f6000000 NTAMS 0x00000006f6000000 space 16384K,   0% used [0x00000006f6000000, 0x00000006f7000000)
AC   0  F    TS     0 PTAMS 0x00000006f7000000 NTAMS 0x00000006f7000000 space 16384K,   0% used [0x00000006f7000000, 0x00000006f8000000)
AC   0  F    TS     0 PTAMS 0x00000006f8000000 NTAMS 0x00000006f8000000 space 16384K,   0% used [0x00000006f8000000, 0x00000006f9000000)
AC   0  F    TS     0 PTAMS 0x00000006f9000000 NTAMS 0x00000006f9000000 space 16384K,   0% used [0x00000006f9000000, 0x00000006fa000000)
AC   0  F    TS     0 PTAMS 0x00000006fa000000 NTAMS 0x00000006fa000000 space 16384K,   0% used [0x00000006fa000000, 0x00000006fb000000)
AC   0  F    TS     0 PTAMS 0x00000006fb000000 NTAMS 0x00000006fb000000 space 16384K,   0% used [0x00000006fb000000, 0x00000006fc000000)
AC   0  F    TS     0 PTAMS 0x00000006fc000000 NTAMS 0x00000006fc000000 space 16384K,   0% used [0x00000006fc000000, 0x00000006fd000000)
AC   0  F    TS     0 PTAMS 0x00000006fd000000 NTAMS 0x00000006fd000000 space 16384K,   0% used [0x00000006fd000000, 0x00000006fe000000)
AC   0  F    TS     0 PTAMS 0x00000006fe000000 NTAMS 0x00000006fe000000 space 16384K,   0% used [0x00000006fe000000, 0x00000006ff000000)
AC   0  F    TS     0 PTAMS 0x00000006ff000000 NTAMS 0x00000006ff000000 space 16384K,   0% used [0x00000006ff000000, 0x0000000700000000)
AC   0  F    TS     0 PTAMS 0x0000000700000000 NTAMS 0x0000000700000000 space 16384K,   0% used [0x0000000700000000, 0x0000000701000000)
AC   0  F    TS     0 PTAMS 0x0000000701000000 NTAMS 0x0000000701000000 space 16384K,   0% used [0x0000000701000000, 0x0000000702000000)
AC   0  F    TS     0 PTAMS 0x0000000702000000 NTAMS 0x0000000702000000 space 16384K,   0% used [0x0000000702000000, 0x0000000703000000)
AC   0  F    TS     0 PTAMS 0x0000000703000000 NTAMS 0x0000000703000000 space 16384K,   0% used [0x0000000703000000, 0x0000000704000000)
AC   0  F    TS     0 PTAMS 0x0000000704000000 NTAMS 0x0000000704000000 space 16384K,   0% used [0x0000000704000000, 0x0000000705000000)
AC   0  F    TS     0 PTAMS 0x0000000705000000 NTAMS 0x0000000705000000 space 16384K,   0% used [0x0000000705000000, 0x0000000706000000)
AC   0  F    TS     0 PTAMS 0x0000000706000000 NTAMS 0x0000000706000000 space 16384K,   0% used [0x0000000706000000, 0x0000000707000000)
AC   0  F    TS     0 PTAMS 0x0000000707000000 NTAMS 0x0000000707000000 space 16384K,   0% used [0x0000000707000000, 0x0000000708000000)
AC   0  F    TS     0 PTAMS 0x0000000708000000 NTAMS 0x0000000708000000 space 16384K,   0% used [0x0000000708000000, 0x0000000709000000)
AC   0  F    TS     0 PTAMS 0x0000000709000000 NTAMS 0x0000000709000000 space 16384K,   0% used [0x0000000709000000, 0x000000070a000000)
AC   0  F    TS     0 PTAMS 0x000000070a000000 NTAMS 0x000000070a000000 space 16384K,   0% used [0x000000070a000000, 0x000000070b000000)
AC   0  F    TS     0 PTAMS 0x000000070b000000 NTAMS 0x000000070b000000 space 16384K,   0% used [0x000000070b000000, 0x000000070c000000)
AC   0  F    TS     0 PTAMS 0x000000070c000000 NTAMS 0x000000070c000000 space 16384K,   0% used [0x000000070c000000, 0x000000070d000000)
AC   0  F    TS     0 PTAMS 0x000000070d000000 NTAMS 0x000000070d000000 space 16384K,   0% used [0x000000070d000000, 0x000000070e000000)
AC   0  F    TS     0 PTAMS 0x000000070e000000 NTAMS 0x000000070e000000 space 16384K,   0% used [0x000000070e000000, 0x000000070f000000)
AC   0  F    TS     0 PTAMS 0x000000070f000000 NTAMS 0x000000070f000000 space 16384K,   0% used [0x000000070f000000, 0x0000000710000000)
AC   0  F    TS     0 PTAMS 0x0000000710000000 NTAMS 0x0000000710000000 space 16384K,   0% used [0x0000000710000000, 0x0000000711000000)
AC   0  F    TS     0 PTAMS 0x0000000711000000 NTAMS 0x0000000711000000 space 16384K,   0% used [0x0000000711000000, 0x0000000712000000)
AC   0  F    TS     0 PTAMS 0x0000000712000000 NTAMS 0x0000000712000000 space 16384K,   0% used [0x0000000712000000, 0x0000000713000000)
AC   0  F    TS     0 PTAMS 0x0000000713000000 NTAMS 0x0000000713000000 space 16384K,   0% used [0x0000000713000000, 0x0000000714000000)
AC   0  F    TS     0 PTAMS 0x0000000714000000 NTAMS 0x0000000714000000 space 16384K,   0% used [0x0000000714000000, 0x0000000715000000)
AC   0  F    TS     0 PTAMS 0x0000000715000000 NTAMS 0x0000000715000000 space 16384K,   0% used [0x0000000715000000, 0x0000000716000000)
AC   0  F    TS     0 PTAMS 0x0000000716000000 NTAMS 0x0000000716000000 space 16384K,   0% used [0x0000000716000000, 0x0000000717000000)
AC   0  F    TS     0 PTAMS 0x0000000717000000 NTAMS 0x0000000717000000 space 16384K,   0% used [0x0000000717000000, 0x0000000718000000)
AC   0  F    TS     0 PTAMS 0x0000000718000000 NTAMS 0x0000000718000000 space 16384K,   0% used [0x0000000718000000, 0x0000000719000000)
AC   0  F    TS     0 PTAMS 0x0000000719000000 NTAMS 0x0000000719000000 space 16384K,   0% used [0x0000000719000000, 0x000000071a000000)
AC   0  F    TS     0 PTAMS 0x000000071a000000 NTAMS 0x000000071a000000 space 16384K,   0% used [0x000000071a000000, 0x000000071b000000)
AC   0  F    TS     0 PTAMS 0x000000071b000000 NTAMS 0x000000071b000000 space 16384K,   0% used [0x000000071b000000, 0x000000071c000000)
AC   0  F    TS     0 PTAMS 0x000000071c000000 NTAMS 0x000000071c000000 space 16384K,   0% used [0x000000071c000000, 0x000000071d000000)
AC   0  F    TS     0 PTAMS 0x000000071d000000 NTAMS 0x000000071d000000 space 16384K,   0% used [0x000000071d000000, 0x000000071e000000)
AC   0  F    TS     0 PTAMS 0x000000071e000000 NTAMS 0x000000071e000000 space 16384K,   0% used [0x000000071e000000, 0x000000071f000000)
AC   0  F    TS     0 PTAMS 0x000000071f000000 NTAMS 0x000000071f000000 space 16384K,   0% used [0x000000071f000000, 0x0000000720000000)
AC   0  F    TS     0 PTAMS 0x0000000720000000 NTAMS 0x0000000720000000 space 16384K,   0% used [0x0000000720000000, 0x0000000721000000)
AC   0  F    TS     0 PTAMS 0x0000000721000000 NTAMS 0x0000000721000000 space 16384K,   0% used [0x0000000721000000, 0x0000000722000000)
AC   0  F    TS     0 PTAMS 0x0000000722000000 NTAMS 0x0000000722000000 space 16384K,   0% used [0x0000000722000000, 0x0000000723000000)
AC   0  F    TS     0 PTAMS 0x0000000723000000 NTAMS 0x0000000723000000 space 16384K,   0% used [0x0000000723000000, 0x0000000724000000)
AC   0  F    TS     0 PTAMS 0x0000000724000000 NTAMS 0x0000000724000000 space 16384K,   0% used [0x0000000724000000, 0x0000000725000000)
AC   0  F    TS     0 PTAMS 0x0000000725000000 NTAMS 0x0000000725000000 space 16384K,   0% used [0x0000000725000000, 0x0000000726000000)
AC   0  F    TS     0 PTAMS 0x0000000726000000 NTAMS 0x0000000726000000 space 16384K,   0% used [0x0000000726000000, 0x0000000727000000)
AC   0  F    TS     0 PTAMS 0x0000000727000000 NTAMS 0x0000000727000000 space 16384K,   0% used [0x0000000727000000, 0x0000000728000000)
AC   0  F    TS     0 PTAMS 0x0000000728000000 NTAMS 0x0000000728000000 space 16384K,   0% used [0x0000000728000000, 0x0000000729000000)
AC   0  F    TS     0 PTAMS 0x0000000729000000 NTAMS 0x0000000729000000 space 16384K,   0% used [0x0000000729000000, 0x000000072a000000)
AC   0  F    TS     0 PTAMS 0x000000072a000000 NTAMS 0x000000072a000000 space 16384K,   0% used [0x000000072a000000, 0x000000072b000000)
AC   0  F    TS     0 PTAMS 0x000000072b000000 NTAMS 0x000000072b000000 space 16384K,   0% used [0x000000072b000000, 0x000000072c000000)
AC   0  F    TS     0 PTAMS 0x000000072c000000 NTAMS 0x000000072c000000 space 16384K,   0% used [0x000000072c000000, 0x000000072d000000)
AC   0  F    TS     0 PTAMS 0x000000072d000000 NTAMS 0x000000072d000000 space 16384K,   0% used [0x000000072d000000, 0x000000072e000000)
AC   0  F    TS     0 PTAMS 0x000000072e000000 NTAMS 0x000000072e000000 space 16384K,   0% used [0x000000072e000000, 0x000000072f000000)
AC   0  F    TS     0 PTAMS 0x000000072f000000 NTAMS 0x000000072f000000 space 16384K,   0% used [0x000000072f000000, 0x0000000730000000)
AC   0  F    TS     0 PTAMS 0x0000000730000000 NTAMS 0x0000000730000000 space 16384K,   0% used [0x0000000730000000, 0x0000000731000000)
AC   0  F    TS     0 PTAMS 0x0000000731000000 NTAMS 0x0000000731000000 space 16384K,   0% used [0x0000000731000000, 0x0000000732000000)
AC   0  F    TS     0 PTAMS 0x0000000732000000 NTAMS 0x0000000732000000 space 16384K,   0% used [0x0000000732000000, 0x0000000733000000)
AC   0  F    TS     0 PTAMS 0x0000000733000000 NTAMS 0x0000000733000000 space 16384K,   0% used [0x0000000733000000, 0x0000000734000000)
AC   0  F    TS     0 PTAMS 0x0000000734000000 NTAMS 0x0000000734000000 space 16384K,   0% used [0x0000000734000000, 0x0000000735000000)
AC   0  F    TS     0 PTAMS 0x0000000735000000 NTAMS 0x0000000735000000 space 16384K,   0% used [0x0000000735000000, 0x0000000736000000)
AC   0  F    TS     0 PTAMS 0x0000000736000000 NTAMS 0x0000000736000000 space 16384K,   0% used [0x0000000736000000, 0x0000000737000000)
AC   0  F    TS     0 PTAMS 0x0000000737000000 NTAMS 0x0000000737000000 space 16384K,   0% used [0x0000000737000000, 0x0000000738000000)
AC   0  F    TS     0 PTAMS 0x0000000738000000 NTAMS 0x0000000738000000 space 16384K,   0% used [0x0000000738000000, 0x0000000739000000)
AC   0  F    TS     0 PTAMS 0x0000000739000000 NTAMS 0x0000000739000000 space 16384K,   0% used [0x0000000739000000, 0x000000073a000000)
AC   0  F    TS     0 PTAMS 0x000000073a000000 NTAMS 0x000000073a000000 space 16384K,   0% used [0x000000073a000000, 0x000000073b000000)
AC   0  F    TS     0 PTAMS 0x000000073b000000 NTAMS 0x000000073b000000 space 16384K,   0% used [0x000000073b000000, 0x000000073c000000)
AC   0  F    TS     0 PTAMS 0x000000073c000000 NTAMS 0x000000073c000000 space 16384K,   0% used [0x000000073c000000, 0x000000073d000000)
AC   0  F    TS     0 PTAMS 0x000000073d000000 NTAMS 0x000000073d000000 space 16384K,   0% used [0x000000073d000000, 0x000000073e000000)
AC   0  F    TS     0 PTAMS 0x000000073e000000 NTAMS 0x000000073e000000 space 16384K,   0% used [0x000000073e000000, 0x000000073f000000)
AC   0  F    TS     0 PTAMS 0x000000073f000000 NTAMS 0x000000073f000000 space 16384K,   0% used [0x000000073f000000, 0x0000000740000000)
AC   0  F    TS     0 PTAMS 0x0000000740000000 NTAMS 0x0000000740000000 space 16384K,   0% used [0x0000000740000000, 0x0000000741000000)
AC   0  F    TS     0 PTAMS 0x0000000741000000 NTAMS 0x0000000741000000 space 16384K,   0% used [0x0000000741000000, 0x0000000742000000)
AC   0  F    TS     0 PTAMS 0x0000000742000000 NTAMS 0x0000000742000000 space 16384K,   0% used [0x0000000742000000, 0x0000000743000000)
AC   0  F    TS     0 PTAMS 0x0000000743000000 NTAMS 0x0000000743000000 space 16384K,   0% used [0x0000000743000000, 0x0000000744000000)
AC   0  F    TS     0 PTAMS 0x0000000744000000 NTAMS 0x0000000744000000 space 16384K,   0% used [0x0000000744000000, 0x0000000745000000)
AC   0  F    TS     0 PTAMS 0x0000000745000000 NTAMS 0x0000000745000000 space 16384K,   0% used [0x0000000745000000, 0x0000000746000000)
AC   0  F    TS     0 PTAMS 0x0000000746000000 NTAMS 0x0000000746000000 space 16384K,   0% used [0x0000000746000000, 0x0000000747000000)
AC   0  F    TS     0 PTAMS 0x0000000747000000 NTAMS 0x0000000747000000 space 16384K,   0% used [0x0000000747000000, 0x0000000748000000)
AC   0  F    TS     0 PTAMS 0x0000000748000000 NTAMS 0x0000000748000000 space 16384K,   0% used [0x0000000748000000, 0x0000000749000000)
AC   0  F    TS     0 PTAMS 0x0000000749000000 NTAMS 0x0000000749000000 space 16384K,   0% used [0x0000000749000000, 0x000000074a000000)
AC   0  F    TS     0 PTAMS 0x000000074a000000 NTAMS 0x000000074a000000 space 16384K,   0% used [0x000000074a000000, 0x000000074b000000)
AC   0  F    TS     0 PTAMS 0x000000074b000000 NTAMS 0x000000074b000000 space 16384K,   0% used [0x000000074b000000, 0x000000074c000000)
AC   0  F    TS     0 PTAMS 0x000000074c000000 NTAMS 0x000000074c000000 space 16384K,   0% used [0x000000074c000000, 0x000000074d000000)
AC   0  F    TS     0 PTAMS 0x000000074d000000 NTAMS 0x000000074d000000 space 16384K,   0% used [0x000000074d000000, 0x000000074e000000)
AC   0  F    TS     0 PTAMS 0x000000074e000000 NTAMS 0x000000074e000000 space 16384K,   0% used [0x000000074e000000, 0x000000074f000000)
AC   0  F    TS     0 PTAMS 0x000000074f000000 NTAMS 0x000000074f000000 space 16384K,   0% used [0x000000074f000000, 0x0000000750000000)
AC   0  F    TS     0 PTAMS 0x0000000750000000 NTAMS 0x0000000750000000 space 16384K,   0% used [0x0000000750000000, 0x0000000751000000)
AC   0  F    TS     0 PTAMS 0x0000000751000000 NTAMS 0x0000000751000000 space 16384K,   0% used [0x0000000751000000, 0x0000000752000000)
AC   0  F    TS     0 PTAMS 0x0000000752000000 NTAMS 0x0000000752000000 space 16384K,   0% used [0x0000000752000000, 0x0000000753000000)
AC   0  F    TS     0 PTAMS 0x0000000753000000 NTAMS 0x0000000753000000 space 16384K,   0% used [0x0000000753000000, 0x0000000754000000)
AC   0  F    TS     0 PTAMS 0x0000000754000000 NTAMS 0x0000000754000000 space 16384K,   0% used [0x0000000754000000, 0x0000000755000000)
AC   0  F    TS     0 PTAMS 0x0000000755000000 NTAMS 0x0000000755000000 space 16384K,   0% used [0x0000000755000000, 0x0000000756000000)
AC   0  F    TS     0 PTAMS 0x0000000756000000 NTAMS 0x0000000756000000 space 16384K,   0% used [0x0000000756000000, 0x0000000757000000)
AC   0  F    TS     0 PTAMS 0x0000000757000000 NTAMS 0x0000000757000000 space 16384K,   0% used [0x0000000757000000, 0x0000000758000000)
AC   0  F    TS     0 PTAMS 0x0000000758000000 NTAMS 0x0000000758000000 space 16384K,   0% used [0x0000000758000000, 0x0000000759000000)
AC   0  F    TS     0 PTAMS 0x0000000759000000 NTAMS 0x0000000759000000 space 16384K,   0% used [0x0000000759000000, 0x000000075a000000)
AC   0  F    TS     0 PTAMS 0x000000075a000000 NTAMS 0x000000075a000000 space 16384K,   0% used [0x000000075a000000, 0x000000075b000000)
AC   0  F    TS     0 PTAMS 0x000000075b000000 NTAMS 0x000000075b000000 space 16384K,   0% used [0x000000075b000000, 0x000000075c000000)
AC   0  F    TS     0 PTAMS 0x000000075c000000 NTAMS 0x000000075c000000 space 16384K,   0% used [0x000000075c000000, 0x000000075d000000)
AC   0  F    TS     0 PTAMS 0x000000075d000000 NTAMS 0x000000075d000000 space 16384K,   0% used [0x000000075d000000, 0x000000075e000000)
AC   0  F    TS     0 PTAMS 0x000000075e000000 NTAMS 0x000000075e000000 space 16384K,   0% used [0x000000075e000000, 0x000000075f000000)
AC   0  F    TS     0 PTAMS 0x000000075f000000 NTAMS 0x000000075f000000 space 16384K,   0% used [0x000000075f000000, 0x0000000760000000)
AC   0  F    TS     0 PTAMS 0x0000000760000000 NTAMS 0x0000000760000000 space 16384K,   0% used [0x0000000760000000, 0x0000000761000000)
AC   0  F    TS     0 PTAMS 0x0000000761000000 NTAMS 0x0000000761000000 space 16384K,   0% used [0x0000000761000000, 0x0000000762000000)
AC   0  F    TS     0 PTAMS 0x0000000762000000 NTAMS 0x0000000762000000 space 16384K,   0% used [0x0000000762000000, 0x0000000763000000)
AC   0  F    TS     0 PTAMS 0x0000000763000000 NTAMS 0x0000000763000000 space 16384K,   0% used [0x0000000763000000, 0x0000000764000000)
AC   0  F    TS     0 PTAMS 0x0000000764000000 NTAMS 0x0000000764000000 space 16384K,   0% used [0x0000000764000000, 0x0000000765000000)
AC   0  F    TS     0 PTAMS 0x0000000765000000 NTAMS 0x0000000765000000 space 16384K,   0% used [0x0000000765000000, 0x0000000766000000)
AC   0  F    TS     0 PTAMS 0x0000000766000000 NTAMS 0x0000000766000000 space 16384K,   0% used [0x0000000766000000, 0x0000000767000000)
AC   0  F    TS     0 PTAMS 0x0000000767000000 NTAMS 0x0000000767000000 space 16384K,   0% used [0x0000000767000000, 0x0000000768000000)
AC   0  F    TS     0 PTAMS 0x0000000768000000 NTAMS 0x0000000768000000 space 16384K,   0% used [0x0000000768000000, 0x0000000769000000)
AC   0  F    TS     0 PTAMS 0x0000000769000000 NTAMS 0x0000000769000000 space 16384K,   0% used [0x0000000769000000, 0x000000076a000000)
AC   0  F    TS     0 PTAMS 0x000000076a000000 NTAMS 0x000000076a000000 space 16384K,   0% used [0x000000076a000000, 0x000000076b000000)
AC   0  F    TS     0 PTAMS 0x000000076b000000 NTAMS 0x000000076b000000 space 16384K,   0% used [0x000000076b000000, 0x000000076c000000)
AC   0  F    TS     0 PTAMS 0x000000076c000000 NTAMS 0x000000076c000000 space 16384K,   0% used [0x000000076c000000, 0x000000076d000000)
AC   0  F    TS     0 PTAMS 0x000000076d000000 NTAMS 0x000000076d000000 space 16384K,   0% used [0x000000076d000000, 0x000000076e000000)
AC   0  F    TS     0 PTAMS 0x000000076e000000 NTAMS 0x000000076e000000 space 16384K,   0% used [0x000000076e000000, 0x000000076f000000)
AC   0  F    TS     0 PTAMS 0x000000076f000000 NTAMS 0x000000076f000000 space 16384K,   0% used [0x000000076f000000, 0x0000000770000000)
AC   0  F    TS     0 PTAMS 0x0000000770000000 NTAMS 0x0000000770000000 space 16384K,   0% used [0x0000000770000000, 0x0000000771000000)
AC   0  F    TS     0 PTAMS 0x0000000771000000 NTAMS 0x0000000771000000 space 16384K,   0% used [0x0000000771000000, 0x0000000772000000)
AC   0  F    TS     0 PTAMS 0x0000000772000000 NTAMS 0x0000000772000000 space 16384K,   0% used [0x0000000772000000, 0x0000000773000000)
AC   0  F    TS     0 PTAMS 0x0000000773000000 NTAMS 0x0000000773000000 space 16384K,   0% used [0x0000000773000000, 0x0000000774000000)
AC   0  F    TS     0 PTAMS 0x0000000774000000 NTAMS 0x0000000774000000 space 16384K,   0% used [0x0000000774000000, 0x0000000775000000)
AC   0  F    TS     0 PTAMS 0x0000000775000000 NTAMS 0x0000000775000000 space 16384K,   0% used [0x0000000775000000, 0x0000000776000000)
AC   0  F    TS     0 PTAMS 0x0000000776000000 NTAMS 0x0000000776000000 space 16384K,   0% used [0x0000000776000000, 0x0000000777000000)
AC   0  F    TS     0 PTAMS 0x0000000777000000 NTAMS 0x0000000777000000 space 16384K,   0% used [0x0000000777000000, 0x0000000778000000)
AC   0  F    TS     0 PTAMS 0x0000000778000000 NTAMS 0x0000000778000000 space 16384K,   0% used [0x0000000778000000, 0x0000000779000000)
AC   0  F    TS     0 PTAMS 0x0000000779000000 NTAMS 0x0000000779000000 space 16384K,   0% used [0x0000000779000000, 0x000000077a000000)
AC   0  F    TS     0 PTAMS 0x000000077a000000 NTAMS 0x000000077a000000 space 16384K,   0% used [0x000000077a000000, 0x000000077b000000)
AC   0  F    TS     0 PTAMS 0x000000077b000000 NTAMS 0x000000077b000000 space 16384K,   0% used [0x000000077b000000, 0x000000077c000000)
AC   0  F    TS     0 PTAMS 0x000000077c000000 NTAMS 0x000000077c000000 space 16384K,   0% used [0x000000077c000000, 0x000000077d000000)
AC   0  F    TS     0 PTAMS 0x000000077d000000 NTAMS 0x000000077d000000 space 16384K,   0% used [0x000000077d000000, 0x000000077e000000)
AC   0  F    TS     0 PTAMS 0x000000077e000000 NTAMS 0x000000077e000000 space 16384K,   0% used [0x000000077e000000, 0x000000077f000000)
AC   0  F    TS     0 PTAMS 0x000000077f000000 NTAMS 0x000000077f000000 space 16384K,   0% used [0x000000077f000000, 0x0000000780000000)
AC   0  F    TS     0 PTAMS 0x0000000780000000 NTAMS 0x0000000780000000 space 16384K,   0% used [0x0000000780000000, 0x0000000781000000)
AC   0  F    TS     0 PTAMS 0x0000000781000000 NTAMS 0x0000000781000000 space 16384K,   0% used [0x0000000781000000, 0x0000000782000000)
AC   0  F    TS     0 PTAMS 0x0000000782000000 NTAMS 0x0000000782000000 space 16384K,   0% used [0x0000000782000000, 0x0000000783000000)
AC   0  F    TS     0 PTAMS 0x0000000783000000 NTAMS 0x0000000783000000 space 16384K,   0% used [0x0000000783000000, 0x0000000784000000)
AC   0  F    TS     0 PTAMS 0x0000000784000000 NTAMS 0x0000000784000000 space 16384K,   0% used [0x0000000784000000, 0x0000000785000000)
AC   0  F    TS     0 PTAMS 0x0000000785000000 NTAMS 0x0000000785000000 space 16384K,   0% used [0x0000000785000000, 0x0000000786000000)
AC   0  F    TS     0 PTAMS 0x0000000786000000 NTAMS 0x0000000786000000 space 16384K,   0% used [0x0000000786000000, 0x0000000787000000)
AC   0  F    TS     0 PTAMS 0x0000000787000000 NTAMS 0x0000000787000000 space 16384K,   0% used [0x0000000787000000, 0x0000000788000000)
AC   0  F    TS     0 PTAMS 0x0000000788000000 NTAMS 0x0000000788000000 space 16384K,   0% used [0x0000000788000000, 0x0000000789000000)
AC   0  F    TS     0 PTAMS 0x0000000789000000 NTAMS 0x0000000789000000 space 16384K,   0% used [0x0000000789000000, 0x000000078a000000)
AC   0  F    TS     0 PTAMS 0x000000078a000000 NTAMS 0x000000078a000000 space 16384K,   0% used [0x000000078a000000, 0x000000078b000000)
AC   0  F    TS     0 PTAMS 0x000000078b000000 NTAMS 0x000000078b000000 space 16384K,   0% used [0x000000078b000000, 0x000000078c000000)
AC   0  F    TS     0 PTAMS 0x000000078c000000 NTAMS 0x000000078c000000 space 16384K,   0% used [0x000000078c000000, 0x000000078d000000)
AC   0  F    TS     0 PTAMS 0x000000078d000000 NTAMS 0x000000078d000000 space 16384K,   0% used [0x000000078d000000, 0x000000078e000000)
AC   0  F    TS     0 PTAMS 0x000000078e000000 NTAMS 0x000000078e000000 space 16384K,   0% used [0x000000078e000000, 0x000000078f000000)
AC   0  F    TS     0 PTAMS 0x000000078f000000 NTAMS 0x000000078f000000 space 16384K,   0% used [0x000000078f000000, 0x0000000790000000)
AC   0  F    TS     0 PTAMS 0x0000000790000000 NTAMS 0x0000000790000000 space 16384K,   0% used [0x0000000790000000, 0x0000000791000000)
AC   0  F    TS     0 PTAMS 0x0000000791000000 NTAMS 0x0000000791000000 space 16384K,   0% used [0x0000000791000000, 0x0000000792000000)
AC   0  F    TS     0 PTAMS 0x0000000792000000 NTAMS 0x0000000792000000 space 16384K,   0% used [0x0000000792000000, 0x0000000793000000)
AC   0  F    TS     0 PTAMS 0x0000000793000000 NTAMS 0x0000000793000000 space 16384K,   0% used [0x0000000793000000, 0x0000000794000000)
AC   0  F    TS     0 PTAMS 0x0000000794000000 NTAMS 0x0000000794000000 space 16384K,   0% used [0x0000000794000000, 0x0000000795000000)
AC   0  F    TS     0 PTAMS 0x0000000795000000 NTAMS 0x0000000795000000 space 16384K,   0% used [0x0000000795000000, 0x0000000796000000)
AC   0  F    TS     0 PTAMS 0x0000000796000000 NTAMS 0x0000000796000000 space 16384K,   0% used [0x0000000796000000, 0x0000000797000000)
AC   0  F    TS     0 PTAMS 0x0000000797000000 NTAMS 0x0000000797000000 space 16384K,   0% used [0x0000000797000000, 0x0000000798000000)
AC   0  F    TS     0 PTAMS 0x0000000798000000 NTAMS 0x0000000798000000 space 16384K,   0% used [0x0000000798000000, 0x0000000799000000)
AC   0  F    TS     0 PTAMS 0x0000000799000000 NTAMS 0x0000000799000000 space 16384K,   0% used [0x0000000799000000, 0x000000079a000000)
AC   0  F    TS     0 PTAMS 0x000000079a000000 NTAMS 0x000000079a000000 space 16384K,   0% used [0x000000079a000000, 0x000000079b000000)
AC   0  F    TS     0 PTAMS 0x000000079b000000 NTAMS 0x000000079b000000 space 16384K,   0% used [0x000000079b000000, 0x000000079c000000)
AC   0  F    TS     0 PTAMS 0x000000079c000000 NTAMS 0x000000079c000000 space 16384K,   0% used [0x000000079c000000, 0x000000079d000000)
AC   0  F    TS     0 PTAMS 0x000000079d000000 NTAMS 0x000000079d000000 space 16384K,   0% used [0x000000079d000000, 0x000000079e000000)
AC   0  F    TS     0 PTAMS 0x000000079e000000 NTAMS 0x000000079e000000 space 16384K,   0% used [0x000000079e000000, 0x000000079f000000)
AC   0  F    TS     0 PTAMS 0x000000079f000000 NTAMS 0x000000079f000000 space 16384K,   0% used [0x000000079f000000, 0x00000007a0000000)
AC   0  F    TS     0 PTAMS 0x00000007a0000000 NTAMS 0x00000007a0000000 space 16384K,   0% used [0x00000007a0000000, 0x00000007a1000000)
AC   0  F    TS     0 PTAMS 0x00000007a1000000 NTAMS 0x00000007a1000000 space 16384K,   0% used [0x00000007a1000000, 0x00000007a2000000)
AC   0  F    TS     0 PTAMS 0x00000007a2000000 NTAMS 0x00000007a2000000 space 16384K,   0% used [0x00000007a2000000, 0x00000007a3000000)
AC   0  F    TS     0 PTAMS 0x00000007a3000000 NTAMS 0x00000007a3000000 space 16384K,   0% used [0x00000007a3000000, 0x00000007a4000000)
AC   0  F    TS     0 PTAMS 0x00000007a4000000 NTAMS 0x00000007a4000000 space 16384K,   0% used [0x00000007a4000000, 0x00000007a5000000)
AC   0  F    TS     0 PTAMS 0x00000007a5000000 NTAMS 0x00000007a5000000 space 16384K,   0% used [0x00000007a5000000, 0x00000007a6000000)
AC   0  F    TS     0 PTAMS 0x00000007a6000000 NTAMS 0x00000007a6000000 space 16384K,   0% used [0x00000007a6000000, 0x00000007a7000000)
AC   0  F    TS     0 PTAMS 0x00000007a7000000 NTAMS 0x00000007a7000000 space 16384K,   0% used [0x00000007a7000000, 0x00000007a8000000)
AC   0  F    TS     0 PTAMS 0x00000007a8000000 NTAMS 0x00000007a8000000 space 16384K,   0% used [0x00000007a8000000, 0x00000007a9000000)
AC   0  F    TS     0 PTAMS 0x00000007a9000000 NTAMS 0x00000007a9000000 space 16384K,   0% used [0x00000007a9000000, 0x00000007aa000000)
AC   0  F    TS     0 PTAMS 0x00000007aa000000 NTAMS 0x00000007aa000000 space 16384K,   0% used [0x00000007aa000000, 0x00000007ab000000)
AC   0  F    TS     0 PTAMS 0x00000007ab000000 NTAMS 0x00000007ab000000 space 16384K,   0% used [0x00000007ab000000, 0x00000007ac000000)
AC   0  F    TS     0 PTAMS 0x00000007ac000000 NTAMS 0x00000007ac000000 space 16384K,   0% used [0x00000007ac000000, 0x00000007ad000000)
AC   0  F    TS     0 PTAMS 0x00000007ad000000 NTAMS 0x00000007ad000000 space 16384K,   0% used [0x00000007ad000000, 0x00000007ae000000)
AC   0  F    TS     0 PTAMS 0x00000007ae000000 NTAMS 0x00000007ae000000 space 16384K,   0% used [0x00000007ae000000, 0x00000007af000000)
AC   0  F    TS     0 PTAMS 0x00000007af000000 NTAMS 0x00000007af000000 space 16384K,   0% used [0x00000007af000000, 0x00000007b0000000)
AC   0  F    TS     0 PTAMS 0x00000007b0000000 NTAMS 0x00000007b0000000 space 16384K,   0% used [0x00000007b0000000, 0x00000007b1000000)
AC   0  F    TS     0 PTAMS 0x00000007b1000000 NTAMS 0x00000007b1000000 space 16384K,   0% used [0x00000007b1000000, 0x00000007b2000000)
AC   0  F    TS     0 PTAMS 0x00000007b2000000 NTAMS 0x00000007b2000000 space 16384K,   0% used [0x00000007b2000000, 0x00000007b3000000)
AC   0  F    TS     0 PTAMS 0x00000007b3000000 NTAMS 0x00000007b3000000 space 16384K,   0% used [0x00000007b3000000, 0x00000007b4000000)
AC   0  F    TS    51 PTAMS 0x00000007b4000000 NTAMS 0x00000007b4000000 space 16384K,   0% used [0x00000007b4000000, 0x00000007b5000000)
AC   0  S CS TS    53 PTAMS 0x00000007b5000000 NTAMS 0x00000007b5000000 space 16384K,  77% used [0x00000007b5000000, 0x00000007b6000000)
AC   0  F    TS     0 PTAMS 0x00000007b6000000 NTAMS 0x00000007b6000000 space 16384K,   0% used [0x00000007b6000000, 0x00000007b7000000)
AC   0  F    TS     0 PTAMS 0x00000007b7000000 NTAMS 0x00000007b7000000 space 16384K,   0% used [0x00000007b7000000, 0x00000007b8000000)
AC   0  F    TS     0 PTAMS 0x00000007b8000000 NTAMS 0x00000007b8000000 space 16384K,   0% used [0x00000007b8000000, 0x00000007b9000000)
AC   0  E    TS     0 PTAMS 0x00000007b9000000 NTAMS 0x00000007b9000000 space 16384K,   3% used [0x00000007b9000000, 0x00000007ba000000)
AC   0  E CS TS     0 PTAMS 0x00000007ba000000 NTAMS 0x00000007ba000000 space 16384K, 100% used [0x00000007ba000000, 0x00000007bb000000)
AC   0  E CS TS     0 PTAMS 0x00000007bb000000 NTAMS 0x00000007bb000000 space 16384K, 100% used [0x00000007bb000000, 0x00000007bc000000)
AC   0  E CS TS     0 PTAMS 0x00000007bc000000 NTAMS 0x00000007bc000000 space 16384K, 100% used [0x00000007bc000000, 0x00000007bd000000)

Card table byte_map: [0x000001594ea50000,0x000001594f790000] byte_map_base: 0x000001594b990000

Marking Bits (Prev, Next): (CMBitMap*) 0x000001593bec2f70, (CMBitMap*) 0x000001593bec2f18
 Prev Bits: [0x0000015956ed0000, 0x000001595d8d0000)
 Next Bits: [0x00000159504d0000, 0x0000015956ed0000)

Polling page: 0x000001593bf50000

CodeCache: size=245760Kb used=40646Kb max_used=40830Kb free=205113Kb
 bounds [0x000001593d7d0000, 0x0000015940000000, 0x000001594c7d0000]
 total_blobs=12399 nmethods=10896 adapters=1415
 compilation: enabled

Compilation events (10 events):
Event: 236.136 Thread 0x00000159612d8000 nmethod 16302 0x000001593df07190 code [0x000001593df072e0, 0x000001593df07518]
Event: 236.137 Thread 0x00000159612d8000 16304       3       org.apache.logging.log4j.core.Logger::updateConfiguration (15 bytes)
Event: 236.137 Thread 0x00000159612d8000 nmethod 16304 0x000001593fabb8d0 code [0x000001593fabba40, 0x000001593fabbcb0]
Event: 236.137 Thread 0x00000159612d8000 16305       3       java.util.TreeMap$KeySet::iterator (32 bytes)
Event: 236.137 Thread 0x00000159612d8000 nmethod 16305 0x000001593fabab50 code [0x000001593fabad20, 0x000001593fabb600]
Event: 236.138 Thread 0x00000159612d8000 16307       3       java.util.TreeMap$KeyIterator::<init> (12 bytes)
Event: 236.138 Thread 0x00000159612d8000 nmethod 16307 0x000001593e08b910 code [0x000001593e08ba80, 0x000001593e08be18]
Event: 236.138 Thread 0x00000159612d8000 16306       3       java.util.TreeMap::keyIterator (13 bytes)
Event: 236.138 Thread 0x0000015961259800 nmethod 16301 0x000001593e08b390 code [0x000001593e08b4e0, 0x000001593e08b7c8]
Event: 236.138 Thread 0x00000159612d8000 nmethod 16306 0x000001593fa38f10 code [0x000001593fa390a0, 0x000001593fa396b8]

GC Heap History (10 events):
Event: 233.523 GC heap before
{Heap before GC invocations=580 (full 0):
 garbage-first heap   total 6897664K, used 1333069K [0x0000000618000000, 0x0000000619000d28, 0x00000007c0000000)
  region size 16384K, 8 young (131072K), 1 survivors (16384K)
 Metaspace       used 206568K, capacity 211323K, committed 211588K, reserved 1222656K
  class space    used 35906K, capacity 37384K, committed 37508K, reserved 1048576K
Event: 233.539 GC heap after
Heap after GC invocations=581 (full 0):
 garbage-first heap   total 6897664K, used 1219137K [0x0000000618000000, 0x0000000619000d28, 0x00000007c0000000)
  region size 16384K, 1 young (16384K), 1 survivors (16384K)
 Metaspace       used 206568K, capacity 211323K, committed 211588K, reserved 1222656K
  class space    used 35906K, capacity 37384K, committed 37508K, reserved 1048576K
}
Event: 234.078 GC heap before
{Heap before GC invocations=581 (full 0):
 garbage-first heap   total 6897664K, used 1333825K [0x0000000618000000, 0x0000000619000d28, 0x00000007c0000000)
  region size 16384K, 8 young (131072K), 1 survivors (16384K)
 Metaspace       used 207083K, capacity 211847K, committed 212100K, reserved 1224704K
  class space    used 35978K, capacity 37450K, committed 37508K, reserved 1048576K
Event: 234.093 GC heap after
Heap after GC invocations=582 (full 0):
 garbage-first heap   total 6897664K, used 1223943K [0x0000000618000000, 0x0000000619000d28, 0x00000007c0000000)
  region size 16384K, 1 young (16384K), 1 survivors (16384K)
 Metaspace       used 207083K, capacity 211847K, committed 212100K, reserved 1224704K
  class space    used 35978K, capacity 37450K, committed 37508K, reserved 1048576K
}
Event: 234.745 GC heap before
{Heap before GC invocations=582 (full 0):
 garbage-first heap   total 6897664K, used 1338631K [0x0000000618000000, 0x0000000619000d28, 0x00000007c0000000)
  region size 16384K, 8 young (131072K), 1 survivors (16384K)
 Metaspace       used 207440K, capacity 212259K, committed 212356K, reserved 1224704K
  class space    used 36033K, capacity 37496K, committed 37508K, reserved 1048576K
Event: 234.760 GC heap after
Heap after GC invocations=583 (full 0):
 garbage-first heap   total 6897664K, used 1225385K [0x0000000618000000, 0x0000000619000d28, 0x00000007c0000000)
  region size 16384K, 1 young (16384K), 1 survivors (16384K)
 Metaspace       used 207440K, capacity 212259K, committed 212356K, reserved 1224704K
  class space    used 36033K, capacity 37496K, committed 37508K, reserved 1048576K
}
Event: 235.149 GC heap before
{Heap before GC invocations=583 (full 0):
 garbage-first heap   total 6897664K, used 1340073K [0x0000000618000000, 0x0000000619000d28, 0x00000007c0000000)
  region size 16384K, 8 young (131072K), 1 survivors (16384K)
 Metaspace       used 207715K, capacity 212527K, committed 212740K, reserved 1224704K
  class space    used 36096K, capacity 37562K, committed 37636K, reserved 1048576K
Event: 235.163 GC heap after
Heap after GC invocations=584 (full 0):
 garbage-first heap   total 6897664K, used 1225744K [0x0000000618000000, 0x0000000619000d28, 0x00000007c0000000)
  region size 16384K, 1 young (16384K), 1 survivors (16384K)
 Metaspace       used 207715K, capacity 212527K, committed 212740K, reserved 1224704K
  class space    used 36096K, capacity 37562K, committed 37636K, reserved 1048576K
}
Event: 235.498 GC heap before
{Heap before GC invocations=584 (full 0):
 garbage-first heap   total 6897664K, used 1340432K [0x0000000618000000, 0x0000000619000d28, 0x00000007c0000000)
  region size 16384K, 8 young (131072K), 1 survivors (16384K)
 Metaspace       used 208126K, capacity 212923K, committed 212996K, reserved 1224704K
  class space    used 36170K, capacity 37628K, committed 37636K, reserved 1048576K
Event: 235.511 GC heap after
Heap after GC invocations=585 (full 0):
 garbage-first heap   total 6897664K, used 1226174K [0x0000000618000000, 0x0000000619000d28, 0x00000007c0000000)
  region size 16384K, 1 young (16384K), 1 survivors (16384K)
 Metaspace       used 208126K, capacity 212923K, committed 212996K, reserved 1224704K
  class space    used 36170K, capacity 37628K, committed 37636K, reserved 1048576K
}

Deoptimization events (10 events):
Event: 235.695 Thread 0x000001593be4b000 Uncommon trap: reason=null_check action=none pc=0x000001593ef7b6ac method=sun.misc.URLClassPath.check(Ljava/net/URL;)V @ 14
Event: 235.695 Thread 0x000001593be4b000 Uncommon trap: reason=null_check action=maybe_recompile pc=0x000001593f4a6194 method=java.util.Properties$LineReader.readLine()I @ 48
Event: 235.697 Thread 0x000001593be4b000 Uncommon trap: reason=bimorphic action=maybe_recompile pc=0x000001593e2485c0 method=com.google.common.collect.ImmutableList.copyOf(Ljava/util/Collection;)Lcom/google/common/collect/ImmutableList; @ 11
Event: 235.736 Thread 0x000001593be4b000 Uncommon trap: reason=unstable_if action=reinterpret pc=0x000001593e8c5a7c method=java.lang.String.concat(Ljava/lang/String;)Ljava/lang/String; @ 4
Event: 235.736 Thread 0x000001593be4b000 Uncommon trap: reason=unstable_if action=reinterpret pc=0x000001593e3acd9c method=java.lang.String.concat(Ljava/lang/String;)Ljava/lang/String; @ 4
Event: 235.761 Thread 0x000001593be4b000 Uncommon trap: reason=null_check action=none pc=0x000001593ef7b6ac method=sun.misc.URLClassPath.check(Ljava/net/URL;)V @ 14
Event: 235.763 Thread 0x000001593be4b000 Uncommon trap: reason=null_check action=none pc=0x000001593ef7b6ac method=sun.misc.URLClassPath.check(Ljava/net/URL;)V @ 14
Event: 235.951 Thread 0x000001593be4b000 Uncommon trap: reason=unstable_if action=reinterpret pc=0x000001593edd5b84 method=java.nio.charset.CharsetEncoder.encode(Ljava/nio/CharBuffer;Ljava/nio/ByteBuffer;Z)Ljava/nio/charset/CoderResult; @ 23
Event: 236.117 Thread 0x000001593be4b000 Uncommon trap: reason=unstable_if action=reinterpret pc=0x000001593e0764d0 method=net.minecraftforge.fml.relauncher.FMLSecurityManager.checkPermission(Ljava/security/Permission;)V @ 23
Event: 236.136 Thread 0x000001597e3ad000 Uncommon trap: reason=unstable_if action=reinterpret pc=0x000001593f8297d0 method=org.apache.logging.log4j.core.appender.OutputStreamManager.flushBuffer(Ljava/nio/ByteBuffer;)V @ 9

Classes redefined (0 events):
No events

Internal exceptions (10 events):
Event: 211.292 Thread 0x000001593be4b000 Exception <a 'java/io/FileNotFoundException'> (0x00000007bc56ea70) thrown at [C:\jenkins\workspace\8-2-build-windows-x64-cygwin\jdk8u341\2692\hotspot\src\share\vm\prims\jni.cpp, line 710]
Event: 215.232 Thread 0x000001597e3ab000 Exception <a 'java/security/PrivilegedActionException'> (0x00000007b847f000) thrown at [C:\jenkins\workspace\8-2-build-windows-x64-cygwin\jdk8u341\2692\hotspot\src\share\vm\prims\jvm.cpp, line 1523]
Event: 215.232 Thread 0x000001597e3ab000 Exception <a 'java/security/PrivilegedActionException'> (0x00000007b84834c0) thrown at [C:\jenkins\workspace\8-2-build-windows-x64-cygwin\jdk8u341\2692\hotspot\src\share\vm\prims\jvm.cpp, line 1523]
Event: 215.232 Thread 0x000001597e3ab000 Exception <a 'java/security/PrivilegedActionException'> (0x00000007b84836d0) thrown at [C:\jenkins\workspace\8-2-build-windows-x64-cygwin\jdk8u341\2692\hotspot\src\share\vm\prims\jvm.cpp, line 1523]
Event: 216.511 Thread 0x000001593be4b000 Exception <a 'java/lang/IncompatibleClassChangeError': Found class java.lang.Object, but interface was expected> (0x00000007b9793df0) thrown at [C:\jenkins\workspace\8-2-build-windows-x64-cygwin\jdk8u341\2692\hotspot\src\share\vm\interpreter\linkResolver.
Event: 231.656 Thread 0x000001593be4b000 Exception <a 'java/lang/IncompatibleClassChangeError': Found class java.lang.Object, but interface was expected> (0x00000007b8f2a3a0) thrown at [C:\jenkins\workspace\8-2-build-windows-x64-cygwin\jdk8u341\2692\hotspot\src\share\vm\interpreter\linkResolver.
Event: 231.787 Thread 0x000001593be4b000 Exception <a 'sun/nio/fs/WindowsException'> (0x00000007b798f640) thrown at [C:\jenkins\workspace\8-2-build-windows-x64-cygwin\jdk8u341\2692\hotspot\src\share\vm\prims\jni.cpp, line 710]
Event: 231.807 Thread 0x000001593be4b000 Exception <a 'sun/nio/fs/WindowsException'> (0x00000007b7a3f010) thrown at [C:\jenkins\workspace\8-2-build-windows-x64-cygwin\jdk8u341\2692\hotspot\src\share\vm\prims\jni.cpp, line 710]
Event: 231.822 Thread 0x000001593be4b000 Exception <a 'sun/nio/fs/WindowsException'> (0x00000007b7c9dc88) thrown at [C:\jenkins\workspace\8-2-build-windows-x64-cygwin\jdk8u341\2692\hotspot\src\share\vm\prims\jni.cpp, line 710]
Event: 235.636 Thread 0x000001593be4b000 Exception <a 'java/lang/VerifyError': Expecting a stackmap frame at branch target 461
Exception Details:
  Location:
    com/github/alexthe666/iceandfire/entity/EntityDragonBase.breakBlock()V @457: goto
  Reason:
    Expected stackmap frame at this locati

Events (10 events):
Event: 236.134 loading class org/apache/logging/log4j/core/util/DefaultShutdownCallbackRegistry$RegisteredCancellable
Event: 236.134 loading class org/apache/logging/log4j/core/util/DefaultShutdownCallbackRegistry$RegisteredCancellable done
Event: 236.136 Thread 0x000001597e3ad000 Uncommon trap: trap_request=0xffffff65 fr.pc=0x000001593f8297d0
Event: 236.136 Thread 0x000001597e3ad000 DEOPT PACKING pc=0x000001593f8297d0 sp=0x00000029025fec70
Event: 236.137 Thread 0x000001597e3ad000 DEOPT UNPACKING pc=0x000001593d8158c3 sp=0x00000029025fecd0 mode 2
Event: 236.137 Thread 0x000001597e3ad000 Thread exited: 0x000001597e3ad000
Event: 236.143 Thread 0x00000159674ec800 Thread exited: 0x00000159674ec800
Event: 236.155 Thread 0x000001597e3ae000 Thread exited: 0x000001597e3ae000
Event: 236.243 Thread 0x000001597e3af800 Thread exited: 0x000001597e3af800
Event: 236.246 Executing VM operation: Exit


Dynamic libraries:
0x00007ff7ca1a0000 - 0x00007ff7ca1e7000 	C:\Program Files\Java\jre1.8.0_341\bin\java.exe
0x00007ffe2b250000 - 0x00007ffe2b445000 	C:\windows\SYSTEM32\ntdll.dll
0x00007ffe2a2e0000 - 0x00007ffe2a39e000 	C:\windows\System32\KERNEL32.DLL
0x00007ffe28bd0000 - 0x00007ffe28e98000 	C:\windows\System32\KERNELBASE.dll
0x00007ffe292b0000 - 0x00007ffe2935e000 	C:\windows\System32\ADVAPI32.dll
0x00007ffe2ab40000 - 0x00007ffe2abde000 	C:\windows\System32\msvcrt.dll
0x00007ffe29fe0000 - 0x00007ffe2a07c000 	C:\windows\System32\sechost.dll
0x00007ffe2a590000 - 0x00007ffe2a6b5000 	C:\windows\System32\RPCRT4.dll
0x00007ffe2b070000 - 0x00007ffe2b210000 	C:\windows\System32\USER32.dll
0x00007ffe28970000 - 0x00007ffe28992000 	C:\windows\System32\win32u.dll
0x00007ffe2a220000 - 0x00007ffe2a24a000 	C:\windows\System32\GDI32.dll
0x00007ffe290a0000 - 0x00007ffe291ab000 	C:\windows\System32\gdi32full.dll
0x00007ffe28b00000 - 0x00007ffe28b9d000 	C:\windows\System32\msvcp_win.dll
0x00007ffe28fa0000 - 0x00007ffe290a0000 	C:\windows\System32\ucrtbase.dll
0x00007ffe0d110000 - 0x00007ffe0d3aa000 	C:\windows\WinSxS\amd64_microsoft.windows.common-controls_6595b64144ccf1df_6.0.19041.1110_none_60b5254171f9507e\COMCTL32.dll
0x00007ffe29fb0000 - 0x00007ffe29fe0000 	C:\windows\System32\IMM32.DLL
0x00007ffe20b60000 - 0x00007ffe20b75000 	C:\Program Files\Java\jre1.8.0_341\bin\vcruntime140.dll
0x00007ffe11940000 - 0x00007ffe119db000 	C:\Program Files\Java\jre1.8.0_341\bin\msvcp140.dll
0x0000000071df0000 - 0x0000000072651000 	C:\Program Files\Java\jre1.8.0_341\bin\server\jvm.dll
0x00007ffe297d0000 - 0x00007ffe297d8000 	C:\windows\System32\PSAPI.DLL
0x00007ffe23a70000 - 0x00007ffe23a7a000 	C:\windows\SYSTEM32\VERSION.dll
0x00007ffe12de0000 - 0x00007ffe12e07000 	C:\windows\SYSTEM32\WINMM.dll
0x00007ffe24570000 - 0x00007ffe24579000 	C:\windows\SYSTEM32\WSOCK32.dll
0x00007ffe2a870000 - 0x00007ffe2a8db000 	C:\windows\System32\WS2_32.dll
0x00007ffe27490000 - 0x00007ffe274a2000 	C:\windows\SYSTEM32\kernel.appcore.dll
0x00007ffe244a0000 - 0x00007ffe244b0000 	C:\Program Files\Java\jre1.8.0_341\bin\verify.dll
0x00007ffe148d0000 - 0x00007ffe148fb000 	C:\Program Files\Java\jre1.8.0_341\bin\java.dll
0x00007ffe11780000 - 0x00007ffe117b0000 	C:\Program Files\Java\jre1.8.0_341\bin\instrument.dll
0x00007ffe20b20000 - 0x00007ffe20b38000 	C:\Program Files\Java\jre1.8.0_341\bin\zip.dll
0x00007ffe29840000 - 0x00007ffe29f84000 	C:\windows\System32\SHELL32.dll
0x00007ffe26740000 - 0x00007ffe26ed4000 	C:\windows\SYSTEM32\windows.storage.dll
0x00007ffe2ad10000 - 0x00007ffe2b064000 	C:\windows\System32\combase.dll
0x00007ffe28310000 - 0x00007ffe2833c000 	C:\windows\SYSTEM32\Wldp.dll
0x00007ffe2aa90000 - 0x00007ffe2ab3d000 	C:\windows\System32\SHCORE.dll
0x00007ffe2a3a0000 - 0x00007ffe2a3f5000 	C:\windows\System32\shlwapi.dll
0x00007ffe288b0000 - 0x00007ffe288cf000 	C:\windows\SYSTEM32\profapi.dll
0x00007ffe16e50000 - 0x00007ffe16e5d000 	C:\Program Files\Java\jre1.8.0_341\bin\management.dll
0x00007ffe148b0000 - 0x00007ffe148cc000 	C:\Program Files\Java\jre1.8.0_341\bin\net.dll
0x00007ffe28070000 - 0x00007ffe280da000 	C:\windows\system32\mswsock.dll
0x00007ffe15200000 - 0x00007ffe15233000 	C:\Program Files (x86)\Sangfor\SSL\ClientComponent\SangforNspX64.dll
0x00007ffe2abe0000 - 0x00007ffe2ad0a000 	C:\windows\System32\ole32.dll
0x00007ffe2a9c0000 - 0x00007ffe2aa8d000 	C:\windows\System32\OLEAUT32.dll
0x00007ffe20350000 - 0x00007ffe20367000 	C:\windows\system32\napinsp.dll
0x00007ffdfb960000 - 0x00007ffdfb97b000 	C:\windows\system32\pnrpnsp.dll
0x00007ffe22e10000 - 0x00007ffe22e25000 	C:\windows\system32\wshbth.dll
0x00007ffe23e00000 - 0x00007ffe23e1d000 	C:\windows\system32\NLAapi.dll
0x00007ffe27d60000 - 0x00007ffe27d9b000 	C:\windows\SYSTEM32\IPHLPAPI.DLL
0x00007ffe27da0000 - 0x00007ffe27e6b000 	C:\windows\SYSTEM32\DNSAPI.dll
0x00007ffe2a400000 - 0x00007ffe2a408000 	C:\windows\System32\NSI.dll
0x00007ffe20370000 - 0x00007ffe20382000 	C:\windows\System32\winrnr.dll
0x00007ffe16b80000 - 0x00007ffe16b8a000 	C:\Windows\System32\rasadhlp.dll
0x00007ffe16e80000 - 0x00007ffe16eff000 	C:\windows\System32\fwpuclnt.dll
0x00007ffe28ba0000 - 0x00007ffe28bc7000 	C:\windows\System32\bcrypt.dll
0x00007ffe14830000 - 0x00007ffe14843000 	C:\Program Files\Java\jre1.8.0_341\bin\nio.dll
0x00007ffe14800000 - 0x00007ffe14824000 	C:\Program Files\Java\jre1.8.0_341\bin\sunec.dll
0x00007ffe28270000 - 0x00007ffe28288000 	C:\windows\SYSTEM32\CRYPTSP.dll
0x00007ffe279f0000 - 0x00007ffe27a24000 	C:\windows\system32\rsaenh.dll
0x00007ffe28870000 - 0x00007ffe2889e000 	C:\windows\SYSTEM32\USERENV.dll
0x00007ffe28f10000 - 0x00007ffe28f92000 	C:\windows\System32\bcryptprimitives.dll
0x00007ffe28260000 - 0x00007ffe2826c000 	C:\windows\SYSTEM32\CRYPTBASE.dll
0x00007ffe20b40000 - 0x00007ffe20b57000 	C:\windows\SYSTEM32\dhcpcsvc6.DLL
0x00007ffe21680000 - 0x00007ffe2169d000 	C:\windows\SYSTEM32\dhcpcsvc.DLL
0x00007ffe11850000 - 0x00007ffe11868000 	C:\Program Files\Java\jre1.8.0_341\bin\unpack.dll
0x00007ffe27680000 - 0x00007ffe276b3000 	C:\windows\SYSTEM32\ntmarta.dll
0x0000000180000000 - 0x0000000180053000 	F:\mc\1234\.minecraft\versions\gtgt\natives-windows-x86_64\lwjgl64.dll
0x00007ffdfdff0000 - 0x00007ffdfe116000 	C:\windows\SYSTEM32\OPENGL32.dll
0x00007ffdfedd0000 - 0x00007ffdfedfc000 	C:\windows\SYSTEM32\GLU32.dll
0x00007ffe22f00000 - 0x00007ffe22fae000 	C:\windows\SYSTEM32\mscms.dll
0x00007ffe22e50000 - 0x00007ffe22e61000 	C:\windows\SYSTEM32\ColorAdapterClient.dll
0x00007ffe2a080000 - 0x00007ffe2a129000 	C:\windows\System32\clbcatq.dll
0x00007ffdd9f40000 - 0x00007ffdda0d5000 	C:\Program Files\Java\jre1.8.0_341\bin\awt.dll
0x00007ffe25ea0000 - 0x00007ffe25f30000 	C:\windows\SYSTEM32\apphelp.dll
0x00007ffe26080000 - 0x00007ffe2611e000 	C:\windows\system32\uxtheme.dll
0x00007ffe2a410000 - 0x00007ffe2a525000 	C:\windows\System32\MSCTF.dll
0x00007ffe1f200000 - 0x00007ffe1f2f9000 	C:\windows\SYSTEM32\textinputframework.dll
0x00007ffe25830000 - 0x00007ffe25b8e000 	C:\windows\System32\CoreUIComponents.dll
0x00007ffe25b90000 - 0x00007ffe25c82000 	C:\windows\System32\CoreMessaging.dll
0x00007ffe25160000 - 0x00007ffe252b4000 	C:\windows\SYSTEM32\wintypes.dll
0x00007ffdc46e0000 - 0x00007ffdc575c000 	C:\windows\System32\DriverStore\FileRepository\iigd_dch.inf_amd64_bb614eb89871cffc\ig11icd64.dll
0x00007ffe26270000 - 0x00007ffe2629f000 	C:\windows\system32\dwmapi.dll
0x00007ffe27270000 - 0x00007ffe27363000 	C:\windows\system32\dxgi.dll
0x00007ffdcb890000 - 0x00007ffdcbcf4000 	C:\windows\System32\DriverStore\FileRepository\iigd_dch.inf_amd64_bb614eb89871cffc\igdml64.dll
0x00007ffe1aae0000 - 0x00007ffe1ae9d000 	C:\windows\System32\DriverStore\FileRepository\iigd_dch.inf_amd64_bb614eb89871cffc\igdgmm64.dll
0x00007ffe0e9b0000 - 0x00007ffe0e9f3000 	C:\windows\SYSTEM32\icm32.dll
0x00007ffe17520000 - 0x00007ffe1a758000 	C:\windows\System32\DriverStore\FileRepository\iigd_dch.inf_amd64_bb614eb89871cffc\igc64.dll
0x00007ffe287e0000 - 0x00007ffe2882b000 	C:\windows\SYSTEM32\powrprof.dll
0x00007ffe287c0000 - 0x00007ffe287d2000 	C:\windows\SYSTEM32\UMPDC.dll
0x00007ffe0e8b0000 - 0x00007ffe0e8f2000 	C:\Users\admin\AppData\Local\Temp\jna-92668751\jna2102906444424870890.dll
0x00007ffe148a0000 - 0x00007ffe148ad000 	C:\Program Files\Java\jre1.8.0_341\bin\sunmscapi.dll
0x00007ffe289a0000 - 0x00007ffe28af6000 	C:\windows\System32\CRYPT32.dll
0x00007ffe28380000 - 0x00007ffe283a7000 	C:\windows\SYSTEM32\ncrypt.dll
0x00007ffe28340000 - 0x00007ffe2837b000 	C:\windows\SYSTEM32\NTASN1.dll
0x00007ffdfb4c0000 - 0x00007ffdfb509000 	C:\Program Files\Java\jre1.8.0_341\bin\fontmanager.dll
0x00007ffdfb420000 - 0x00007ffdfb463000 	C:\Program Files\Java\jre1.8.0_341\bin\t2k.dll
0x00007ffe1ef60000 - 0x00007ffe1efa3000 	C:\Windows\System32\Windows.Internal.Graphics.Display.DisplayColorManagement.dll
0x00007ffe291b0000 - 0x00007ffe291fe000 	C:\windows\System32\cfgmgr32.dll
0x00007ffe26fb0000 - 0x00007ffe27194000 	C:\windows\SYSTEM32\dbghelp.dll

VM Arguments:
jvm_args: -Dsun.stdout.encoding=GB18030 -Dsun.stderr.encoding=GB18030 -Dminecraft.client.jar=.minecraft\versions\gtgt\gtgt.jar -XX:+UnlockExperimentalVMOptions -XX:+UseG1GC -XX:G1NewSizePercent=20 -XX:G1ReservePercent=20 -XX:MaxGCPauseMillis=50 -XX:G1HeapRegionSize=16m -XX:-UseAdaptiveSizePolicy -XX:-OmitStackTraceInFastThrow -XX:-DontCompileHugeMethods -Xmn128m -Xmx6782m -Dfml.ignoreInvalidMinecraftCertificates=true -Dfml.ignorePatchDiscrepancies=true -Djava.rmi.server.useCodebaseOnly=true -Dcom.sun.jndi.rmi.object.trustURLCodebase=false -Dcom.sun.jndi.cosnaming.object.trustURLCodebase=false -Dlog4j2.formatMsgNoLookups=true -Dlog4j.configurationFile=F:\mc\1234\.minecraft\versions\gtgt\log4j2.xml -XX:HeapDumpPath=MojangTricksIntelDriversForPerformance_javaw.exe_minecraft.exe.heapdump -Djava.library.path=F:\mc\1234\.minecraft\versions\gtgt\natives-windows-x86_64 -Dminecraft.launcher.brand=HMCL -Dminecraft.launcher.version=3.5.3.227 -javaagent:C:\Users\admin\AppData\Roaming\.hmcl\log4j-patch-agent-1.0.jar=false 
java_command: net.minecraft.launchwrapper.Launch --tweakClass net.minecraftforge.fml.common.launcher.FMLTweaker --username kierkking --version gtgt --gameDir F:\mc\1234\.minecraft\versions\gtgt --assetsDir F:\mc\1234\.minecraft\assets --assetIndex 1.12 --uuid 184eb6fa782945b8bfd0ce615a93ac74 --accessToken eyJhbGciOiJIUzI1NiJ9.eyJ4dWlkIjoiMjUzNTQzMjU4Nzk4ODkwMiIsImFnZyI6IkFkdWx0Iiwic3ViIjoiM2Y4Njc3NzItNjU4MC00MWRkLWJkNDktOTYyZGUyMDRkOTYyIiwibmJmIjoxNjcwMTY1NzAzLCJhdXRoIjoiWEJPWCIsInJvbGVzIjpbXSwiaXNzIjoiYXV0aGVudGljYXRpb24iLCJleHAiOjE2NzAyNTIxMDMsImlhdCI6MTY3MDE2NTcwMywicGxhdGZvcm0iOiJVTktOT1dOIiwieXVpZCI6IjFjMzZkMDliZWQ4NWZkNjU1NjExNDk5Mjg3NmZjZTRmIn0.cFe1LJIklznizU8NTQQjes9V2G1Z2Xw6it7_oziueNw --userType mojang --versionType Forge --width 854 --height 480
java_class_path (initial): F:\mc\1234\.minecraft\libraries\net\minecraftforge\forge\1.12.2-14.23.5.2860\forge-1.12.2-14.23.5.2860.jar;F:\mc\1234\.minecraft\libraries\org\ow2\asm\asm-debug-all\5.2\asm-debug-all-5.2.jar;F:\mc\1234\.minecraft\libraries\net\minecraft\launchwrapper\1.12\launchwrapper-1.12.jar;F:\mc\1234\.minecraft\libraries\org\jline\jline\3.5.1\jline-3.5.1.jar;F:\mc\1234\.minecraft\libraries\com\typesafe\akka\akka-actor_2.11\2.3.3\akka-actor_2.11-2.3.3.jar;F:\mc\1234\.minecraft\libraries\com\typesafe\config\1.2.1\config-1.2.1.jar;F:\mc\1234\.minecraft\libraries\org\scala-lang\scala-actors-migration_2.11\1.1.0\scala-actors-migration_2.11-1.1.0.jar;F:\mc\1234\.minecraft\libraries\org\scala-lang\scala-compiler\2.11.1\scala-compiler-2.11.1.jar;F:\mc\1234\.minecraft\libraries\org\scala-lang\plugins\scala-continuations-library_2.11\1.0.2_mc\scala-continuations-library_2.11-1.0.2_mc.jar;F:\mc\1234\.minecraft\libraries\org\scala-lang\plugins\scala-continuations-plugin_2.11.1\1.0.2_mc\scala-continuations-plugin_2.11.1-1.0.2_mc.jar;F:\mc\1234\.minecraft\libraries\org\scala-lang\scala-library\2.11.1\scala-library-2.11.1.jar;F:\mc\1234\.minecraft\libraries\org\scala-lang\scala-parser-combinators_2.11\1.0.1\scala-parser-combinators_2.11-1.0.1.jar;F:\mc\1234\.minecraft\libraries\org\scala-lang\scala-reflect\2.11.1\scala-reflect-2.11.1.jar;F:\mc\1234\.minecraft\libraries\org\scala-lang\scala-swing_2.11\1.0.1\scala-swing_2.11-1.0.1.jar;F:\mc\1234\.minecraft\libraries\org\scala-lang\scala-xml_2.11\1.0.2\scala-xml_2.11-1.0.2.jar;F:\mc\1234\.minecraft\libraries\lzma\lzma\0.0.1\lzma-0.0.1.jar;F:\mc\1234\.minecraft\libraries\java3d\vecmath\1.5.2\vecmath-1.5.2.jar;F:\mc\1234\.minecraft\libraries\net\sf\trove4j\trove4j\3.0.3\trove4j-3.0.3.jar;F:\mc\1234\.minecraft\libraries\org\apache\maven\maven-artifact\3.5.3\maven-artifact-3.5.3.jar;F:\mc\1234\.minecraft\libraries\net\sf\jopt-simple\jopt-simple\5.0.3\jopt-simple-5.0.3.jar;F:\mc\1234\.minecraft\libraries\org\apache\loggin
Launcher Type: SUN_STANDARD

Environment Variables:
JAVA_HOME=C:\Program Files\Java\jre1.8.0_341
PATH=C:\Program Files\Java\jre1.8.0_341\bin;C:\Program Files\Java\jre1.8.0_341\bin;;F:\Microsoft VS Code\bin
USERNAME=admin
OS=Windows_NT
PROCESSOR_IDENTIFIER=Intel64 Family 6 Model 156 Stepping 0, GenuineIntel



---------------  S Y S T E M  ---------------

OS: Windows 10 , 64 bit Build 19041 (10.0.19041.1645)

CPU:total 4 (initial active 4) (4 cores per cpu, 1 threads per core) family 6 model 156 stepping 0, cmov, cx8, fxsr, mmx, sse, sse2, sse3, ssse3, sse4.1, sse4.2, popcnt, aes, clmul, erms, 3dnowpref, tsc, tscinvbit

Memory: 4k page, physical 14449984k(5576820k free), swap 18120000k(4637572k free)

vm_info: Java HotSpot(TM) 64-Bit Server VM (25.341-b10) for windows-amd64 JRE (1.8.0_341-b10), built on Jun 16 2022 15:51:07 by "java_re" with MS VC++ 15.9 (VS2017)

time: Sun Dec  4 23:06:14 2022
timezone: Intel64 Family 6 Model 156 Stepping 0, GenuineIntel
elapsed time: 239.415731 seconds (0d 0h 3m 59s)

