#
# A fatal error has been detected by the Java Runtime Environment:
#
#  EXCEPTION_ACCESS_VIOLATION (0xc0000005) at pc=0x00007ffdca4864da, pid=1400, tid=0x0000000000002614
#
# JRE version: Java(TM) SE Runtime Environment (8.0_333-b02) (build 1.8.0_333-b02)
# Java VM: Java HotSpot(TM) 64-Bit Server VM (25.333-b02 mixed mode windows-amd64 compressed oops)
# Problematic frame:
# C  [ig11icd64.dll+0x5a64da]
#
# Failed to write core dump. Minidumps are not enabled by default on client versions of Windows
#
# If you would like to submit a bug report, please visit:
#   http://bugreport.java.com/bugreport/crash.jsp
#

---------------  T H R E A D  ---------------

Current thread (0x000002637dc84800):  VMThread [stack: 0x000000acbca00000,0x000000acbcb00000] [id=9748]

siginfo: ExceptionCode=0xc0000005, reading address 0x00000000000355f8

Registers:
RAX=0x000002630bb776f8, RBX=0x000002630bb775b0, RCX=0x0000000000000000, RDX=0x0000026309a1f4f0
RSP=0x000000acbcafea70, RBP=0x0000026334cfb300, RSI=0x000002630bb77b78, RDI=0x000002637f613a90
R8 =0x0000000000000014, R9 =0x0000000000000000, R10=0x0000000000000000, R11=0x0000000000000246
R12=0x0000000000000000, R13=0x0000000000000000, R14=0x0000000000000000, R15=0x00007ffdcae90500
RIP=0x00007ffdca4864da, EFLAGS=0x0000000000010202

Top of Stack: (sp=0x000000acbcafea70)
0x000000acbcafea70:   0000026308b71fd0 00cb67fa009a71f8
0x000000acbcafea80:   000000acbcafeab8 0000005400000000
0x000000acbcafea90:   00007ffdcae90580 0000000000000000
0x000000acbcafeaa0:   0000026308eee550 0000000000000090
0x000000acbcafeab0:   0000000000000000 00007ffdca466f8a
0x000000acbcafeac0:   0000026308b71fd0 000002637f613a90
0x000000acbcafead0:   000000acbcafebc0 0000000000007ead
0x000000acbcafeae0:   000000ac001e4b38 0000014300000000
0x000000acbcafeaf0:   0000000000000000 000001a1a6900000
0x000000acbcafeb00:   000002632afb0000 000000acbcafedf9
0x000000acbcafeb10:   000002632afb0000 000002632ae87b08
0x000000acbcafeb20:   000002630000002d 000000000000002d
0x000000acbcafeb30:   000002633806c800 000000000000004b
0x000000acbcafeb40:   0000000000000000 000002632ae87b10
0x000000acbcafeb50:   0000000000000000 0000000000000001
0x000000acbcafeb60:   000002632ae87b00 00000000000000cc 

Instructions: (pc=0x00007ffdca4864da)
0x00007ffdca4864ba:   0f 48 8d 04 c0 48 8d 40 20 48 8d 04 c3 48 85 c0
0x00007ffdca4864ca:   74 0c 48 8b 48 08 eb 08 48 83 c0 08 eb ef 33 c9
0x00007ffdca4864da:   49 3b 8e f8 55 03 00 76 51 48 8b 87 80 02 00 00
0x00007ffdca4864ea:   48 89 06 48 89 9f 80 02 00 00 ff 87 88 02 00 00 


Register to memory mapping:

RAX=0x000002630bb776f8 is an unknown value
RBX=0x000002630bb775b0 is an unknown value
RCX=0x0000000000000000 is an unknown value
RDX=0x0000026309a1f4f0 is an unknown value
RSP=0x000000acbcafea70 is an unknown value
RBP=0x0000026334cfb300 is an unknown value
RSI=0x000002630bb77b78 is an unknown value
RDI=0x000002637f613a90 is an unknown value
R8 =0x0000000000000014 is an unknown value
R9 =0x0000000000000000 is an unknown value
R10=0x0000000000000000 is an unknown value
R11=0x0000000000000246 is an unknown value
R12=0x0000000000000000 is an unknown value
R13=0x0000000000000000 is an unknown value
R14=0x0000000000000000 is an unknown value
R15=0x00007ffdcae90500 is an unknown value


Stack: [0x000000acbca00000,0x000000acbcb00000],  sp=0x000000acbcafea70,  free space=1018k
Native frames: (J=compiled Java code, j=interpreted, Vv=VM code, C=native code)
C  [ig11icd64.dll+0x5a64da]
C  [ig11icd64.dll+0x586f8a]
C  [ig11icd64.dll+0x680e21]
C  [ig11icd64.dll+0x5e59fa]
C  [ig11icd64.dll+0x67d782]
C  [ig11icd64.dll+0x67d91d]
C  [ig11icd64.dll+0x582569]
C  [ig11icd64.dll+0x5823e9]
C  [ig11icd64.dll+0x5374db]
C  [ntdll.dll+0x19a1d]
C  [ntdll.dll+0x5db91]
C  [ntdll.dll+0x5da2d]
C  [KERNEL32.DLL+0x1e0ab]
C  [ucrtbase.dll+0x205bc]
C  [ucrtbase.dll+0x2045f]
V  [jvm.dll+0x20b125]
V  [jvm.dll+0x245fa6]
V  [jvm.dll+0x246507]
V  [jvm.dll+0x244c55]
V  [jvm.dll+0x2453ec]
V  [jvm.dll+0x2456fc]
V  [jvm.dll+0x292edc]
C  [ucrtbase.dll+0x21bb2]
C  [KERNEL32.DLL+0x17034]
C  [ntdll.dll+0x52651]

VM_Operation (0x000000acbbefe680): Exit, mode: safepoint, requested by thread 0x000002635f3cc000


---------------  P R O C E S S  ---------------

Java Threads: ( => current thread )
  0x000002632db26800 JavaThread "AWT-Shutdown" [_thread_blocked, id=12176, stack(0x000000acbef00000,0x000000acbf000000)]
  0x0000026307eb4800 JavaThread "Thread-271" [_thread_blocked, id=1816, stack(0x000000acbeb00000,0x000000acbec00000)]
  0x0000026307eb3000 JavaThread "Thread-270" [_thread_blocked, id=11508, stack(0x000000acbea00000,0x000000acbeb00000)]
  0x0000026307eaa800 JavaThread "File IO Thread" [_thread_blocked, id=4548, stack(0x000000acbbc00000,0x000000acbbd00000)]
  0x0000026307eaf000 JavaThread "Forge Version Check" [_thread_in_native, id=8024, stack(0x000000acbbb00000,0x000000acbbc00000)]
  0x0000026307ea7800 JavaThread "I18n-download-info-Thread" [_thread_blocked, id=10084, stack(0x000000acbe700000,0x000000acbe800000)]
  0x0000026307eac000 JavaThread "Culling Thread" daemon [_thread_blocked, id=9492, stack(0x000000acbde00000,0x000000acbdf00000)]
  0x0000026309bed800 JavaThread "LWJGL Timer" daemon [_thread_blocked, id=8684, stack(0x000000acbdc00000,0x000000acbdd00000)]
  0x0000026309bee000 JavaThread "Thread-6" [_thread_blocked, id=9880, stack(0x000000acbe600000,0x000000acbe700000)]
  0x0000026309be9800 JavaThread "Java2D Disposer" daemon [_thread_blocked, id=5588, stack(0x000000acbda00000,0x000000acbdb00000)]
  0x0000026309bec800 JavaThread "Timer hack thread" daemon [_thread_blocked, id=11644, stack(0x000000acbd900000,0x000000acbda00000)]
  0x00000263074fd800 JavaThread "Snooper Timer" daemon [_thread_blocked, id=12312, stack(0x000000acbd800000,0x000000acbd900000)]
  0x0000026308e7e800 JavaThread "Thread-3" daemon [_thread_in_native, id=11748, stack(0x000000acbd700000,0x000000acbd800000)]
  0x000002637e36a000 JavaThread "Thread-2" daemon [_thread_in_native, id=10592, stack(0x000000acbd600000,0x000000acbd700000)]
  0x000002637e2aa800 JavaThread "Thread-1" daemon [_thread_blocked, id=2812, stack(0x000000acbd500000,0x000000acbd600000)]
  0x000002637e0e6000 JavaThread "Service Thread" daemon [_thread_blocked, id=1520, stack(0x000000acbd300000,0x000000acbd400000)]
  0x000002637e077000 JavaThread "C1 CompilerThread2" daemon [_thread_blocked, id=11744, stack(0x000000acbd200000,0x000000acbd300000)]
  0x000002637dfd3800 JavaThread "C2 CompilerThread1" daemon [_thread_blocked, id=7452, stack(0x000000acbd100000,0x000000acbd200000)]
  0x000002637e114800 JavaThread "C2 CompilerThread0" daemon [_thread_blocked, id=13000, stack(0x000000acbd000000,0x000000acbd100000)]
  0x000002637dd15800 JavaThread "Attach Listener" daemon [_thread_blocked, id=3136, stack(0x000000acbcf00000,0x000000acbd000000)]
  0x000002637dd92000 JavaThread "Signal Dispatcher" daemon [_thread_blocked, id=11704, stack(0x000000acbce00000,0x000000acbcf00000)]
  0x000002637dd91000 JavaThread "Surrogate Locker Thread (Concurrent GC)" daemon [_thread_blocked, id=12724, stack(0x000000acbcd00000,0x000000acbce00000)]
  0x000002637dcd0800 JavaThread "Finalizer" daemon [_thread_blocked, id=12640, stack(0x000000acbcc00000,0x000000acbcd00000)]
  0x000002637dcc8800 JavaThread "Reference Handler" daemon [_thread_blocked, id=6712, stack(0x000000acbcb00000,0x000000acbcc00000)]
  0x000002635f3cc000 JavaThread "Client thread" [_thread_blocked, id=10060, stack(0x000000acbbe00000,0x000000acbbf00000)]

Other Threads:
=>0x000002637dc84800 VMThread [stack: 0x000000acbca00000,0x000000acbcb00000] [id=9748]

VM state:at safepoint (shutting down)

VM Mutex/Monitor currently owned by a thread:  ([mutex/lock_event])
[0x000002635f3cad70] Threads_lock - owner thread: 0x000002637dc84800

heap address: 0x0000000611000000, size: 6896 MB, Compressed Oops mode: Zero based, Oop shift amount: 3
Narrow klass base: 0x0000000000000000, Narrow klass shift: 3
Compressed class space size: 1073741824 Address: 0x00000007c0000000

Heap:
 garbage-first heap   total 7012352K, used 2152333K [0x0000000611000000, 0x0000000612000d60, 0x00000007c0000000)
  region size 16384K, 2 young (32768K), 1 survivors (16384K)
 Metaspace       used 153843K, capacity 157825K, committed 157952K, reserved 1181696K
  class space    used 25107K, capacity 26247K, committed 26368K, reserved 1048576K

Heap Regions: (E=young(eden), S=young(survivor), O=old, HS=humongous(starts), HC=humongous(continues), CS=collection set, F=free, TS=gc time stamp, PTAMS=previous top-at-mark-start, NTAMS=next top-at-mark-start)
AC   0  O    TS     0 PTAMS 0x0000000612000000 NTAMS 0x0000000612000000 space 16384K, 100% used [0x0000000611000000, 0x0000000612000000)
AC   0  O    TS     0 PTAMS 0x0000000613000000 NTAMS 0x0000000613000000 space 16384K, 100% used [0x0000000612000000, 0x0000000613000000)
AC   0  O    TS     0 PTAMS 0x0000000614000000 NTAMS 0x0000000614000000 space 16384K, 100% used [0x0000000613000000, 0x0000000614000000)
AC   0  O    TS   147 PTAMS 0x0000000614000000 NTAMS 0x0000000614000000 space 16384K, 100% used [0x0000000614000000, 0x0000000615000000)
AC   0  O    TS     0 PTAMS 0x0000000616000000 NTAMS 0x0000000616000000 space 16384K, 100% used [0x0000000615000000, 0x0000000616000000)
AC   0  O    TS     0 PTAMS 0x0000000617000000 NTAMS 0x0000000617000000 space 16384K, 100% used [0x0000000616000000, 0x0000000617000000)
AC   0  O    TS     0 PTAMS 0x0000000618000000 NTAMS 0x0000000618000000 space 16384K, 100% used [0x0000000617000000, 0x0000000618000000)
AC   0  O    TS     0 PTAMS 0x0000000619000000 NTAMS 0x0000000619000000 space 16384K, 100% used [0x0000000618000000, 0x0000000619000000)
AC   0  O    TS     0 PTAMS 0x000000061a000000 NTAMS 0x000000061a000000 space 16384K, 100% used [0x0000000619000000, 0x000000061a000000)
AC   0  O    TS     0 PTAMS 0x000000061b000000 NTAMS 0x000000061b000000 space 16384K, 100% used [0x000000061a000000, 0x000000061b000000)
AC   0  O    TS     0 PTAMS 0x000000061c000000 NTAMS 0x000000061c000000 space 16384K, 100% used [0x000000061b000000, 0x000000061c000000)
AC   0  O    TS     0 PTAMS 0x000000061d000000 NTAMS 0x000000061d000000 space 16384K, 100% used [0x000000061c000000, 0x000000061d000000)
AC   0  O    TS     0 PTAMS 0x000000061e000000 NTAMS 0x000000061e000000 space 16384K, 100% used [0x000000061d000000, 0x000000061e000000)
AC   0  O    TS     0 PTAMS 0x000000061f000000 NTAMS 0x000000061f000000 space 16384K, 100% used [0x000000061e000000, 0x000000061f000000)
AC   0  O    TS     0 PTAMS 0x0000000620000000 NTAMS 0x0000000620000000 space 16384K, 100% used [0x000000061f000000, 0x0000000620000000)
AC   0  O    TS     0 PTAMS 0x0000000621000000 NTAMS 0x0000000621000000 space 16384K, 100% used [0x0000000620000000, 0x0000000621000000)
AC   0  O    TS     0 PTAMS 0x0000000622000000 NTAMS 0x0000000622000000 space 16384K, 100% used [0x0000000621000000, 0x0000000622000000)
AC   0  O    TS     0 PTAMS 0x0000000623000000 NTAMS 0x0000000623000000 space 16384K, 100% used [0x0000000622000000, 0x0000000623000000)
AC   0  O    TS     0 PTAMS 0x0000000624000000 NTAMS 0x0000000624000000 space 16384K, 100% used [0x0000000623000000, 0x0000000624000000)
AC   0  O    TS     0 PTAMS 0x0000000625000000 NTAMS 0x0000000625000000 space 16384K, 100% used [0x0000000624000000, 0x0000000625000000)
AC   0  O    TS     0 PTAMS 0x0000000626000000 NTAMS 0x0000000626000000 space 16384K, 100% used [0x0000000625000000, 0x0000000626000000)
AC   0  O    TS     0 PTAMS 0x0000000627000000 NTAMS 0x0000000627000000 space 16384K, 100% used [0x0000000626000000, 0x0000000627000000)
AC   0  O    TS     0 PTAMS 0x0000000628000000 NTAMS 0x0000000628000000 space 16384K, 100% used [0x0000000627000000, 0x0000000628000000)
AC   0  O    TS     0 PTAMS 0x0000000629000000 NTAMS 0x0000000629000000 space 16384K, 100% used [0x0000000628000000, 0x0000000629000000)
AC   0  O    TS     0 PTAMS 0x000000062a000000 NTAMS 0x000000062a000000 space 16384K, 100% used [0x0000000629000000, 0x000000062a000000)
AC   0  O    TS     0 PTAMS 0x000000062b000000 NTAMS 0x000000062b000000 space 16384K, 100% used [0x000000062a000000, 0x000000062b000000)
AC   0  O    TS     0 PTAMS 0x000000062c000000 NTAMS 0x000000062c000000 space 16384K, 100% used [0x000000062b000000, 0x000000062c000000)
AC   0  O    TS     0 PTAMS 0x000000062d000000 NTAMS 0x000000062d000000 space 16384K, 100% used [0x000000062c000000, 0x000000062d000000)
AC   0  O    TS     0 PTAMS 0x000000062e000000 NTAMS 0x000000062e000000 space 16384K, 100% used [0x000000062d000000, 0x000000062e000000)
AC   0  O    TS     5 PTAMS 0x000000062e000000 NTAMS 0x000000062e000000 space 16384K, 100% used [0x000000062e000000, 0x000000062f000000)
AC   0  O    TS     0 PTAMS 0x0000000630000000 NTAMS 0x0000000630000000 space 16384K, 100% used [0x000000062f000000, 0x0000000630000000)
AC   0  O    TS     0 PTAMS 0x0000000631000000 NTAMS 0x0000000631000000 space 16384K, 100% used [0x0000000630000000, 0x0000000631000000)
AC   0  O    TS     0 PTAMS 0x0000000632000000 NTAMS 0x0000000632000000 space 16384K, 100% used [0x0000000631000000, 0x0000000632000000)
AC   0  O    TS     0 PTAMS 0x0000000633000000 NTAMS 0x0000000633000000 space 16384K, 100% used [0x0000000632000000, 0x0000000633000000)
AC   0  O    TS     0 PTAMS 0x0000000634000000 NTAMS 0x0000000634000000 space 16384K, 100% used [0x0000000633000000, 0x0000000634000000)
AC   0  O    TS     0 PTAMS 0x00000006342f8400 NTAMS 0x00000006342f8400 space 16384K, 100% used [0x0000000634000000, 0x0000000635000000)
AC   0  O    TS     0 PTAMS 0x0000000635000000 NTAMS 0x0000000635000000 space 16384K, 100% used [0x0000000635000000, 0x0000000636000000)
AC   0  O    TS     7 PTAMS 0x0000000636000000 NTAMS 0x0000000636000000 space 16384K, 100% used [0x0000000636000000, 0x0000000637000000)
AC   0  O    TS     3 PTAMS 0x0000000637000000 NTAMS 0x0000000637000000 space 16384K, 100% used [0x0000000637000000, 0x0000000638000000)
AC   0  O    TS     9 PTAMS 0x0000000638000000 NTAMS 0x0000000638000000 space 16384K, 100% used [0x0000000638000000, 0x0000000639000000)
AC   0  O    TS    11 PTAMS 0x0000000639000000 NTAMS 0x0000000639000000 space 16384K, 100% used [0x0000000639000000, 0x000000063a000000)
AC   0  O    TS     0 PTAMS 0x000000063b000000 NTAMS 0x000000063b000000 space 16384K, 100% used [0x000000063a000000, 0x000000063b000000)
AC   0  O    TS    11 PTAMS 0x000000063b000000 NTAMS 0x000000063b000000 space 16384K, 100% used [0x000000063b000000, 0x000000063c000000)
AC   0  O    TS    13 PTAMS 0x000000063c000000 NTAMS 0x000000063c000000 space 16384K, 100% used [0x000000063c000000, 0x000000063d000000)
AC   0  O    TS     0 PTAMS 0x000000063e000000 NTAMS 0x000000063e000000 space 16384K, 100% used [0x000000063d000000, 0x000000063e000000)
AC   0  O    TS    15 PTAMS 0x000000063e000000 NTAMS 0x000000063e000000 space 16384K, 100% used [0x000000063e000000, 0x000000063f000000)
AC   0  O    TS    17 PTAMS 0x000000063f000000 NTAMS 0x000000063f000000 space 16384K, 100% used [0x000000063f000000, 0x0000000640000000)
AC   0  O    TS    19 PTAMS 0x0000000640000000 NTAMS 0x0000000640000000 space 16384K, 100% used [0x0000000640000000, 0x0000000641000000)
AC   0  O    TS     0 PTAMS 0x0000000642000000 NTAMS 0x0000000642000000 space 16384K, 100% used [0x0000000641000000, 0x0000000642000000)
AC   0  O    TS     0 PTAMS 0x0000000643000000 NTAMS 0x0000000643000000 space 16384K, 100% used [0x0000000642000000, 0x0000000643000000)
AC   0  O    TS     0 PTAMS 0x0000000643000000 NTAMS 0x0000000643000000 space 16384K, 100% used [0x0000000643000000, 0x0000000644000000)
AC   0  O    TS     0 PTAMS 0x0000000644000000 NTAMS 0x0000000644000000 space 16384K, 100% used [0x0000000644000000, 0x0000000645000000)
AC   0  O    TS     0 PTAMS 0x0000000645000000 NTAMS 0x0000000645000000 space 16384K, 100% used [0x0000000645000000, 0x0000000646000000)
AC   0  O    TS     0 PTAMS 0x0000000646000000 NTAMS 0x0000000646000000 space 16384K, 100% used [0x0000000646000000, 0x0000000647000000)
AC   0  O    TS     0 PTAMS 0x0000000647000000 NTAMS 0x0000000647000000 space 16384K, 100% used [0x0000000647000000, 0x0000000648000000)
AC   0  O    TS     1 PTAMS 0x0000000648000000 NTAMS 0x0000000648000000 space 16384K, 100% used [0x0000000648000000, 0x0000000649000000)
AC   0  O    TS     3 PTAMS 0x0000000649000000 NTAMS 0x0000000649000000 space 16384K, 100% used [0x0000000649000000, 0x000000064a000000)
AC   0  O    TS    19 PTAMS 0x000000064a000000 NTAMS 0x000000064a000000 space 16384K, 100% used [0x000000064a000000, 0x000000064b000000)
AC   0  O    TS     5 PTAMS 0x000000064b000000 NTAMS 0x000000064b000000 space 16384K, 100% used [0x000000064b000000, 0x000000064c000000)
AC   0  O    TS    21 PTAMS 0x000000064c000000 NTAMS 0x000000064c000000 space 16384K, 100% used [0x000000064c000000, 0x000000064d000000)
AC   0  O    TS    23 PTAMS 0x000000064d000000 NTAMS 0x000000064d000000 space 16384K, 100% used [0x000000064d000000, 0x000000064e000000)
AC   0  O    TS    25 PTAMS 0x000000064e000000 NTAMS 0x000000064e000000 space 16384K, 100% used [0x000000064e000000, 0x000000064f000000)
AC   0  O    TS    27 PTAMS 0x000000064f000000 NTAMS 0x000000064f000000 space 16384K, 100% used [0x000000064f000000, 0x0000000650000000)
AC   0  O    TS    27 PTAMS 0x0000000650000000 NTAMS 0x0000000650000000 space 16384K, 100% used [0x0000000650000000, 0x0000000651000000)
AC   0  O    TS    29 PTAMS 0x0000000651000000 NTAMS 0x0000000651000000 space 16384K, 100% used [0x0000000651000000, 0x0000000652000000)
AC   0  O    TS    31 PTAMS 0x0000000652000000 NTAMS 0x0000000652000000 space 16384K, 100% used [0x0000000652000000, 0x0000000653000000)
AC   0  O    TS    33 PTAMS 0x0000000653000000 NTAMS 0x0000000653000000 space 16384K, 100% used [0x0000000653000000, 0x0000000654000000)
AC   0  O    TS    33 PTAMS 0x0000000654000000 NTAMS 0x0000000654000000 space 16384K, 100% used [0x0000000654000000, 0x0000000655000000)
AC   0  O    TS    35 PTAMS 0x0000000655000000 NTAMS 0x0000000655000000 space 16384K, 100% used [0x0000000655000000, 0x0000000656000000)
AC   0  O    TS    37 PTAMS 0x0000000656000000 NTAMS 0x0000000656000000 space 16384K, 100% used [0x0000000656000000, 0x0000000657000000)
AC   0  O    TS    57 PTAMS 0x0000000657000000 NTAMS 0x0000000657000000 space 16384K, 100% used [0x0000000657000000, 0x0000000658000000)
AC   0  O    TS    69 PTAMS 0x0000000658000000 NTAMS 0x0000000658000000 space 16384K, 100% used [0x0000000658000000, 0x0000000659000000)
AC   0  O    TS    89 PTAMS 0x0000000659000000 NTAMS 0x0000000659000000 space 16384K, 100% used [0x0000000659000000, 0x000000065a000000)
AC   0  O    TS   109 PTAMS 0x000000065a000000 NTAMS 0x000000065a000000 space 16384K, 100% used [0x000000065a000000, 0x000000065b000000)
AC   0  O    TS   115 PTAMS 0x000000065b000000 NTAMS 0x000000065b000000 space 16384K, 100% used [0x000000065b000000, 0x000000065c000000)
AC   0  O    TS   131 PTAMS 0x000000065c000000 NTAMS 0x000000065c000000 space 16384K, 100% used [0x000000065c000000, 0x000000065d000000)
AC   0  O    TS   159 PTAMS 0x000000065d000000 NTAMS 0x000000065d000000 space 16384K, 100% used [0x000000065d000000, 0x000000065e000000)
AC   0  O    TS   185 PTAMS 0x000000065e000000 NTAMS 0x000000065e000000 space 16384K, 100% used [0x000000065e000000, 0x000000065f000000)
AC   0  O    TS   191 PTAMS 0x000000065f000000 NTAMS 0x000000065f000000 space 16384K, 100% used [0x000000065f000000, 0x0000000660000000)
AC   0  O    TS   191 PTAMS 0x0000000660000000 NTAMS 0x0000000660000000 space 16384K, 100% used [0x0000000660000000, 0x0000000661000000)
AC   0  O    TS   193 PTAMS 0x0000000661000000 NTAMS 0x0000000661000000 space 16384K, 100% used [0x0000000661000000, 0x0000000662000000)
AC   0  O    TS   205 PTAMS 0x0000000662000000 NTAMS 0x0000000662000000 space 16384K, 100% used [0x0000000662000000, 0x0000000663000000)
AC   0  O    TS   219 PTAMS 0x0000000663000000 NTAMS 0x0000000663000000 space 16384K, 100% used [0x0000000663000000, 0x0000000664000000)
AC   0  O    TS   239 PTAMS 0x0000000664000000 NTAMS 0x0000000664000000 space 16384K, 100% used [0x0000000664000000, 0x0000000665000000)
AC   0  O    TS   247 PTAMS 0x0000000665000000 NTAMS 0x0000000665000000 space 16384K, 100% used [0x0000000665000000, 0x0000000666000000)
AC   0  O    TS   271 PTAMS 0x0000000666000000 NTAMS 0x0000000666000000 space 16384K, 100% used [0x0000000666000000, 0x0000000667000000)
AC   0  O    TS   289 PTAMS 0x0000000667000000 NTAMS 0x0000000667000000 space 16384K, 100% used [0x0000000667000000, 0x0000000668000000)
AC   0  O    TS   299 PTAMS 0x0000000668000000 NTAMS 0x0000000668000000 space 16384K, 100% used [0x0000000668000000, 0x0000000669000000)
AC   0  O    TS   303 PTAMS 0x0000000669000000 NTAMS 0x0000000669000000 space 16384K, 100% used [0x0000000669000000, 0x000000066a000000)
AC   0  O    TS   307 PTAMS 0x000000066a000000 NTAMS 0x000000066a000000 space 16384K, 100% used [0x000000066a000000, 0x000000066b000000)
AC   0  O    TS   313 PTAMS 0x000000066b000000 NTAMS 0x000000066b000000 space 16384K, 100% used [0x000000066b000000, 0x000000066c000000)
AC   0  O    TS   325 PTAMS 0x000000066c000000 NTAMS 0x000000066c000000 space 16384K, 100% used [0x000000066c000000, 0x000000066d000000)
AC   0  O    TS   339 PTAMS 0x000000066d000000 NTAMS 0x000000066d000000 space 16384K, 100% used [0x000000066d000000, 0x000000066e000000)
AC   0  O    TS   353 PTAMS 0x000000066e000000 NTAMS 0x000000066e000000 space 16384K, 100% used [0x000000066e000000, 0x000000066f000000)
AC   0  O    TS   365 PTAMS 0x000000066f000000 NTAMS 0x000000066f000000 space 16384K, 100% used [0x000000066f000000, 0x0000000670000000)
AC   0  O    TS   367 PTAMS 0x0000000670000000 NTAMS 0x0000000670000000 space 16384K, 100% used [0x0000000670000000, 0x0000000671000000)
AC   0  O    TS   369 PTAMS 0x0000000671000000 NTAMS 0x0000000671000000 space 16384K, 100% used [0x0000000671000000, 0x0000000672000000)
AC   0  O    TS   371 PTAMS 0x0000000672000000 NTAMS 0x0000000672000000 space 16384K, 100% used [0x0000000672000000, 0x0000000673000000)
AC   0  O    TS   375 PTAMS 0x0000000673000000 NTAMS 0x0000000673000000 space 16384K, 100% used [0x0000000673000000, 0x0000000674000000)
AC   0  O    TS   381 PTAMS 0x0000000674000000 NTAMS 0x0000000674000000 space 16384K, 100% used [0x0000000674000000, 0x0000000675000000)
AC   0  O    TS   387 PTAMS 0x0000000675000000 NTAMS 0x0000000675000000 space 16384K, 100% used [0x0000000675000000, 0x0000000676000000)
AC   0  O    TS   405 PTAMS 0x0000000676000000 NTAMS 0x0000000676000000 space 16384K, 100% used [0x0000000676000000, 0x0000000677000000)
AC   0  O    TS   409 PTAMS 0x0000000677000000 NTAMS 0x0000000677000000 space 16384K, 100% used [0x0000000677000000, 0x0000000678000000)
AC   0  O    TS   419 PTAMS 0x0000000678000000 NTAMS 0x0000000678000000 space 16384K, 100% used [0x0000000678000000, 0x0000000679000000)
AC   0  O    TS   421 PTAMS 0x0000000679000000 NTAMS 0x0000000679000000 space 16384K, 100% used [0x0000000679000000, 0x000000067a000000)
AC   0  O    TS   425 PTAMS 0x000000067a000000 NTAMS 0x000000067a000000 space 16384K, 100% used [0x000000067a000000, 0x000000067b000000)
AC   0  O    TS   427 PTAMS 0x000000067b000000 NTAMS 0x000000067b000000 space 16384K, 100% used [0x000000067b000000, 0x000000067c000000)
AC   0  O    TS   429 PTAMS 0x000000067c000000 NTAMS 0x000000067c000000 space 16384K, 100% used [0x000000067c000000, 0x000000067d000000)
AC   0  O    TS   431 PTAMS 0x000000067d000000 NTAMS 0x000000067d000000 space 16384K, 100% used [0x000000067d000000, 0x000000067e000000)
AC   0  O    TS   435 PTAMS 0x000000067e000000 NTAMS 0x000000067e000000 space 16384K, 100% used [0x000000067e000000, 0x000000067f000000)
AC   0  O    TS   437 PTAMS 0x000000067f000000 NTAMS 0x000000067f000000 space 16384K, 100% used [0x000000067f000000, 0x0000000680000000)
AC   0  O    TS   441 PTAMS 0x0000000680000000 NTAMS 0x0000000680000000 space 16384K, 100% used [0x0000000680000000, 0x0000000681000000)
AC   0  O    TS   443 PTAMS 0x0000000681000000 NTAMS 0x0000000681000000 space 16384K, 100% used [0x0000000681000000, 0x0000000682000000)
AC   0  O    TS   445 PTAMS 0x0000000682000000 NTAMS 0x0000000682000000 space 16384K, 100% used [0x0000000682000000, 0x0000000683000000)
AC   0  O    TS   449 PTAMS 0x0000000683000000 NTAMS 0x0000000683000000 space 16384K, 100% used [0x0000000683000000, 0x0000000684000000)
AC   0  O    TS   451 PTAMS 0x0000000684000000 NTAMS 0x0000000684000000 space 16384K, 100% used [0x0000000684000000, 0x0000000685000000)
AC   0  O    TS   453 PTAMS 0x0000000685000000 NTAMS 0x0000000685000000 space 16384K, 100% used [0x0000000685000000, 0x0000000686000000)
AC   0  O    TS   455 PTAMS 0x0000000686000000 NTAMS 0x0000000686000000 space 16384K, 100% used [0x0000000686000000, 0x0000000687000000)
AC   0  O    TS   457 PTAMS 0x0000000687000000 NTAMS 0x0000000687000000 space 16384K, 100% used [0x0000000687000000, 0x0000000688000000)
AC   0  O    TS   463 PTAMS 0x0000000688000000 NTAMS 0x0000000688000000 space 16384K, 100% used [0x0000000688000000, 0x0000000689000000)
AC   0  O    TS   465 PTAMS 0x0000000689000000 NTAMS 0x0000000689000000 space 16384K, 100% used [0x0000000689000000, 0x000000068a000000)
AC   0  O    TS   467 PTAMS 0x000000068a000000 NTAMS 0x000000068a000000 space 16384K, 100% used [0x000000068a000000, 0x000000068b000000)
AC   0  O    TS   467 PTAMS 0x000000068b000000 NTAMS 0x000000068b000000 space 16384K, 100% used [0x000000068b000000, 0x000000068c000000)
AC   0  O    TS   469 PTAMS 0x000000068c000000 NTAMS 0x000000068c000000 space 16384K, 100% used [0x000000068c000000, 0x000000068d000000)
AC   0  O    TS   471 PTAMS 0x000000068d000000 NTAMS 0x000000068d000000 space 16384K, 100% used [0x000000068d000000, 0x000000068e000000)
AC   0  O    TS   473 PTAMS 0x000000068e000000 NTAMS 0x000000068e000000 space 16384K, 100% used [0x000000068e000000, 0x000000068f000000)
AC   0  O    TS   473 PTAMS 0x000000068f000000 NTAMS 0x000000068f000000 space 16384K, 100% used [0x000000068f000000, 0x0000000690000000)
AC   0  O    TS   475 PTAMS 0x0000000690000000 NTAMS 0x0000000690000000 space 16384K, 100% used [0x0000000690000000, 0x0000000691000000)
AC   0  O    TS   477 PTAMS 0x0000000691000000 NTAMS 0x0000000691000000 space 16384K, 100% used [0x0000000691000000, 0x0000000692000000)
AC   0  O    TS   477 PTAMS 0x0000000692000000 NTAMS 0x0000000692000000 space 16384K, 100% used [0x0000000692000000, 0x0000000693000000)
AC   0  O    TS   477 PTAMS 0x0000000693000000 NTAMS 0x0000000693000000 space 16384K,  36% used [0x0000000693000000, 0x0000000694000000)
AC   0  F    TS     5 PTAMS 0x0000000694000000 NTAMS 0x0000000694000000 space 16384K,   0% used [0x0000000694000000, 0x0000000695000000)
AC   0  F    TS     5 PTAMS 0x0000000695000000 NTAMS 0x0000000695000000 space 16384K,   0% used [0x0000000695000000, 0x0000000696000000)
AC   0  F    TS     5 PTAMS 0x0000000696000000 NTAMS 0x0000000696000000 space 16384K,   0% used [0x0000000696000000, 0x0000000697000000)
AC   0  F    TS     5 PTAMS 0x0000000697000000 NTAMS 0x0000000697000000 space 16384K,   0% used [0x0000000697000000, 0x0000000698000000)
AC   0  F    TS     5 PTAMS 0x0000000698000000 NTAMS 0x0000000698000000 space 16384K,   0% used [0x0000000698000000, 0x0000000699000000)
AC   0  F    TS     5 PTAMS 0x0000000699000000 NTAMS 0x0000000699000000 space 16384K,   0% used [0x0000000699000000, 0x000000069a000000)
AC   0  F    TS     5 PTAMS 0x000000069a000000 NTAMS 0x000000069a000000 space 16384K,   0% used [0x000000069a000000, 0x000000069b000000)
AC   0  F    TS     5 PTAMS 0x000000069b000000 NTAMS 0x000000069b000000 space 16384K,   0% used [0x000000069b000000, 0x000000069c000000)
AC   0  F    TS     5 PTAMS 0x000000069c000000 NTAMS 0x000000069c000000 space 16384K,   0% used [0x000000069c000000, 0x000000069d000000)
AC   0  F    TS     5 PTAMS 0x000000069d000000 NTAMS 0x000000069d000000 space 16384K,   0% used [0x000000069d000000, 0x000000069e000000)
AC   0  F    TS     5 PTAMS 0x000000069e000000 NTAMS 0x000000069e000000 space 16384K,   0% used [0x000000069e000000, 0x000000069f000000)
AC   0  F    TS     5 PTAMS 0x000000069f000000 NTAMS 0x000000069f000000 space 16384K,   0% used [0x000000069f000000, 0x00000006a0000000)
AC   0  F    TS     5 PTAMS 0x00000006a0000000 NTAMS 0x00000006a0000000 space 16384K,   0% used [0x00000006a0000000, 0x00000006a1000000)
AC   0  F    TS     5 PTAMS 0x00000006a1000000 NTAMS 0x00000006a1000000 space 16384K,   0% used [0x00000006a1000000, 0x00000006a2000000)
AC   0  F    TS     5 PTAMS 0x00000006a2000000 NTAMS 0x00000006a2000000 space 16384K,   0% used [0x00000006a2000000, 0x00000006a3000000)
AC   0  F    TS     5 PTAMS 0x00000006a3000000 NTAMS 0x00000006a3000000 space 16384K,   0% used [0x00000006a3000000, 0x00000006a4000000)
AC   0  F    TS     5 PTAMS 0x00000006a4000000 NTAMS 0x00000006a4000000 space 16384K,   0% used [0x00000006a4000000, 0x00000006a5000000)
AC   0  F    TS     5 PTAMS 0x00000006a5000000 NTAMS 0x00000006a5000000 space 16384K,   0% used [0x00000006a5000000, 0x00000006a6000000)
AC   0  F    TS     5 PTAMS 0x00000006a6000000 NTAMS 0x00000006a6000000 space 16384K,   0% used [0x00000006a6000000, 0x00000006a7000000)
AC   0  F    TS     5 PTAMS 0x00000006a7000000 NTAMS 0x00000006a7000000 space 16384K,   0% used [0x00000006a7000000, 0x00000006a8000000)
AC   0  F    TS     5 PTAMS 0x00000006a8000000 NTAMS 0x00000006a8000000 space 16384K,   0% used [0x00000006a8000000, 0x00000006a9000000)
AC   0  F    TS     5 PTAMS 0x00000006a9000000 NTAMS 0x00000006a9000000 space 16384K,   0% used [0x00000006a9000000, 0x00000006aa000000)
AC   0  F    TS     5 PTAMS 0x00000006aa000000 NTAMS 0x00000006aa000000 space 16384K,   0% used [0x00000006aa000000, 0x00000006ab000000)
AC   0  F    TS     5 PTAMS 0x00000006ab000000 NTAMS 0x00000006ab000000 space 16384K,   0% used [0x00000006ab000000, 0x00000006ac000000)
AC   0  F    TS     5 PTAMS 0x00000006ac000000 NTAMS 0x00000006ac000000 space 16384K,   0% used [0x00000006ac000000, 0x00000006ad000000)
AC   0  F    TS     5 PTAMS 0x00000006ad000000 NTAMS 0x00000006ad000000 space 16384K,   0% used [0x00000006ad000000, 0x00000006ae000000)
AC   0  F    TS     5 PTAMS 0x00000006ae000000 NTAMS 0x00000006ae000000 space 16384K,   0% used [0x00000006ae000000, 0x00000006af000000)
AC   0  F    TS     5 PTAMS 0x00000006af000000 NTAMS 0x00000006af000000 space 16384K,   0% used [0x00000006af000000, 0x00000006b0000000)
AC   0  F    TS     5 PTAMS 0x00000006b0000000 NTAMS 0x00000006b0000000 space 16384K,   0% used [0x00000006b0000000, 0x00000006b1000000)
AC   0  F    TS     5 PTAMS 0x00000006b1000000 NTAMS 0x00000006b1000000 space 16384K,   0% used [0x00000006b1000000, 0x00000006b2000000)
AC   0  F    TS     5 PTAMS 0x00000006b2000000 NTAMS 0x00000006b2000000 space 16384K,   0% used [0x00000006b2000000, 0x00000006b3000000)
AC   0  F    TS     5 PTAMS 0x00000006b3000000 NTAMS 0x00000006b3000000 space 16384K,   0% used [0x00000006b3000000, 0x00000006b4000000)
AC   0  F    TS     5 PTAMS 0x00000006b4000000 NTAMS 0x00000006b4000000 space 16384K,   0% used [0x00000006b4000000, 0x00000006b5000000)
AC   0  F    TS     5 PTAMS 0x00000006b5000000 NTAMS 0x00000006b5000000 space 16384K,   0% used [0x00000006b5000000, 0x00000006b6000000)
AC   0  F    TS     5 PTAMS 0x00000006b6000000 NTAMS 0x00000006b6000000 space 16384K,   0% used [0x00000006b6000000, 0x00000006b7000000)
AC   0  F    TS     5 PTAMS 0x00000006b7000000 NTAMS 0x00000006b7000000 space 16384K,   0% used [0x00000006b7000000, 0x00000006b8000000)
AC   0  F    TS     5 PTAMS 0x00000006b8000000 NTAMS 0x00000006b8000000 space 16384K,   0% used [0x00000006b8000000, 0x00000006b9000000)
AC   0  F    TS     5 PTAMS 0x00000006b9000000 NTAMS 0x00000006b9000000 space 16384K,   0% used [0x00000006b9000000, 0x00000006ba000000)
AC   0  F    TS     5 PTAMS 0x00000006ba000000 NTAMS 0x00000006ba000000 space 16384K,   0% used [0x00000006ba000000, 0x00000006bb000000)
AC   0  F    TS     5 PTAMS 0x00000006bb000000 NTAMS 0x00000006bb000000 space 16384K,   0% used [0x00000006bb000000, 0x00000006bc000000)
AC   0  F    TS     5 PTAMS 0x00000006bc000000 NTAMS 0x00000006bc000000 space 16384K,   0% used [0x00000006bc000000, 0x00000006bd000000)
AC   0  F    TS     5 PTAMS 0x00000006bd000000 NTAMS 0x00000006bd000000 space 16384K,   0% used [0x00000006bd000000, 0x00000006be000000)
AC   0  F    TS     7 PTAMS 0x00000006be000000 NTAMS 0x00000006be000000 space 16384K,   0% used [0x00000006be000000, 0x00000006bf000000)
AC   0  F    TS     5 PTAMS 0x00000006bf000000 NTAMS 0x00000006bf000000 space 16384K,   0% used [0x00000006bf000000, 0x00000006c0000000)
AC   0  F    TS     5 PTAMS 0x00000006c0000000 NTAMS 0x00000006c0000000 space 16384K,   0% used [0x00000006c0000000, 0x00000006c1000000)
AC   0  F    TS     5 PTAMS 0x00000006c1000000 NTAMS 0x00000006c1000000 space 16384K,   0% used [0x00000006c1000000, 0x00000006c2000000)
AC   0  F    TS     5 PTAMS 0x00000006c2000000 NTAMS 0x00000006c2000000 space 16384K,   0% used [0x00000006c2000000, 0x00000006c3000000)
AC   0  F    TS     5 PTAMS 0x00000006c3000000 NTAMS 0x00000006c3000000 space 16384K,   0% used [0x00000006c3000000, 0x00000006c4000000)
AC   0  F    TS     5 PTAMS 0x00000006c4000000 NTAMS 0x00000006c4000000 space 16384K,   0% used [0x00000006c4000000, 0x00000006c5000000)
AC   0  F    TS     5 PTAMS 0x00000006c5000000 NTAMS 0x00000006c5000000 space 16384K,   0% used [0x00000006c5000000, 0x00000006c6000000)
AC   0  F    TS     7 PTAMS 0x00000006c6000000 NTAMS 0x00000006c6000000 space 16384K,   0% used [0x00000006c6000000, 0x00000006c7000000)
AC   0  F    TS     7 PTAMS 0x00000006c7000000 NTAMS 0x00000006c7000000 space 16384K,   0% used [0x00000006c7000000, 0x00000006c8000000)
AC   0  F    TS     7 PTAMS 0x00000006c8000000 NTAMS 0x00000006c8000000 space 16384K,   0% used [0x00000006c8000000, 0x00000006c9000000)
AC   0  F    TS     7 PTAMS 0x00000006c9000000 NTAMS 0x00000006c9000000 space 16384K,   0% used [0x00000006c9000000, 0x00000006ca000000)
AC   0  F    TS     7 PTAMS 0x00000006ca000000 NTAMS 0x00000006ca000000 space 16384K,   0% used [0x00000006ca000000, 0x00000006cb000000)
AC   0  F    TS     7 PTAMS 0x00000006cb000000 NTAMS 0x00000006cb000000 space 16384K,   0% used [0x00000006cb000000, 0x00000006cc000000)
AC   0  F    TS     7 PTAMS 0x00000006cc000000 NTAMS 0x00000006cc000000 space 16384K,   0% used [0x00000006cc000000, 0x00000006cd000000)
AC   0  F    TS     7 PTAMS 0x00000006cd000000 NTAMS 0x00000006cd000000 space 16384K,   0% used [0x00000006cd000000, 0x00000006ce000000)
AC   0  F    TS     7 PTAMS 0x00000006ce000000 NTAMS 0x00000006ce000000 space 16384K,   0% used [0x00000006ce000000, 0x00000006cf000000)
AC   0  F    TS     7 PTAMS 0x00000006cf000000 NTAMS 0x00000006cf000000 space 16384K,   0% used [0x00000006cf000000, 0x00000006d0000000)
AC   0  F    TS     7 PTAMS 0x00000006d0000000 NTAMS 0x00000006d0000000 space 16384K,   0% used [0x00000006d0000000, 0x00000006d1000000)
AC   0  F    TS     7 PTAMS 0x00000006d1000000 NTAMS 0x00000006d1000000 space 16384K,   0% used [0x00000006d1000000, 0x00000006d2000000)
AC   0  F    TS     7 PTAMS 0x00000006d2000000 NTAMS 0x00000006d2000000 space 16384K,   0% used [0x00000006d2000000, 0x00000006d3000000)
AC   0  F    TS     7 PTAMS 0x00000006d3000000 NTAMS 0x00000006d3000000 space 16384K,   0% used [0x00000006d3000000, 0x00000006d4000000)
AC   0  F    TS     7 PTAMS 0x00000006d4000000 NTAMS 0x00000006d4000000 space 16384K,   0% used [0x00000006d4000000, 0x00000006d5000000)
AC   0  F    TS     7 PTAMS 0x00000006d5000000 NTAMS 0x00000006d5000000 space 16384K,   0% used [0x00000006d5000000, 0x00000006d6000000)
AC   0  F    TS     7 PTAMS 0x00000006d6000000 NTAMS 0x00000006d6000000 space 16384K,   0% used [0x00000006d6000000, 0x00000006d7000000)
AC   0  F    TS     7 PTAMS 0x00000006d7000000 NTAMS 0x00000006d7000000 space 16384K,   0% used [0x00000006d7000000, 0x00000006d8000000)
AC   0  F    TS     7 PTAMS 0x00000006d8000000 NTAMS 0x00000006d8000000 space 16384K,   0% used [0x00000006d8000000, 0x00000006d9000000)
AC   0  F    TS     7 PTAMS 0x00000006d9000000 NTAMS 0x00000006d9000000 space 16384K,   0% used [0x00000006d9000000, 0x00000006da000000)
AC   0  F    TS     7 PTAMS 0x00000006da000000 NTAMS 0x00000006da000000 space 16384K,   0% used [0x00000006da000000, 0x00000006db000000)
AC   0  F    TS     7 PTAMS 0x00000006db000000 NTAMS 0x00000006db000000 space 16384K,   0% used [0x00000006db000000, 0x00000006dc000000)
AC   0  F    TS     7 PTAMS 0x00000006dc000000 NTAMS 0x00000006dc000000 space 16384K,   0% used [0x00000006dc000000, 0x00000006dd000000)
AC   0  F    TS     7 PTAMS 0x00000006dd000000 NTAMS 0x00000006dd000000 space 16384K,   0% used [0x00000006dd000000, 0x00000006de000000)
AC   0  F    TS     7 PTAMS 0x00000006de000000 NTAMS 0x00000006de000000 space 16384K,   0% used [0x00000006de000000, 0x00000006df000000)
AC   0  F    TS     7 PTAMS 0x00000006df000000 NTAMS 0x00000006df000000 space 16384K,   0% used [0x00000006df000000, 0x00000006e0000000)
AC   0  F    TS     7 PTAMS 0x00000006e0000000 NTAMS 0x00000006e0000000 space 16384K,   0% used [0x00000006e0000000, 0x00000006e1000000)
AC   0  F    TS     7 PTAMS 0x00000006e1000000 NTAMS 0x00000006e1000000 space 16384K,   0% used [0x00000006e1000000, 0x00000006e2000000)
AC   0  F    TS     7 PTAMS 0x00000006e2000000 NTAMS 0x00000006e2000000 space 16384K,   0% used [0x00000006e2000000, 0x00000006e3000000)
AC   0  F    TS     7 PTAMS 0x00000006e3000000 NTAMS 0x00000006e3000000 space 16384K,   0% used [0x00000006e3000000, 0x00000006e4000000)
AC   0  F    TS     7 PTAMS 0x00000006e4000000 NTAMS 0x00000006e4000000 space 16384K,   0% used [0x00000006e4000000, 0x00000006e5000000)
AC   0  F    TS     7 PTAMS 0x00000006e5000000 NTAMS 0x00000006e5000000 space 16384K,   0% used [0x00000006e5000000, 0x00000006e6000000)
AC   0  F    TS     7 PTAMS 0x00000006e6000000 NTAMS 0x00000006e6000000 space 16384K,   0% used [0x00000006e6000000, 0x00000006e7000000)
AC   0  F    TS     7 PTAMS 0x00000006e7000000 NTAMS 0x00000006e7000000 space 16384K,   0% used [0x00000006e7000000, 0x00000006e8000000)
AC   0  F    TS     7 PTAMS 0x00000006e8000000 NTAMS 0x00000006e8000000 space 16384K,   0% used [0x00000006e8000000, 0x00000006e9000000)
AC   0  F    TS     7 PTAMS 0x00000006e9000000 NTAMS 0x00000006e9000000 space 16384K,   0% used [0x00000006e9000000, 0x00000006ea000000)
AC   0  F    TS     7 PTAMS 0x00000006ea000000 NTAMS 0x00000006ea000000 space 16384K,   0% used [0x00000006ea000000, 0x00000006eb000000)
AC   0  F    TS     7 PTAMS 0x00000006eb000000 NTAMS 0x00000006eb000000 space 16384K,   0% used [0x00000006eb000000, 0x00000006ec000000)
AC   0  F    TS     7 PTAMS 0x00000006ec000000 NTAMS 0x00000006ec000000 space 16384K,   0% used [0x00000006ec000000, 0x00000006ed000000)
AC   0  F    TS     7 PTAMS 0x00000006ed000000 NTAMS 0x00000006ed000000 space 16384K,   0% used [0x00000006ed000000, 0x00000006ee000000)
AC   0  F    TS     7 PTAMS 0x00000006ee000000 NTAMS 0x00000006ee000000 space 16384K,   0% used [0x00000006ee000000, 0x00000006ef000000)
AC   0  F    TS     7 PTAMS 0x00000006ef000000 NTAMS 0x00000006ef000000 space 16384K,   0% used [0x00000006ef000000, 0x00000006f0000000)
AC   0  F    TS     9 PTAMS 0x00000006f0000000 NTAMS 0x00000006f0000000 space 16384K,   0% used [0x00000006f0000000, 0x00000006f1000000)
AC   0  F    TS     7 PTAMS 0x00000006f1000000 NTAMS 0x00000006f1000000 space 16384K,   0% used [0x00000006f1000000, 0x00000006f2000000)
AC   0  F    TS     7 PTAMS 0x00000006f2000000 NTAMS 0x00000006f2000000 space 16384K,   0% used [0x00000006f2000000, 0x00000006f3000000)
AC   0  F    TS     7 PTAMS 0x00000006f3000000 NTAMS 0x00000006f3000000 space 16384K,   0% used [0x00000006f3000000, 0x00000006f4000000)
AC   0  F    TS     7 PTAMS 0x00000006f4000000 NTAMS 0x00000006f4000000 space 16384K,   0% used [0x00000006f4000000, 0x00000006f5000000)
AC   0  F    TS     7 PTAMS 0x00000006f5000000 NTAMS 0x00000006f5000000 space 16384K,   0% used [0x00000006f5000000, 0x00000006f6000000)
AC   0  F    TS     7 PTAMS 0x00000006f6000000 NTAMS 0x00000006f6000000 space 16384K,   0% used [0x00000006f6000000, 0x00000006f7000000)
AC   0  F    TS     7 PTAMS 0x00000006f7000000 NTAMS 0x00000006f7000000 space 16384K,   0% used [0x00000006f7000000, 0x00000006f8000000)
AC   0  F    TS     9 PTAMS 0x00000006f8000000 NTAMS 0x00000006f8000000 space 16384K,   0% used [0x00000006f8000000, 0x00000006f9000000)
AC   0  F    TS     9 PTAMS 0x00000006f9000000 NTAMS 0x00000006f9000000 space 16384K,   0% used [0x00000006f9000000, 0x00000006fa000000)
AC   0  F    TS     9 PTAMS 0x00000006fa000000 NTAMS 0x00000006fa000000 space 16384K,   0% used [0x00000006fa000000, 0x00000006fb000000)
AC   0  F    TS     9 PTAMS 0x00000006fb000000 NTAMS 0x00000006fb000000 space 16384K,   0% used [0x00000006fb000000, 0x00000006fc000000)
AC   0  F    TS     9 PTAMS 0x00000006fc000000 NTAMS 0x00000006fc000000 space 16384K,   0% used [0x00000006fc000000, 0x00000006fd000000)
AC   0  F    TS     9 PTAMS 0x00000006fd000000 NTAMS 0x00000006fd000000 space 16384K,   0% used [0x00000006fd000000, 0x00000006fe000000)
AC   0  F    TS     9 PTAMS 0x00000006fe000000 NTAMS 0x00000006fe000000 space 16384K,   0% used [0x00000006fe000000, 0x00000006ff000000)
AC   0  F    TS     9 PTAMS 0x00000006ff000000 NTAMS 0x00000006ff000000 space 16384K,   0% used [0x00000006ff000000, 0x0000000700000000)
AC   0  F    TS     9 PTAMS 0x0000000700000000 NTAMS 0x0000000700000000 space 16384K,   0% used [0x0000000700000000, 0x0000000701000000)
AC   0  F    TS     9 PTAMS 0x0000000701000000 NTAMS 0x0000000701000000 space 16384K,   0% used [0x0000000701000000, 0x0000000702000000)
AC   0  F    TS     9 PTAMS 0x0000000702000000 NTAMS 0x0000000702000000 space 16384K,   0% used [0x0000000702000000, 0x0000000703000000)
AC   0  F    TS     9 PTAMS 0x0000000703000000 NTAMS 0x0000000703000000 space 16384K,   0% used [0x0000000703000000, 0x0000000704000000)
AC   0  F    TS     9 PTAMS 0x0000000704000000 NTAMS 0x0000000704000000 space 16384K,   0% used [0x0000000704000000, 0x0000000705000000)
AC   0  F    TS     9 PTAMS 0x0000000705000000 NTAMS 0x0000000705000000 space 16384K,   0% used [0x0000000705000000, 0x0000000706000000)
AC   0  F    TS     9 PTAMS 0x0000000706000000 NTAMS 0x0000000706000000 space 16384K,   0% used [0x0000000706000000, 0x0000000707000000)
AC   0  F    TS     9 PTAMS 0x0000000707000000 NTAMS 0x0000000707000000 space 16384K,   0% used [0x0000000707000000, 0x0000000708000000)
AC   0  F    TS     9 PTAMS 0x0000000708000000 NTAMS 0x0000000708000000 space 16384K,   0% used [0x0000000708000000, 0x0000000709000000)
AC   0  F    TS     9 PTAMS 0x0000000709000000 NTAMS 0x0000000709000000 space 16384K,   0% used [0x0000000709000000, 0x000000070a000000)
AC   0  F    TS     9 PTAMS 0x000000070a000000 NTAMS 0x000000070a000000 space 16384K,   0% used [0x000000070a000000, 0x000000070b000000)
AC   0  F    TS     9 PTAMS 0x000000070b000000 NTAMS 0x000000070b000000 space 16384K,   0% used [0x000000070b000000, 0x000000070c000000)
AC   0  F    TS     9 PTAMS 0x000000070c000000 NTAMS 0x000000070c000000 space 16384K,   0% used [0x000000070c000000, 0x000000070d000000)
AC   0  F    TS     9 PTAMS 0x000000070d000000 NTAMS 0x000000070d000000 space 16384K,   0% used [0x000000070d000000, 0x000000070e000000)
AC   0  F    TS     9 PTAMS 0x000000070e000000 NTAMS 0x000000070e000000 space 16384K,   0% used [0x000000070e000000, 0x000000070f000000)
AC   0  F    TS     9 PTAMS 0x000000070f000000 NTAMS 0x000000070f000000 space 16384K,   0% used [0x000000070f000000, 0x0000000710000000)
AC   0  F    TS     9 PTAMS 0x0000000710000000 NTAMS 0x0000000710000000 space 16384K,   0% used [0x0000000710000000, 0x0000000711000000)
AC   0  F    TS     9 PTAMS 0x0000000711000000 NTAMS 0x0000000711000000 space 16384K,   0% used [0x0000000711000000, 0x0000000712000000)
AC   0  F    TS     9 PTAMS 0x0000000712000000 NTAMS 0x0000000712000000 space 16384K,   0% used [0x0000000712000000, 0x0000000713000000)
AC   0  F    TS     9 PTAMS 0x0000000713000000 NTAMS 0x0000000713000000 space 16384K,   0% used [0x0000000713000000, 0x0000000714000000)
AC   0  F    TS     9 PTAMS 0x0000000714000000 NTAMS 0x0000000714000000 space 16384K,   0% used [0x0000000714000000, 0x0000000715000000)
AC   0  F    TS     9 PTAMS 0x0000000715000000 NTAMS 0x0000000715000000 space 16384K,   0% used [0x0000000715000000, 0x0000000716000000)
AC   0  F    TS     9 PTAMS 0x0000000716000000 NTAMS 0x0000000716000000 space 16384K,   0% used [0x0000000716000000, 0x0000000717000000)
AC   0  F    TS     9 PTAMS 0x0000000717000000 NTAMS 0x0000000717000000 space 16384K,   0% used [0x0000000717000000, 0x0000000718000000)
AC   0  F    TS    11 PTAMS 0x0000000718000000 NTAMS 0x0000000718000000 space 16384K,   0% used [0x0000000718000000, 0x0000000719000000)
AC   0  F    TS     9 PTAMS 0x0000000719000000 NTAMS 0x0000000719000000 space 16384K,   0% used [0x0000000719000000, 0x000000071a000000)
AC   0  F    TS     9 PTAMS 0x000000071a000000 NTAMS 0x000000071a000000 space 16384K,   0% used [0x000000071a000000, 0x000000071b000000)
AC   0  F    TS     9 PTAMS 0x000000071b000000 NTAMS 0x000000071b000000 space 16384K,   0% used [0x000000071b000000, 0x000000071c000000)
AC   0  F    TS     9 PTAMS 0x000000071c000000 NTAMS 0x000000071c000000 space 16384K,   0% used [0x000000071c000000, 0x000000071d000000)
AC   0  F    TS     9 PTAMS 0x000000071d000000 NTAMS 0x000000071d000000 space 16384K,   0% used [0x000000071d000000, 0x000000071e000000)
AC   0  F    TS     9 PTAMS 0x000000071e000000 NTAMS 0x000000071e000000 space 16384K,   0% used [0x000000071e000000, 0x000000071f000000)
AC   0  F    TS     9 PTAMS 0x000000071f000000 NTAMS 0x000000071f000000 space 16384K,   0% used [0x000000071f000000, 0x0000000720000000)
AC   0  F    TS    11 PTAMS 0x0000000720000000 NTAMS 0x0000000720000000 space 16384K,   0% used [0x0000000720000000, 0x0000000721000000)
AC   0  F    TS    11 PTAMS 0x0000000721000000 NTAMS 0x0000000721000000 space 16384K,   0% used [0x0000000721000000, 0x0000000722000000)
AC   0  F    TS    11 PTAMS 0x0000000722000000 NTAMS 0x0000000722000000 space 16384K,   0% used [0x0000000722000000, 0x0000000723000000)
AC   0  F    TS    11 PTAMS 0x0000000723000000 NTAMS 0x0000000723000000 space 16384K,   0% used [0x0000000723000000, 0x0000000724000000)
AC   0  F    TS    11 PTAMS 0x0000000724000000 NTAMS 0x0000000724000000 space 16384K,   0% used [0x0000000724000000, 0x0000000725000000)
AC   0  F    TS    11 PTAMS 0x0000000725000000 NTAMS 0x0000000725000000 space 16384K,   0% used [0x0000000725000000, 0x0000000726000000)
AC   0  F    TS    11 PTAMS 0x0000000726000000 NTAMS 0x0000000726000000 space 16384K,   0% used [0x0000000726000000, 0x0000000727000000)
AC   0  F    TS    11 PTAMS 0x0000000727000000 NTAMS 0x0000000727000000 space 16384K,   0% used [0x0000000727000000, 0x0000000728000000)
AC   0  F    TS    11 PTAMS 0x0000000728000000 NTAMS 0x0000000728000000 space 16384K,   0% used [0x0000000728000000, 0x0000000729000000)
AC   0  F    TS    11 PTAMS 0x0000000729000000 NTAMS 0x0000000729000000 space 16384K,   0% used [0x0000000729000000, 0x000000072a000000)
AC   0  F    TS    11 PTAMS 0x000000072a000000 NTAMS 0x000000072a000000 space 16384K,   0% used [0x000000072a000000, 0x000000072b000000)
AC   0  F    TS    11 PTAMS 0x000000072b000000 NTAMS 0x000000072b000000 space 16384K,   0% used [0x000000072b000000, 0x000000072c000000)
AC   0  F    TS    11 PTAMS 0x000000072c000000 NTAMS 0x000000072c000000 space 16384K,   0% used [0x000000072c000000, 0x000000072d000000)
AC   0  F    TS    11 PTAMS 0x000000072d000000 NTAMS 0x000000072d000000 space 16384K,   0% used [0x000000072d000000, 0x000000072e000000)
AC   0  F    TS    11 PTAMS 0x000000072e000000 NTAMS 0x000000072e000000 space 16384K,   0% used [0x000000072e000000, 0x000000072f000000)
AC   0  F    TS    11 PTAMS 0x000000072f000000 NTAMS 0x000000072f000000 space 16384K,   0% used [0x000000072f000000, 0x0000000730000000)
AC   0  F    TS    11 PTAMS 0x0000000730000000 NTAMS 0x0000000730000000 space 16384K,   0% used [0x0000000730000000, 0x0000000731000000)
AC   0  F    TS    11 PTAMS 0x0000000731000000 NTAMS 0x0000000731000000 space 16384K,   0% used [0x0000000731000000, 0x0000000732000000)
AC   0  F    TS    11 PTAMS 0x0000000732000000 NTAMS 0x0000000732000000 space 16384K,   0% used [0x0000000732000000, 0x0000000733000000)
AC   0  F    TS    11 PTAMS 0x0000000733000000 NTAMS 0x0000000733000000 space 16384K,   0% used [0x0000000733000000, 0x0000000734000000)
AC   0  F    TS    11 PTAMS 0x0000000734000000 NTAMS 0x0000000734000000 space 16384K,   0% used [0x0000000734000000, 0x0000000735000000)
AC   0  F    TS    11 PTAMS 0x0000000735000000 NTAMS 0x0000000735000000 space 16384K,   0% used [0x0000000735000000, 0x0000000736000000)
AC   0  F    TS    11 PTAMS 0x0000000736000000 NTAMS 0x0000000736000000 space 16384K,   0% used [0x0000000736000000, 0x0000000737000000)
AC   0  F    TS    11 PTAMS 0x0000000737000000 NTAMS 0x0000000737000000 space 16384K,   0% used [0x0000000737000000, 0x0000000738000000)
AC   0  F    TS    13 PTAMS 0x0000000738000000 NTAMS 0x0000000738000000 space 16384K,   0% used [0x0000000738000000, 0x0000000739000000)
AC   0  F    TS    11 PTAMS 0x0000000739000000 NTAMS 0x0000000739000000 space 16384K,   0% used [0x0000000739000000, 0x000000073a000000)
AC   0  F    TS    11 PTAMS 0x000000073a000000 NTAMS 0x000000073a000000 space 16384K,   0% used [0x000000073a000000, 0x000000073b000000)
AC   0  F    TS    11 PTAMS 0x000000073b000000 NTAMS 0x000000073b000000 space 16384K,   0% used [0x000000073b000000, 0x000000073c000000)
AC   0  F    TS    11 PTAMS 0x000000073c000000 NTAMS 0x000000073c000000 space 16384K,   0% used [0x000000073c000000, 0x000000073d000000)
AC   0  F    TS    11 PTAMS 0x000000073d000000 NTAMS 0x000000073d000000 space 16384K,   0% used [0x000000073d000000, 0x000000073e000000)
AC   0  F    TS    11 PTAMS 0x000000073e000000 NTAMS 0x000000073e000000 space 16384K,   0% used [0x000000073e000000, 0x000000073f000000)
AC   0  F    TS    11 PTAMS 0x000000073f000000 NTAMS 0x000000073f000000 space 16384K,   0% used [0x000000073f000000, 0x0000000740000000)
AC   0  F    TS    13 PTAMS 0x0000000740000000 NTAMS 0x0000000740000000 space 16384K,   0% used [0x0000000740000000, 0x0000000741000000)
AC   0  F    TS    13 PTAMS 0x0000000741000000 NTAMS 0x0000000741000000 space 16384K,   0% used [0x0000000741000000, 0x0000000742000000)
AC   0  F    TS    13 PTAMS 0x0000000742000000 NTAMS 0x0000000742000000 space 16384K,   0% used [0x0000000742000000, 0x0000000743000000)
AC   0  F    TS    13 PTAMS 0x0000000743000000 NTAMS 0x0000000743000000 space 16384K,   0% used [0x0000000743000000, 0x0000000744000000)
AC   0  F    TS    13 PTAMS 0x0000000744000000 NTAMS 0x0000000744000000 space 16384K,   0% used [0x0000000744000000, 0x0000000745000000)
AC   0  F    TS    13 PTAMS 0x0000000745000000 NTAMS 0x0000000745000000 space 16384K,   0% used [0x0000000745000000, 0x0000000746000000)
AC   0  F    TS    13 PTAMS 0x0000000746000000 NTAMS 0x0000000746000000 space 16384K,   0% used [0x0000000746000000, 0x0000000747000000)
AC   0  F    TS    13 PTAMS 0x0000000747000000 NTAMS 0x0000000747000000 space 16384K,   0% used [0x0000000747000000, 0x0000000748000000)
AC   0  F    TS    13 PTAMS 0x0000000748000000 NTAMS 0x0000000748000000 space 16384K,   0% used [0x0000000748000000, 0x0000000749000000)
AC   0  F    TS    13 PTAMS 0x0000000749000000 NTAMS 0x0000000749000000 space 16384K,   0% used [0x0000000749000000, 0x000000074a000000)
AC   0  F    TS    13 PTAMS 0x000000074a000000 NTAMS 0x000000074a000000 space 16384K,   0% used [0x000000074a000000, 0x000000074b000000)
AC   0  F    TS    13 PTAMS 0x000000074b000000 NTAMS 0x000000074b000000 space 16384K,   0% used [0x000000074b000000, 0x000000074c000000)
AC   0  F    TS    13 PTAMS 0x000000074c000000 NTAMS 0x000000074c000000 space 16384K,   0% used [0x000000074c000000, 0x000000074d000000)
AC   0  F    TS    13 PTAMS 0x000000074d000000 NTAMS 0x000000074d000000 space 16384K,   0% used [0x000000074d000000, 0x000000074e000000)
AC   0  F    TS    13 PTAMS 0x000000074e000000 NTAMS 0x000000074e000000 space 16384K,   0% used [0x000000074e000000, 0x000000074f000000)
AC   0  F    TS    13 PTAMS 0x000000074f000000 NTAMS 0x000000074f000000 space 16384K,   0% used [0x000000074f000000, 0x0000000750000000)
AC   0  F    TS    13 PTAMS 0x0000000750000000 NTAMS 0x0000000750000000 space 16384K,   0% used [0x0000000750000000, 0x0000000751000000)
AC   0  F    TS    13 PTAMS 0x0000000751000000 NTAMS 0x0000000751000000 space 16384K,   0% used [0x0000000751000000, 0x0000000752000000)
AC   0  F    TS    15 PTAMS 0x0000000752000000 NTAMS 0x0000000752000000 space 16384K,   0% used [0x0000000752000000, 0x0000000753000000)
AC   0  F    TS    13 PTAMS 0x0000000753000000 NTAMS 0x0000000753000000 space 16384K,   0% used [0x0000000753000000, 0x0000000754000000)
AC   0  F    TS    13 PTAMS 0x0000000754000000 NTAMS 0x0000000754000000 space 16384K,   0% used [0x0000000754000000, 0x0000000755000000)
AC   0  F    TS    13 PTAMS 0x0000000755000000 NTAMS 0x0000000755000000 space 16384K,   0% used [0x0000000755000000, 0x0000000756000000)
AC   0  F    TS    13 PTAMS 0x0000000756000000 NTAMS 0x0000000756000000 space 16384K,   0% used [0x0000000756000000, 0x0000000757000000)
AC   0  F    TS    13 PTAMS 0x0000000757000000 NTAMS 0x0000000757000000 space 16384K,   0% used [0x0000000757000000, 0x0000000758000000)
AC   0  F    TS    13 PTAMS 0x0000000758000000 NTAMS 0x0000000758000000 space 16384K,   0% used [0x0000000758000000, 0x0000000759000000)
AC   0  F    TS    13 PTAMS 0x0000000759000000 NTAMS 0x0000000759000000 space 16384K,   0% used [0x0000000759000000, 0x000000075a000000)
AC   0  F    TS    15 PTAMS 0x000000075a000000 NTAMS 0x000000075a000000 space 16384K,   0% used [0x000000075a000000, 0x000000075b000000)
AC   0  F    TS    15 PTAMS 0x000000075b000000 NTAMS 0x000000075b000000 space 16384K,   0% used [0x000000075b000000, 0x000000075c000000)
AC   0  F    TS    15 PTAMS 0x000000075c000000 NTAMS 0x000000075c000000 space 16384K,   0% used [0x000000075c000000, 0x000000075d000000)
AC   0  F    TS    15 PTAMS 0x000000075d000000 NTAMS 0x000000075d000000 space 16384K,   0% used [0x000000075d000000, 0x000000075e000000)
AC   0  F    TS    15 PTAMS 0x000000075e000000 NTAMS 0x000000075e000000 space 16384K,   0% used [0x000000075e000000, 0x000000075f000000)
AC   0  F    TS    15 PTAMS 0x000000075f000000 NTAMS 0x000000075f000000 space 16384K,   0% used [0x000000075f000000, 0x0000000760000000)
AC   0  F    TS    15 PTAMS 0x0000000760000000 NTAMS 0x0000000760000000 space 16384K,   0% used [0x0000000760000000, 0x0000000761000000)
AC   0  F    TS    15 PTAMS 0x0000000761000000 NTAMS 0x0000000761000000 space 16384K,   0% used [0x0000000761000000, 0x0000000762000000)
AC   0  F    TS    15 PTAMS 0x0000000762000000 NTAMS 0x0000000762000000 space 16384K,   0% used [0x0000000762000000, 0x0000000763000000)
AC   0  F    TS    15 PTAMS 0x0000000763000000 NTAMS 0x0000000763000000 space 16384K,   0% used [0x0000000763000000, 0x0000000764000000)
AC   0  F    TS    15 PTAMS 0x0000000764000000 NTAMS 0x0000000764000000 space 16384K,   0% used [0x0000000764000000, 0x0000000765000000)
AC   0  F    TS    15 PTAMS 0x0000000765000000 NTAMS 0x0000000765000000 space 16384K,   0% used [0x0000000765000000, 0x0000000766000000)
AC   0  F    TS    15 PTAMS 0x0000000766000000 NTAMS 0x0000000766000000 space 16384K,   0% used [0x0000000766000000, 0x0000000767000000)
AC   0  F    TS    17 PTAMS 0x0000000767000000 NTAMS 0x0000000767000000 space 16384K,   0% used [0x0000000767000000, 0x0000000768000000)
AC   0  F    TS    15 PTAMS 0x0000000768000000 NTAMS 0x0000000768000000 space 16384K,   0% used [0x0000000768000000, 0x0000000769000000)
AC   0  F    TS    15 PTAMS 0x0000000769000000 NTAMS 0x0000000769000000 space 16384K,   0% used [0x0000000769000000, 0x000000076a000000)
AC   0  F    TS    15 PTAMS 0x000000076a000000 NTAMS 0x000000076a000000 space 16384K,   0% used [0x000000076a000000, 0x000000076b000000)
AC   0  F    TS    15 PTAMS 0x000000076b000000 NTAMS 0x000000076b000000 space 16384K,   0% used [0x000000076b000000, 0x000000076c000000)
AC   0  F    TS    15 PTAMS 0x000000076c000000 NTAMS 0x000000076c000000 space 16384K,   0% used [0x000000076c000000, 0x000000076d000000)
AC   0  F    TS    15 PTAMS 0x000000076d000000 NTAMS 0x000000076d000000 space 16384K,   0% used [0x000000076d000000, 0x000000076e000000)
AC   0  F    TS    15 PTAMS 0x000000076e000000 NTAMS 0x000000076e000000 space 16384K,   0% used [0x000000076e000000, 0x000000076f000000)
AC   0  F    TS    17 PTAMS 0x000000076f000000 NTAMS 0x000000076f000000 space 16384K,   0% used [0x000000076f000000, 0x0000000770000000)
AC   0  F    TS    17 PTAMS 0x0000000770000000 NTAMS 0x0000000770000000 space 16384K,   0% used [0x0000000770000000, 0x0000000771000000)
AC   0  F    TS    17 PTAMS 0x0000000771000000 NTAMS 0x0000000771000000 space 16384K,   0% used [0x0000000771000000, 0x0000000772000000)
AC   0  F    TS    17 PTAMS 0x0000000772000000 NTAMS 0x0000000772000000 space 16384K,   0% used [0x0000000772000000, 0x0000000773000000)
AC   0  F    TS    17 PTAMS 0x0000000773000000 NTAMS 0x0000000773000000 space 16384K,   0% used [0x0000000773000000, 0x0000000774000000)
AC   0  F    TS    17 PTAMS 0x0000000774000000 NTAMS 0x0000000774000000 space 16384K,   0% used [0x0000000774000000, 0x0000000775000000)
AC   0  F    TS    17 PTAMS 0x0000000775000000 NTAMS 0x0000000775000000 space 16384K,   0% used [0x0000000775000000, 0x0000000776000000)
AC   0  F    TS    17 PTAMS 0x0000000776000000 NTAMS 0x0000000776000000 space 16384K,   0% used [0x0000000776000000, 0x0000000777000000)
AC   0  F    TS    17 PTAMS 0x0000000777000000 NTAMS 0x0000000777000000 space 16384K,   0% used [0x0000000777000000, 0x0000000778000000)
AC   0  F    TS    19 PTAMS 0x0000000778000000 NTAMS 0x0000000778000000 space 16384K,   0% used [0x0000000778000000, 0x0000000779000000)
AC   0  F    TS    17 PTAMS 0x0000000779000000 NTAMS 0x0000000779000000 space 16384K,   0% used [0x0000000779000000, 0x000000077a000000)
AC   0  F    TS    17 PTAMS 0x000000077a000000 NTAMS 0x000000077a000000 space 16384K,   0% used [0x000000077a000000, 0x000000077b000000)
AC   0  F    TS    17 PTAMS 0x000000077b000000 NTAMS 0x000000077b000000 space 16384K,   0% used [0x000000077b000000, 0x000000077c000000)
AC   0  F    TS    17 PTAMS 0x000000077c000000 NTAMS 0x000000077c000000 space 16384K,   0% used [0x000000077c000000, 0x000000077d000000)
AC   0  F    TS    17 PTAMS 0x000000077d000000 NTAMS 0x000000077d000000 space 16384K,   0% used [0x000000077d000000, 0x000000077e000000)
AC   0  F    TS    17 PTAMS 0x000000077e000000 NTAMS 0x000000077e000000 space 16384K,   0% used [0x000000077e000000, 0x000000077f000000)
AC   0  F    TS    17 PTAMS 0x000000077f000000 NTAMS 0x000000077f000000 space 16384K,   0% used [0x000000077f000000, 0x0000000780000000)
AC   0  F    TS    19 PTAMS 0x0000000780000000 NTAMS 0x0000000780000000 space 16384K,   0% used [0x0000000780000000, 0x0000000781000000)
AC   0  F    TS    19 PTAMS 0x0000000781000000 NTAMS 0x0000000781000000 space 16384K,   0% used [0x0000000781000000, 0x0000000782000000)
AC   0  F    TS    19 PTAMS 0x0000000782000000 NTAMS 0x0000000782000000 space 16384K,   0% used [0x0000000782000000, 0x0000000783000000)
AC   0  F    TS    19 PTAMS 0x0000000783000000 NTAMS 0x0000000783000000 space 16384K,   0% used [0x0000000783000000, 0x0000000784000000)
AC   0  F    TS    19 PTAMS 0x0000000784000000 NTAMS 0x0000000784000000 space 16384K,   0% used [0x0000000784000000, 0x0000000785000000)
AC   0  F    TS    21 PTAMS 0x0000000785000000 NTAMS 0x0000000785000000 space 16384K,   0% used [0x0000000785000000, 0x0000000786000000)
AC   0  F    TS    19 PTAMS 0x0000000786000000 NTAMS 0x0000000786000000 space 16384K,   0% used [0x0000000786000000, 0x0000000787000000)
AC   0  F    TS    19 PTAMS 0x0000000787000000 NTAMS 0x0000000787000000 space 16384K,   0% used [0x0000000787000000, 0x0000000788000000)
AC   0  F    TS    19 PTAMS 0x0000000788000000 NTAMS 0x0000000788000000 space 16384K,   0% used [0x0000000788000000, 0x0000000789000000)
AC   0  F    TS    19 PTAMS 0x0000000789000000 NTAMS 0x0000000789000000 space 16384K,   0% used [0x0000000789000000, 0x000000078a000000)
AC   0  F    TS    19 PTAMS 0x000000078a000000 NTAMS 0x000000078a000000 space 16384K,   0% used [0x000000078a000000, 0x000000078b000000)
AC   0  F    TS    19 PTAMS 0x000000078b000000 NTAMS 0x000000078b000000 space 16384K,   0% used [0x000000078b000000, 0x000000078c000000)
AC   0  F    TS    19 PTAMS 0x000000078c000000 NTAMS 0x000000078c000000 space 16384K,   0% used [0x000000078c000000, 0x000000078d000000)
AC   0  F    TS    21 PTAMS 0x000000078d000000 NTAMS 0x000000078d000000 space 16384K,   0% used [0x000000078d000000, 0x000000078e000000)
AC   0  F    TS    21 PTAMS 0x000000078e000000 NTAMS 0x000000078e000000 space 16384K,   0% used [0x000000078e000000, 0x000000078f000000)
AC   0  F    TS    21 PTAMS 0x000000078f000000 NTAMS 0x000000078f000000 space 16384K,   0% used [0x000000078f000000, 0x0000000790000000)
AC   0  F    TS    23 PTAMS 0x0000000790000000 NTAMS 0x0000000790000000 space 16384K,   0% used [0x0000000790000000, 0x0000000791000000)
AC   0  F    TS    21 PTAMS 0x0000000791000000 NTAMS 0x0000000791000000 space 16384K,   0% used [0x0000000791000000, 0x0000000792000000)
AC   0  F    TS    21 PTAMS 0x0000000792000000 NTAMS 0x0000000792000000 space 16384K,   0% used [0x0000000792000000, 0x0000000793000000)
AC   0  F    TS    21 PTAMS 0x0000000793000000 NTAMS 0x0000000793000000 space 16384K,   0% used [0x0000000793000000, 0x0000000794000000)
AC   0  F    TS    21 PTAMS 0x0000000794000000 NTAMS 0x0000000794000000 space 16384K,   0% used [0x0000000794000000, 0x0000000795000000)
AC   0  F    TS    21 PTAMS 0x0000000795000000 NTAMS 0x0000000795000000 space 16384K,   0% used [0x0000000795000000, 0x0000000796000000)
AC   0  F    TS    21 PTAMS 0x0000000796000000 NTAMS 0x0000000796000000 space 16384K,   0% used [0x0000000796000000, 0x0000000797000000)
AC   0  F    TS    21 PTAMS 0x0000000797000000 NTAMS 0x0000000797000000 space 16384K,   0% used [0x0000000797000000, 0x0000000798000000)
AC   0  F    TS    25 PTAMS 0x0000000798000000 NTAMS 0x0000000798000000 space 16384K,   0% used [0x0000000798000000, 0x0000000799000000)
AC   0  F    TS    23 PTAMS 0x0000000799000000 NTAMS 0x0000000799000000 space 16384K,   0% used [0x0000000799000000, 0x000000079a000000)
AC   0  F    TS    23 PTAMS 0x000000079a000000 NTAMS 0x000000079a000000 space 16384K,   0% used [0x000000079a000000, 0x000000079b000000)
AC   0  F    TS    23 PTAMS 0x000000079b000000 NTAMS 0x000000079b000000 space 16384K,   0% used [0x000000079b000000, 0x000000079c000000)
AC   0  F    TS    23 PTAMS 0x000000079c000000 NTAMS 0x000000079c000000 space 16384K,   0% used [0x000000079c000000, 0x000000079d000000)
AC   0  F    TS    23 PTAMS 0x000000079d000000 NTAMS 0x000000079d000000 space 16384K,   0% used [0x000000079d000000, 0x000000079e000000)
AC   0  F    TS    23 PTAMS 0x000000079e000000 NTAMS 0x000000079e000000 space 16384K,   0% used [0x000000079e000000, 0x000000079f000000)
AC   0  F    TS    27 PTAMS 0x000000079f000000 NTAMS 0x000000079f000000 space 16384K,   0% used [0x000000079f000000, 0x00000007a0000000)
AC   0  F    TS    25 PTAMS 0x00000007a0000000 NTAMS 0x00000007a0000000 space 16384K,   0% used [0x00000007a0000000, 0x00000007a1000000)
AC   0  F    TS    25 PTAMS 0x00000007a1000000 NTAMS 0x00000007a1000000 space 16384K,   0% used [0x00000007a1000000, 0x00000007a2000000)
AC   0  F    TS    25 PTAMS 0x00000007a2000000 NTAMS 0x00000007a2000000 space 16384K,   0% used [0x00000007a2000000, 0x00000007a3000000)
AC   0  F    TS    25 PTAMS 0x00000007a3000000 NTAMS 0x00000007a3000000 space 16384K,   0% used [0x00000007a3000000, 0x00000007a4000000)
AC   0  F    TS    29 PTAMS 0x00000007a4000000 NTAMS 0x00000007a4000000 space 16384K,   0% used [0x00000007a4000000, 0x00000007a5000000)
AC   0  F    TS    25 PTAMS 0x00000007a5000000 NTAMS 0x00000007a5000000 space 16384K,   0% used [0x00000007a5000000, 0x00000007a6000000)
AC   0  F    TS    25 PTAMS 0x00000007a6000000 NTAMS 0x00000007a6000000 space 16384K,   0% used [0x00000007a6000000, 0x00000007a7000000)
AC   0  F    TS    27 PTAMS 0x00000007a7000000 NTAMS 0x00000007a7000000 space 16384K,   0% used [0x00000007a7000000, 0x00000007a8000000)
AC   0  F    TS    31 PTAMS 0x00000007a8000000 NTAMS 0x00000007a8000000 space 16384K,   0% used [0x00000007a8000000, 0x00000007a9000000)
AC   0  F    TS    27 PTAMS 0x00000007a9000000 NTAMS 0x00000007a9000000 space 16384K,   0% used [0x00000007a9000000, 0x00000007aa000000)
AC   0  F    TS    27 PTAMS 0x00000007aa000000 NTAMS 0x00000007aa000000 space 16384K,   0% used [0x00000007aa000000, 0x00000007ab000000)
AC   0  F    TS    27 PTAMS 0x00000007ab000000 NTAMS 0x00000007ab000000 space 16384K,   0% used [0x00000007ab000000, 0x00000007ac000000)
AC   0  F    TS    33 PTAMS 0x00000007ac000000 NTAMS 0x00000007ac000000 space 16384K,   0% used [0x00000007ac000000, 0x00000007ad000000)
AC   0  F    TS    29 PTAMS 0x00000007ad000000 NTAMS 0x00000007ad000000 space 16384K,   0% used [0x00000007ad000000, 0x00000007ae000000)
AC   0  F    TS    29 PTAMS 0x00000007ae000000 NTAMS 0x00000007ae000000 space 16384K,   0% used [0x00000007ae000000, 0x00000007af000000)
AC   0  F    TS    35 PTAMS 0x00000007af000000 NTAMS 0x00000007af000000 space 16384K,   0% used [0x00000007af000000, 0x00000007b0000000)
AC   0  F    TS    31 PTAMS 0x00000007b0000000 NTAMS 0x00000007b0000000 space 16384K,   0% used [0x00000007b0000000, 0x00000007b1000000)
AC   0  F    TS    37 PTAMS 0x00000007b1000000 NTAMS 0x00000007b1000000 space 16384K,   0% used [0x00000007b1000000, 0x00000007b2000000)
AC   0  F    TS    31 PTAMS 0x00000007b2000000 NTAMS 0x00000007b2000000 space 16384K,   0% used [0x00000007b2000000, 0x00000007b3000000)
AC   0  F    TS    39 PTAMS 0x00000007b3000000 NTAMS 0x00000007b3000000 space 16384K,   0% used [0x00000007b3000000, 0x00000007b4000000)
AC   0  S CS TS   477 PTAMS 0x00000007b4000000 NTAMS 0x00000007b4000000 space 16384K, 100% used [0x00000007b4000000, 0x00000007b5000000)
AC   0  F    TS   475 PTAMS 0x00000007b5000000 NTAMS 0x00000007b5000000 space 16384K,   0% used [0x00000007b5000000, 0x00000007b6000000)
AC   0  F    TS    33 PTAMS 0x00000007b6000000 NTAMS 0x00000007b6000000 space 16384K,   0% used [0x00000007b6000000, 0x00000007b7000000)
AC   0  F    TS    35 PTAMS 0x00000007b7000000 NTAMS 0x00000007b7000000 space 16384K,   0% used [0x00000007b7000000, 0x00000007b8000000)
AC   0  F    TS    35 PTAMS 0x00000007b8000000 NTAMS 0x00000007b8000000 space 16384K,   0% used [0x00000007b8000000, 0x00000007b9000000)
AC   0  F    TS    37 PTAMS 0x00000007b9000000 NTAMS 0x00000007b9000000 space 16384K,   0% used [0x00000007b9000000, 0x00000007ba000000)
AC   0  F    TS    37 PTAMS 0x00000007ba000000 NTAMS 0x00000007ba000000 space 16384K,   0% used [0x00000007ba000000, 0x00000007bb000000)
AC   0  F    TS    39 PTAMS 0x00000007bb000000 NTAMS 0x00000007bb000000 space 16384K,   0% used [0x00000007bb000000, 0x00000007bc000000)
AC   0  E    TS    41 PTAMS 0x00000007bc000000 NTAMS 0x00000007bc000000 space 16384K,  33% used [0x00000007bc000000, 0x00000007bd000000)

Card table byte_map: [0x0000026371f20000,0x0000026372ca0000] byte_map_base: 0x000002636ee98000

Marking Bits (Prev, Next): (CMBitMap*) 0x000002635f442000, (CMBitMap*) 0x000002635f441fa8
 Prev Bits: [0x0000026300000000, 0x0000026306bc0000)
 Next Bits: [0x0000026373a20000, 0x000002637a5e0000)

Polling page: 0x000002635f2f0000

CodeCache: size=245760Kb used=45091Kb max_used=45106Kb free=200668Kb
 bounds [0x0000026360c20000, 0x0000026363880000, 0x000002636fc20000]
 total_blobs=13267 nmethods=11877 adapters=1302
 compilation: enabled

Compilation events (10 events):
Event: 206.229 Thread 0x000002637e077000 nmethod 17783 0x0000026363857a50 code [0x0000026363857c20, 0x00000263638585a0]
Event: 206.229 Thread 0x000002637e077000 17786       3       org.apache.logging.log4j.core.config.LoggerConfig::requiresLocation (110 bytes)
Event: 206.230 Thread 0x000002637e077000 nmethod 17786 0x000002636385e750 code [0x000002636385e920, 0x000002636385f150]
Event: 206.230 Thread 0x000002637e077000 17784       3       java.util.TreeMap::keyIterator (13 bytes)
Event: 206.230 Thread 0x000002637e077000 nmethod 17784 0x000002636385dd10 code [0x000002636385dea0, 0x000002636385e4b8]
Event: 206.230 Thread 0x000002637e077000 17785       3       java.util.TreeMap$KeyIterator::<init> (12 bytes)
Event: 206.230 Thread 0x000002637e077000 nmethod 17785 0x0000026363857390 code [0x0000026363857500, 0x0000026363857898]
Event: 206.230 Thread 0x000002637e077000 17782       3       javax.management.ObjectName$Property::getKeyString (18 bytes)
Event: 206.230 Thread 0x000002637e077000 nmethod 17782 0x000002636386c0d0 code [0x000002636386c240, 0x000002636386c470]
Event: 206.237 Thread 0x000002637dfd3800 nmethod 17774 0x0000026363870290 code [0x0000026363870420, 0x0000026363871518]

GC Heap History (10 events):
Event: 204.640 GC heap before
{Heap before GC invocations=462 (full 0):
 garbage-first heap   total 7012352K, used 2148854K [0x0000000611000000, 0x0000000612000d60, 0x00000007c0000000)
  region size 16384K, 8 young (131072K), 1 survivors (16384K)
 Metaspace       used 153430K, capacity 157311K, committed 157568K, reserved 1181696K
  class space    used 25058K, capacity 26172K, committed 26240K, reserved 1048576K
Event: 204.670 GC heap after
Heap after GC invocations=463 (full 0):
 garbage-first heap   total 7012352K, used 2058605K [0x0000000611000000, 0x0000000612000d60, 0x00000007c0000000)
  region size 16384K, 1 young (16384K), 1 survivors (16384K)
 Metaspace       used 153430K, capacity 157311K, committed 157568K, reserved 1181696K
  class space    used 25058K, capacity 26172K, committed 26240K, reserved 1048576K
}
Event: 204.979 GC heap before
{Heap before GC invocations=463 (full 0):
 garbage-first heap   total 7012352K, used 2173293K [0x0000000611000000, 0x0000000612000d60, 0x00000007c0000000)
  region size 16384K, 8 young (131072K), 1 survivors (16384K)
 Metaspace       used 153462K, capacity 157379K, committed 157568K, reserved 1181696K
  class space    used 25061K, capacity 26172K, committed 26240K, reserved 1048576K
Event: 205.008 GC heap after
Heap after GC invocations=464 (full 0):
 garbage-first heap   total 7012352K, used 2077661K [0x0000000611000000, 0x0000000612000d60, 0x00000007c0000000)
  region size 16384K, 1 young (16384K), 1 survivors (16384K)
 Metaspace       used 153462K, capacity 157379K, committed 157568K, reserved 1181696K
  class space    used 25061K, capacity 26172K, committed 26240K, reserved 1048576K
}
Event: 205.355 GC heap before
{Heap before GC invocations=464 (full 0):
 garbage-first heap   total 7012352K, used 2192349K [0x0000000611000000, 0x0000000612000d60, 0x00000007c0000000)
  region size 16384K, 8 young (131072K), 1 survivors (16384K)
 Metaspace       used 153479K, capacity 157379K, committed 157568K, reserved 1181696K
  class space    used 25061K, capacity 26172K, committed 26240K, reserved 1048576K
Event: 205.384 GC heap after
Heap after GC invocations=465 (full 0):
 garbage-first heap   total 7012352K, used 2105935K [0x0000000611000000, 0x0000000612000d60, 0x00000007c0000000)
  region size 16384K, 1 young (16384K), 1 survivors (16384K)
 Metaspace       used 153479K, capacity 157379K, committed 157568K, reserved 1181696K
  class space    used 25061K, capacity 26172K, committed 26240K, reserved 1048576K
}
Event: 205.696 GC heap before
{Heap before GC invocations=465 (full 0):
 garbage-first heap   total 7012352K, used 2220623K [0x0000000611000000, 0x0000000612000d60, 0x00000007c0000000)
  region size 16384K, 8 young (131072K), 1 survivors (16384K)
 Metaspace       used 153516K, capacity 157397K, committed 157568K, reserved 1181696K
  class space    used 25066K, capacity 26173K, committed 26240K, reserved 1048576K
Event: 205.727 GC heap after
Heap after GC invocations=466 (full 0):
 garbage-first heap   total 7012352K, used 2125439K [0x0000000611000000, 0x0000000612000d60, 0x00000007c0000000)
  region size 16384K, 1 young (16384K), 1 survivors (16384K)
 Metaspace       used 153516K, capacity 157397K, committed 157568K, reserved 1181696K
  class space    used 25066K, capacity 26173K, committed 26240K, reserved 1048576K
}
Event: 206.182 GC heap before
{Heap before GC invocations=466 (full 0):
 garbage-first heap   total 7012352K, used 2240127K [0x0000000611000000, 0x0000000612000d60, 0x00000007c0000000)
  region size 16384K, 8 young (131072K), 1 survivors (16384K)
 Metaspace       used 153829K, capacity 157819K, committed 157952K, reserved 1181696K
  class space    used 25106K, capacity 26246K, committed 26368K, reserved 1048576K
Event: 206.206 GC heap after
Heap after GC invocations=467 (full 0):
 garbage-first heap   total 7012352K, used 2152333K [0x0000000611000000, 0x0000000612000d60, 0x00000007c0000000)
  region size 16384K, 1 young (16384K), 1 survivors (16384K)
 Metaspace       used 153829K, capacity 157819K, committed 157952K, reserved 1181696K
  class space    used 25106K, capacity 26246K, committed 26368K, reserved 1048576K
}

Deoptimization events (10 events):
Event: 206.086 Thread 0x000002635f3cc000 Uncommon trap: reason=unstable_if action=reinterpret pc=0x0000026361cc2198 method=java.lang.String.concat(Ljava/lang/String;)Ljava/lang/String; @ 4
Event: 206.086 Thread 0x000002635f3cc000 Uncommon trap: reason=unstable_if action=reinterpret pc=0x00000263615149dc method=java.lang.String.concat(Ljava/lang/String;)Ljava/lang/String; @ 4
Event: 206.093 Thread 0x000002635f3cc000 Uncommon trap: reason=bimorphic action=maybe_recompile pc=0x000002636305b1dc method=java.util.ArrayList$ArrayListSpliterator.tryAdvance(Ljava/util/function/Consumer;)Z @ 48
Event: 206.093 Thread 0x000002635f3cc000 Uncommon trap: reason=bimorphic action=maybe_recompile pc=0x000002636305b1dc method=java.util.ArrayList$ArrayListSpliterator.tryAdvance(Ljava/util/function/Consumer;)Z @ 48
Event: 206.093 Thread 0x000002635f3cc000 Uncommon trap: reason=bimorphic action=maybe_recompile pc=0x000002636305b1dc method=java.util.ArrayList$ArrayListSpliterator.tryAdvance(Ljava/util/function/Consumer;)Z @ 48
Event: 206.093 Thread 0x000002635f3cc000 Uncommon trap: reason=bimorphic action=maybe_recompile pc=0x000002636305b1dc method=java.util.ArrayList$ArrayListSpliterator.tryAdvance(Ljava/util/function/Consumer;)Z @ 48
Event: 206.102 Thread 0x000002635f3cc000 Uncommon trap: reason=null_check action=none pc=0x0000026360fad210 method=sun.misc.URLClassPath.check(Ljava/net/URL;)V @ 14
Event: 206.104 Thread 0x000002635f3cc000 Uncommon trap: reason=null_check action=none pc=0x0000026360fad210 method=sun.misc.URLClassPath.check(Ljava/net/URL;)V @ 14
Event: 206.181 Thread 0x000002635f3cc000 Uncommon trap: reason=unstable_if action=reinterpret pc=0x000002636155a110 method=net.minecraftforge.fml.relauncher.FMLSecurityManager.checkPermission(Ljava/security/Permission;)V @ 23
Event: 206.221 Thread 0x000002632db25000 Uncommon trap: reason=unstable_if action=reinterpret pc=0x0000026362fe033c method=org.apache.logging.log4j.core.appender.OutputStreamManager.flushBuffer(Ljava/nio/ByteBuffer;)V @ 9

Classes redefined (0 events):
No events

Internal exceptions (10 events):
Event: 186.069 Thread 0x000002635f3cc000 Exception <a 'java/io/IOException'> (0x00000007bc38e090) thrown at [C:\jenkins\workspace\8-2-build-windows-amd64-cygwin\jdk8u333\2551\hotspot\src\share\vm\prims\jni.cpp, line 710]
Event: 186.070 Thread 0x000002635f3cc000 Exception <a 'java/io/IOException'> (0x00000007bc3be238) thrown at [C:\jenkins\workspace\8-2-build-windows-amd64-cygwin\jdk8u333\2551\hotspot\src\share\vm\prims\jni.cpp, line 710]
Event: 186.071 Thread 0x000002635f3cc000 Exception <a 'java/io/IOException'> (0x00000007bc3cd660) thrown at [C:\jenkins\workspace\8-2-build-windows-amd64-cygwin\jdk8u333\2551\hotspot\src\share\vm\prims\jni.cpp, line 710]
Event: 186.072 Thread 0x000002635f3cc000 Exception <a 'java/io/IOException'> (0x00000007bc3fdd38) thrown at [C:\jenkins\workspace\8-2-build-windows-amd64-cygwin\jdk8u333\2551\hotspot\src\share\vm\prims\jni.cpp, line 710]
Event: 186.073 Thread 0x000002635f3cc000 Exception <a 'java/io/IOException'> (0x00000007bc40d160) thrown at [C:\jenkins\workspace\8-2-build-windows-amd64-cygwin\jdk8u333\2551\hotspot\src\share\vm\prims\jni.cpp, line 710]
Event: 202.222 Thread 0x000002635f3cc000 Exception <a 'java/lang/NoSuchMethodError': java.lang.Object.lambda$makeTexture$0(I)[Lnet/minecraft/client/renderer/texture/TextureAtlasSprite;> (0x00000007b8b3f5a8) thrown at [C:\jenkins\workspace\8-2-build-windows-amd64-cygwin\jdk8u333\2551\hotspot\src\
Event: 202.574 Thread 0x000002635f3cc000 Exception <a 'java/io/IOException'> (0x00000007bc76ad88) thrown at [C:\jenkins\workspace\8-2-build-windows-amd64-cygwin\jdk8u333\2551\hotspot\src\share\vm\prims\jni.cpp, line 710]
Event: 202.575 Thread 0x000002635f3cc000 Exception <a 'java/io/IOException'> (0x00000007bc7785c8) thrown at [C:\jenkins\workspace\8-2-build-windows-amd64-cygwin\jdk8u333\2551\hotspot\src\share\vm\prims\jni.cpp, line 710]
Event: 206.065 Thread 0x000002635f3cc000 Exception <a 'java/lang/ExceptionInInitializerError'> (0x00000007b662c718) thrown at [C:\jenkins\workspace\8-2-build-windows-amd64-cygwin\jdk8u333\2551\hotspot\src\share\vm\oops\instanceKlass.cpp, line 964]
Event: 206.065 Thread 0x000002635f3cc000 Exception <a 'java/lang/ExceptionInInitializerError'> (0x00000007b662c718) thrown at [C:\jenkins\workspace\8-2-build-windows-amd64-cygwin\jdk8u333\2551\hotspot\src\share\vm\oops\instanceKlass.cpp, line 959]

Events (10 events):
Event: 206.213 Thread 0x0000026307eb0800 Thread exited: 0x0000026307eb0800
Event: 206.217 loading class org/apache/logging/log4j/core/util/DefaultShutdownCallbackRegistry$RegisteredCancellable
Event: 206.217 loading class org/apache/logging/log4j/core/util/DefaultShutdownCallbackRegistry$RegisteredCancellable done
Event: 206.221 Thread 0x000002632db25000 Uncommon trap: trap_request=0xffffff65 fr.pc=0x0000026362fe033c
Event: 206.221 Thread 0x000002632db25000 DEOPT PACKING pc=0x0000026362fe033c sp=0x000000acbedff090
Event: 206.221 Thread 0x000002632db25000 DEOPT UNPACKING pc=0x0000026360c658c3 sp=0x000000acbedff080 mode 2
Event: 206.224 Thread 0x000002632db25000 Thread exited: 0x000002632db25000
Event: 206.224 Thread 0x000002632db29800 Thread exited: 0x000002632db29800
Event: 206.312 Thread 0x000002632db2a800 Thread exited: 0x000002632db2a800
Event: 206.316 Executing VM operation: Exit


Dynamic libraries:
0x00007ff75b640000 - 0x00007ff75b687000 	C:\Program Files\Java\jre1.8.0_333\bin\java.exe
0x00007ffe2b250000 - 0x00007ffe2b445000 	C:\windows\SYSTEM32\ntdll.dll
0x00007ffe2a2e0000 - 0x00007ffe2a39e000 	C:\windows\System32\KERNEL32.DLL
0x00007ffe28bd0000 - 0x00007ffe28e98000 	C:\windows\System32\KERNELBASE.dll
0x00007ffe292b0000 - 0x00007ffe2935e000 	C:\windows\System32\ADVAPI32.dll
0x00007ffe2ab40000 - 0x00007ffe2abde000 	C:\windows\System32\msvcrt.dll
0x00007ffe29fe0000 - 0x00007ffe2a07c000 	C:\windows\System32\sechost.dll
0x00007ffe2a590000 - 0x00007ffe2a6b5000 	C:\windows\System32\RPCRT4.dll
0x00007ffe2b070000 - 0x00007ffe2b210000 	C:\windows\System32\USER32.dll
0x00007ffe28970000 - 0x00007ffe28992000 	C:\windows\System32\win32u.dll
0x00007ffe2a220000 - 0x00007ffe2a24a000 	C:\windows\System32\GDI32.dll
0x00007ffe290a0000 - 0x00007ffe291ab000 	C:\windows\System32\gdi32full.dll
0x00007ffe28b00000 - 0x00007ffe28b9d000 	C:\windows\System32\msvcp_win.dll
0x00007ffe28fa0000 - 0x00007ffe290a0000 	C:\windows\System32\ucrtbase.dll
0x00007ffe0d110000 - 0x00007ffe0d3aa000 	C:\windows\WinSxS\amd64_microsoft.windows.common-controls_6595b64144ccf1df_6.0.19041.1110_none_60b5254171f9507e\COMCTL32.dll
0x00007ffe29fb0000 - 0x00007ffe29fe0000 	C:\windows\System32\IMM32.DLL
0x00007ffe110c0000 - 0x00007ffe110d5000 	C:\Program Files\Java\jre1.8.0_333\bin\vcruntime140.dll
0x00007ffdefe50000 - 0x00007ffdefeeb000 	C:\Program Files\Java\jre1.8.0_333\bin\msvcp140.dll
0x0000000071580000 - 0x0000000071de1000 	C:\Program Files\Java\jre1.8.0_333\bin\server\jvm.dll
0x00007ffe297d0000 - 0x00007ffe297d8000 	C:\windows\System32\PSAPI.DLL
0x00007ffe12de0000 - 0x00007ffe12e07000 	C:\windows\SYSTEM32\WINMM.dll
0x00007ffe23a70000 - 0x00007ffe23a7a000 	C:\windows\SYSTEM32\VERSION.dll
0x00007ffe20b30000 - 0x00007ffe20b39000 	C:\windows\SYSTEM32\WSOCK32.dll
0x00007ffe2a870000 - 0x00007ffe2a8db000 	C:\windows\System32\WS2_32.dll
0x00007ffe27490000 - 0x00007ffe274a2000 	C:\windows\SYSTEM32\kernel.appcore.dll
0x00007ffe20b20000 - 0x00007ffe20b30000 	C:\Program Files\Java\jre1.8.0_333\bin\verify.dll
0x00007ffe0e6b0000 - 0x00007ffe0e6db000 	C:\Program Files\Java\jre1.8.0_333\bin\java.dll
0x00007ffe0a6d0000 - 0x00007ffe0a700000 	C:\Program Files\Java\jre1.8.0_333\bin\instrument.dll
0x00007ffe0e5d0000 - 0x00007ffe0e5e8000 	C:\Program Files\Java\jre1.8.0_333\bin\zip.dll
0x00007ffe29840000 - 0x00007ffe29f84000 	C:\windows\System32\SHELL32.dll
0x00007ffe26740000 - 0x00007ffe26ed4000 	C:\windows\SYSTEM32\windows.storage.dll
0x00007ffe2ad10000 - 0x00007ffe2b064000 	C:\windows\System32\combase.dll
0x00007ffe28310000 - 0x00007ffe2833c000 	C:\windows\SYSTEM32\Wldp.dll
0x00007ffe2aa90000 - 0x00007ffe2ab3d000 	C:\windows\System32\SHCORE.dll
0x00007ffe2a3a0000 - 0x00007ffe2a3f5000 	C:\windows\System32\shlwapi.dll
0x00007ffe288b0000 - 0x00007ffe288cf000 	C:\windows\SYSTEM32\profapi.dll
0x00007ffe141f0000 - 0x00007ffe141fd000 	C:\Program Files\Java\jre1.8.0_333\bin\management.dll
0x00007ffe0a130000 - 0x00007ffe0a14c000 	C:\Program Files\Java\jre1.8.0_333\bin\net.dll
0x00007ffe28070000 - 0x00007ffe280da000 	C:\windows\system32\mswsock.dll
0x00007ffe15200000 - 0x00007ffe15233000 	C:\Program Files (x86)\Sangfor\SSL\ClientComponent\SangforNspX64.dll
0x00007ffe2abe0000 - 0x00007ffe2ad0a000 	C:\windows\System32\ole32.dll
0x00007ffe2a9c0000 - 0x00007ffe2aa8d000 	C:\windows\System32\OLEAUT32.dll
0x00007ffe20350000 - 0x00007ffe20367000 	C:\windows\system32\napinsp.dll
0x00007ffdfb960000 - 0x00007ffdfb97b000 	C:\windows\system32\pnrpnsp.dll
0x00007ffe22e10000 - 0x00007ffe22e25000 	C:\windows\system32\wshbth.dll
0x00007ffe23e00000 - 0x00007ffe23e1d000 	C:\windows\system32\NLAapi.dll
0x00007ffe27d60000 - 0x00007ffe27d9b000 	C:\windows\SYSTEM32\IPHLPAPI.DLL
0x00007ffe27da0000 - 0x00007ffe27e6b000 	C:\windows\SYSTEM32\DNSAPI.dll
0x00007ffe2a400000 - 0x00007ffe2a408000 	C:\windows\System32\NSI.dll
0x00007ffe20370000 - 0x00007ffe20382000 	C:\windows\System32\winrnr.dll
0x00007ffe16b80000 - 0x00007ffe16b8a000 	C:\Windows\System32\rasadhlp.dll
0x00007ffe16e80000 - 0x00007ffe16eff000 	C:\windows\System32\fwpuclnt.dll
0x00007ffe28ba0000 - 0x00007ffe28bc7000 	C:\windows\System32\bcrypt.dll
0x00007ffe0a110000 - 0x00007ffe0a123000 	C:\Program Files\Java\jre1.8.0_333\bin\nio.dll
0x00007ffdfca60000 - 0x00007ffdfca84000 	C:\Program Files\Java\jre1.8.0_333\bin\sunec.dll
0x00007ffe28270000 - 0x00007ffe28288000 	C:\windows\SYSTEM32\CRYPTSP.dll
0x00007ffe279f0000 - 0x00007ffe27a24000 	C:\windows\system32\rsaenh.dll
0x00007ffe28870000 - 0x00007ffe2889e000 	C:\windows\SYSTEM32\USERENV.dll
0x00007ffe28f10000 - 0x00007ffe28f92000 	C:\windows\System32\bcryptprimitives.dll
0x00007ffe28260000 - 0x00007ffe2826c000 	C:\windows\SYSTEM32\CRYPTBASE.dll
0x00007ffe20b40000 - 0x00007ffe20b57000 	C:\windows\SYSTEM32\dhcpcsvc6.DLL
0x00007ffe21680000 - 0x00007ffe2169d000 	C:\windows\SYSTEM32\dhcpcsvc.DLL
0x00007ffe03290000 - 0x00007ffe032a8000 	C:\Program Files\Java\jre1.8.0_333\bin\unpack.dll
0x00007ffe27680000 - 0x00007ffe276b3000 	C:\windows\SYSTEM32\ntmarta.dll
0x0000000180000000 - 0x0000000180053000 	F:\mc\1234\.minecraft\versions\gtgt\natives-windows-x86_64\lwjgl64.dll
0x00007ffdfdff0000 - 0x00007ffdfe116000 	C:\windows\SYSTEM32\OPENGL32.dll
0x00007ffdfedd0000 - 0x00007ffdfedfc000 	C:\windows\SYSTEM32\GLU32.dll
0x00007ffdccfa0000 - 0x00007ffdcd135000 	C:\Program Files\Java\jre1.8.0_333\bin\awt.dll
0x00007ffe25ea0000 - 0x00007ffe25f30000 	C:\windows\SYSTEM32\apphelp.dll
0x00007ffe22f00000 - 0x00007ffe22fae000 	C:\windows\SYSTEM32\mscms.dll
0x00007ffe22e50000 - 0x00007ffe22e61000 	C:\windows\SYSTEM32\ColorAdapterClient.dll
0x00007ffe2a080000 - 0x00007ffe2a129000 	C:\windows\System32\clbcatq.dll
0x00007ffe1ef60000 - 0x00007ffe1efa3000 	C:\Windows\System32\Windows.Internal.Graphics.Display.DisplayColorManagement.dll
0x00007ffe291b0000 - 0x00007ffe291fe000 	C:\windows\System32\cfgmgr32.dll
0x00007ffe26080000 - 0x00007ffe2611e000 	C:\windows\system32\uxtheme.dll
0x00007ffe2a410000 - 0x00007ffe2a525000 	C:\windows\System32\MSCTF.dll
0x00007ffe1f200000 - 0x00007ffe1f2f9000 	C:\windows\SYSTEM32\textinputframework.dll
0x00007ffe25830000 - 0x00007ffe25b8e000 	C:\windows\System32\CoreUIComponents.dll
0x00007ffe25b90000 - 0x00007ffe25c82000 	C:\windows\System32\CoreMessaging.dll
0x00007ffe25160000 - 0x00007ffe252b4000 	C:\windows\SYSTEM32\wintypes.dll
0x00007ffdf4d60000 - 0x00007ffdf4fa3000 	C:\windows\system32\SogouTSF.ime
0x00007ffdf9e10000 - 0x00007ffdf9e17000 	C:\windows\system32\MSIMG32.dll
0x00007ffdf3ed0000 - 0x00007ffdf47cf000 	C:\windows\system32\SogouPy.ime
0x00007ffdff370000 - 0x00007ffdff3d6000 	C:\windows\SYSTEM32\OLEACC.dll
0x0000000010000000 - 0x0000000010469000 	C:\Program Files (x86)\SogouInput\12.6.0.6630\Resource.dll
0x00007ffe26270000 - 0x00007ffe2629f000 	C:\windows\SYSTEM32\dwmapi.dll
0x00007ffdf4af0000 - 0x00007ffdf4d5c000 	C:\Program Files (x86)\SogouInput\Components\PicFace\1.1.0.2075\PicFace64.dll
0x00007ffe2a140000 - 0x00007ffe2a21b000 	C:\windows\System32\COMDLG32.dll
0x00007ffe140b0000 - 0x00007ffe1415c000 	C:\windows\SYSTEM32\TextShaping.dll
0x00007ffe21bd0000 - 0x00007ffe21cc7000 	C:\Windows\System32\AppXDeploymentClient.dll
0x00007ffdc9ee0000 - 0x00007ffdcaf5c000 	C:\windows\System32\DriverStore\FileRepository\iigd_dch.inf_amd64_bb614eb89871cffc\ig11icd64.dll
0x00007ffe27270000 - 0x00007ffe27363000 	C:\windows\system32\dxgi.dll
0x00007ffdc9a70000 - 0x00007ffdc9ed4000 	C:\windows\System32\DriverStore\FileRepository\iigd_dch.inf_amd64_bb614eb89871cffc\igdml64.dll
0x00007ffe1aae0000 - 0x00007ffe1ae9d000 	C:\windows\System32\DriverStore\FileRepository\iigd_dch.inf_amd64_bb614eb89871cffc\igdgmm64.dll
0x00007ffe0e5f0000 - 0x00007ffe0e633000 	C:\windows\SYSTEM32\icm32.dll
0x00007ffe17520000 - 0x00007ffe1a758000 	C:\windows\System32\DriverStore\FileRepository\iigd_dch.inf_amd64_bb614eb89871cffc\igc64.dll
0x00007ffe287e0000 - 0x00007ffe2882b000 	C:\windows\SYSTEM32\powrprof.dll
0x00007ffe287c0000 - 0x00007ffe287d2000 	C:\windows\SYSTEM32\UMPDC.dll
0x00007ffdfb470000 - 0x00007ffdfb4b2000 	C:\Users\admin\AppData\Local\Temp\jna-92668751\jna3797643237784255714.dll
0x00007ffe11270000 - 0x00007ffe112b9000 	C:\Program Files\Java\jre1.8.0_333\bin\fontmanager.dll
0x00007ffe0e780000 - 0x00007ffe0e7c3000 	C:\Program Files\Java\jre1.8.0_333\bin\t2k.dll
0x00007ffe244f0000 - 0x00007ffe244fd000 	C:\Program Files\Java\jre1.8.0_333\bin\sunmscapi.dll
0x00007ffe289a0000 - 0x00007ffe28af6000 	C:\windows\System32\CRYPT32.dll
0x00007ffe28380000 - 0x00007ffe283a7000 	C:\windows\SYSTEM32\ncrypt.dll
0x00007ffe28340000 - 0x00007ffe2837b000 	C:\windows\SYSTEM32\NTASN1.dll
0x0000026327390000 - 0x00000263273f4000 	F:\mc\1234\.minecraft\versions\gtgt\natives-windows-x86_64\OpenAL64.dll
0x00007ffe21cd0000 - 0x00007ffe21d55000 	C:\windows\System32\MMDevApi.dll
0x00007ffe28650000 - 0x00007ffe2867c000 	C:\windows\System32\DEVOBJ.dll
0x00007ffdeacd0000 - 0x00007ffdead6c000 	C:\windows\SYSTEM32\dsound.dll
0x00007ffe15130000 - 0x00007ffe15156000 	C:\windows\SYSTEM32\winmmbase.dll
0x00007ffe21fc0000 - 0x00007ffe22142000 	C:\windows\SYSTEM32\AUDIOSES.DLL
0x00007ffe26150000 - 0x00007ffe26164000 	C:\windows\SYSTEM32\resourcepolicyclient.dll
0x00007ffe26fb0000 - 0x00007ffe27194000 	C:\windows\SYSTEM32\dbghelp.dll

VM Arguments:
jvm_args: -Dsun.stdout.encoding=GB18030 -Dsun.stderr.encoding=GB18030 -Dminecraft.client.jar=.minecraft\versions\gtgt\gtgt.jar -XX:+UnlockExperimentalVMOptions -XX:+UseG1GC -XX:G1NewSizePercent=20 -XX:G1ReservePercent=20 -XX:MaxGCPauseMillis=50 -XX:G1HeapRegionSize=16m -XX:-UseAdaptiveSizePolicy -XX:-OmitStackTraceInFastThrow -XX:-DontCompileHugeMethods -Xmn128m -Xmx6895m -Dfml.ignoreInvalidMinecraftCertificates=true -Dfml.ignorePatchDiscrepancies=true -Djava.rmi.server.useCodebaseOnly=true -Dcom.sun.jndi.rmi.object.trustURLCodebase=false -Dcom.sun.jndi.cosnaming.object.trustURLCodebase=false -Dlog4j2.formatMsgNoLookups=true -Dlog4j.configurationFile=F:\mc\1234\.minecraft\versions\gtgt\log4j2.xml -XX:HeapDumpPath=MojangTricksIntelDriversForPerformance_javaw.exe_minecraft.exe.heapdump -Djava.library.path=F:\mc\1234\.minecraft\versions\gtgt\natives-windows-x86_64 -Dminecraft.launcher.brand=HMCL -Dminecraft.launcher.version=3.5.3.227 -javaagent:C:\Users\admin\AppData\Roaming\.hmcl\log4j-patch-agent-1.0.jar=false 
java_command: net.minecraft.launchwrapper.Launch --tweakClass net.minecraftforge.fml.common.launcher.FMLTweaker --username kierkking --version gtgt --gameDir F:\mc\1234\.minecraft\versions\gtgt --assetsDir F:\mc\1234\.minecraft\assets --assetIndex 1.12 --uuid 184eb6fa782945b8bfd0ce615a93ac74 --accessToken eyJhbGciOiJIUzI1NiJ9.eyJ4dWlkIjoiMjUzNTQzMjU4Nzk4ODkwMiIsImFnZyI6IkFkdWx0Iiwic3ViIjoiM2Y4Njc3NzItNjU4MC00MWRkLWJkNDktOTYyZGUyMDRkOTYyIiwibmJmIjoxNjcwMTQwNTA4LCJhdXRoIjoiWEJPWCIsInJvbGVzIjpbXSwiaXNzIjoiYXV0aGVudGljYXRpb24iLCJleHAiOjE2NzAyMjY5MDgsImlhdCI6MTY3MDE0MDUwOCwicGxhdGZvcm0iOiJVTktOT1dOIiwieXVpZCI6IjFjMzZkMDliZWQ4NWZkNjU1NjExNDk5Mjg3NmZjZTRmIn0.VbnFB0RRGuH4AI5IsbRg6sagIUPe9zNu8G0rvjHq_vQ --userType mojang --versionType Forge --width 854 --height 480
java_class_path (initial): F:\mc\1234\.minecraft\libraries\net\minecraftforge\forge\1.12.2-14.23.5.2860\forge-1.12.2-14.23.5.2860.jar;F:\mc\1234\.minecraft\libraries\org\ow2\asm\asm-debug-all\5.2\asm-debug-all-5.2.jar;F:\mc\1234\.minecraft\libraries\net\minecraft\launchwrapper\1.12\launchwrapper-1.12.jar;F:\mc\1234\.minecraft\libraries\org\jline\jline\3.5.1\jline-3.5.1.jar;F:\mc\1234\.minecraft\libraries\com\typesafe\akka\akka-actor_2.11\2.3.3\akka-actor_2.11-2.3.3.jar;F:\mc\1234\.minecraft\libraries\com\typesafe\config\1.2.1\config-1.2.1.jar;F:\mc\1234\.minecraft\libraries\org\scala-lang\scala-actors-migration_2.11\1.1.0\scala-actors-migration_2.11-1.1.0.jar;F:\mc\1234\.minecraft\libraries\org\scala-lang\scala-compiler\2.11.1\scala-compiler-2.11.1.jar;F:\mc\1234\.minecraft\libraries\org\scala-lang\plugins\scala-continuations-library_2.11\1.0.2_mc\scala-continuations-library_2.11-1.0.2_mc.jar;F:\mc\1234\.minecraft\libraries\org\scala-lang\plugins\scala-continuations-plugin_2.11.1\1.0.2_mc\scala-continuations-plugin_2.11.1-1.0.2_mc.jar;F:\mc\1234\.minecraft\libraries\org\scala-lang\scala-library\2.11.1\scala-library-2.11.1.jar;F:\mc\1234\.minecraft\libraries\org\scala-lang\scala-parser-combinators_2.11\1.0.1\scala-parser-combinators_2.11-1.0.1.jar;F:\mc\1234\.minecraft\libraries\org\scala-lang\scala-reflect\2.11.1\scala-reflect-2.11.1.jar;F:\mc\1234\.minecraft\libraries\org\scala-lang\scala-swing_2.11\1.0.1\scala-swing_2.11-1.0.1.jar;F:\mc\1234\.minecraft\libraries\org\scala-lang\scala-xml_2.11\1.0.2\scala-xml_2.11-1.0.2.jar;F:\mc\1234\.minecraft\libraries\lzma\lzma\0.0.1\lzma-0.0.1.jar;F:\mc\1234\.minecraft\libraries\java3d\vecmath\1.5.2\vecmath-1.5.2.jar;F:\mc\1234\.minecraft\libraries\net\sf\trove4j\trove4j\3.0.3\trove4j-3.0.3.jar;F:\mc\1234\.minecraft\libraries\org\apache\maven\maven-artifact\3.5.3\maven-artifact-3.5.3.jar;F:\mc\1234\.minecraft\libraries\net\sf\jopt-simple\jopt-simple\5.0.3\jopt-simple-5.0.3.jar;F:\mc\1234\.minecraft\libraries\org\apache\loggin
Launcher Type: SUN_STANDARD

Environment Variables:
JAVA_HOME=C:\Program Files\Java\jre1.8.0_341
PATH=C:\Program Files\Java\jre1.8.0_341\bin;C:\Program Files\Java\jre1.8.0_341\bin;;F:\Microsoft VS Code\bin
USERNAME=admin
OS=Windows_NT
PROCESSOR_IDENTIFIER=Intel64 Family 6 Model 156 Stepping 0, GenuineIntel



---------------  S Y S T E M  ---------------

OS: Windows 10 , 64 bit Build 19041 (10.0.19041.1645)

CPU:total 4 (initial active 4) (4 cores per cpu, 1 threads per core) family 6 model 156 stepping 0, cmov, cx8, fxsr, mmx, sse, sse2, sse3, ssse3, sse4.1, sse4.2, popcnt, aes, clmul, erms, 3dnowpref, tsc, tscinvbit

Memory: 4k page, physical 14449984k(6066812k free), swap 18120000k(5523648k free)

vm_info: Java HotSpot(TM) 64-Bit Server VM (25.333-b02) for windows-amd64 JRE (1.8.0_333-b02), built on Apr 25 2022 22:49:11 by "java_re" with MS VC++ 15.9 (VS2017)

time: Sun Dec  4 16:00:32 2022
timezone: 
elapsed time: 206.759546 seconds (0d 0h 3m 26s)

